1523356373513	geckodriver	INFO	geckodriver 0.20.0
1523356373525	geckodriver	INFO	Listening on 127.0.0.1:63626
1523356376488	mozrunner::runner	INFO	Running command: "E:\\360Downloads\\firefox.exe" "-marionette" "--disable-gpu" "-profile" "C:\\Users\\ADMINI~1\\AppData\\Local\\Temp\\rust_mozprofile.7dVuWk484wWO"
1523356377922	Marionette	INFO	Enabled via --marionette
1523356380986	Marionette	INFO	Listening on port 63635
1523356381846	Marionette	WARN	TLS certificate errors will be ignored for this session
Unable to read VR Path Registry from C:\Users\Administrator\AppData\Local\openvr\openvrpaths.vrpath
JavaScript warning: http://s3.music.126.net/web/s/core.js?6ada41836c02af3a3635a4a8917375c6, line 94: unreachable code after return statement
JavaScript warning: http://s3.music.126.net/web/s/core.js?6ada41836c02af3a3635a4a8917375c6, line 94: unreachable code after return statement
Unable to read VR Path Registry from C:\Users\Administrator\AppData\Local\openvr\openvrpaths.vrpath
[Parent 9352, Gecko_IOThread] WARNING: pipe error: 109: file z:/build/build/src/ipc/chromium/src/chrome/common/ipc_channel_win.cc, line 346
Unable to read VR Path Registry from C:\Users\Administrator\AppData\Local\openvr\openvrpaths.vrpath
[Child 10152, Chrome_ChildThread] WARNING: pipe error: 109: file z:/build/build/src/ipc/chromium/src/chrome/common/ipc_channel_win.cc, line 346
[Child 10152, Chrome_ChildThread] WARNING: pipe error: 109: file z:/build/build/src/ipc/chromium/src/chrome/common/ipc_channel_win.cc, line 346
[Child 8900, Chrome_ChildThread] WARNING: pipe error: 109: file z:/build/build/src/ipc/chromium/src/chrome/common/ipc_channel_win.cc, line 346
[Child 8900, Chrome_ChildThread] WARNING: pipe error: 109: file z:/build/build/src/ipc/chromium/src/chrome/common/ipc_channel_win.cc, line 346
1523356718269	geckodriver	INFO	geckodriver 0.20.0
1523356718280	geckodriver	INFO	Listening on 127.0.0.1:50327
1523356721224	mozrunner::runner	INFO	Running command: "E:\\360Downloads\\firefox.exe" "-marionette" "--disable-gpu" "-profile" "C:\\Users\\ADMINI~1\\AppData\\Local\\Temp\\rust_mozprofile.ZHuclWjdF1Os"
1523356722844	Marionette	INFO	Enabled via --marionette
1523356725006	Marionette	INFO	Listening on port 50347
1523356725822	Marionette	WARN	TLS certificate errors will be ignored for this session
Unable to read VR Path Registry from C:\Users\Administrator\AppData\Local\openvr\openvrpaths.vrpath
JavaScript warning: http://s3.music.126.net/web/s/core.js?6ada41836c02af3a3635a4a8917375c6, line 94: unreachable code after return statement
JavaScript warning: http://s3.music.126.net/web/s/core.js?6ada41836c02af3a3635a4a8917375c6, line 94: unreachable code after return statement
1523357328872	addons.productaddons	WARN	Failed downloading via XHR, status: 0, reason: error
Unable to read VR Path Registry from C:\Users\Administrator\AppData\Local\openvr\openvrpaths.vrpath
[Parent 9288, Gecko_IOThread] WARNING: pipe error: 109: file z:/build/build/src/ipc/chromium/src/chrome/common/ipc_channel_win.cc, line 346
Unable to read VR Path Registry from C:\Users\Administrator\AppData\Local\openvr\openvrpaths.vrpath
[Child 10184, Chrome_ChildThread] WARNING: pipe error: 109: file z:/build/build/src/ipc/chromium/src/chrome/common/ipc_channel_win.cc, line 346
[Child 7092, Chrome_ChildThread] WARNING: pipe error: 109: file z:/build/build/src/ipc/chromium/src/chrome/common/ipc_channel_win.cc, line 346

###!!! [Child][MessageChannel] Error: (msgtype=0x150001,name=PBrowser::Msg_AsyncMessage) Closed channel: cannot send/recv

JavaScript error: chrome://browser/content/tab-content.js, line 316: NS_ERROR_UNEXPECTED: Component returned failure code: 0x8000ffff (NS_ERROR_UNEXPECTED) [nsIMessageSender.sendAsyncMessage]

###!!! [Child][MessageChannel] Error: (msgtype=0x150001,name=PBrowser::Msg_AsyncMessage) Closed channel: cannot send/recv

JavaScript error: chrome://browser/content/content.js, line 700: NS_ERROR_UNEXPECTED: Component returned failure code: 0x8000ffff (NS_ERROR_UNEXPECTED) [nsIMessageSender.sendAsyncMessage]

###!!! [Child][MessageChannel] Error: (msgtype=0x15002B,name=PBrowser::Msg_SetInputContext) Closed channel: cannot send/recv


###!!! [Parent][MessageChannel] Error: (msgtype=0x15008D,name=PBrowser::Msg_UpdateNativeWindowHandle) Closed channel: cannot send/recv


###!!! [Parent][MessageChannel] Error: (msgtype=0x150080,name=PBrowser::Msg_Destroy) Closed channel: cannot send/recv

[Child 7092, Chrome_ChildThread] WARNING: pipe error: 109: file z:/build/build/src/ipc/chromium/src/chrome/common/ipc_channel_win.cc, line 346
[Parent 9288, Gecko_IOThread] WARNING: pipe error: 109: file z:/build/build/src/ipc/chromium/src/chrome/common/ipc_channel_win.cc, line 346
Unable to read VR Path Registry from C:\Users\Administrator\AppData\Local\openvr\openvrpaths.vrpath
[Child 9936, Chrome_ChildThread] WARNING: pipe error: 109: file z:/build/build/src/ipc/chromium/src/chrome/common/ipc_channel_win.cc, line 346
[Child 9936, Chrome_ChildThread] WARNING: pipe error: 109: file z:/build/build/src/ipc/chromium/src/chrome/common/ipc_channel_win.cc, line 346
1523413840121	geckodriver	INFO	geckodriver 0.20.0
1523413840220	geckodriver	INFO	Listening on 127.0.0.1:61526
1523413843176	mozrunner::runner	INFO	Running command: "E:\\360Downloads\\firefox.exe" "-marionette" "--disable-gpu" "-profile" "C:\\Users\\ADMINI~1\\AppData\\Local\\Temp\\rust_mozprofile.9uK8JbGeWpyp"
1523413848016	Marionette	INFO	Enabled via --marionette
1523413854358	Marionette	INFO	Listening on port 61535
1523413856654	Marionette	WARN	TLS certificate errors will be ignored for this session
Unable to read VR Path Registry from C:\Users\Administrator\AppData\Local\openvr\openvrpaths.vrpath
JavaScript warning: http://s3.music.126.net/web/s/core.js?6ada41836c02af3a3635a4a8917375c6, line 94: unreachable code after return statement
JavaScript warning: http://s3.music.126.net/web/s/core.js?6ada41836c02af3a3635a4a8917375c6, line 94: unreachable code after return statement
[Child 7252, Chrome_ChildThread] WARNING: pipe error: 109: file z:/build/build/src/ipc/chromium/src/chrome/common/ipc_channel_win.cc, line 346
[Child 7252, Chrome_ChildThread] WARNING: pipe error: 109: file z:/build/build/src/ipc/chromium/src/chrome/common/ipc_channel_win.cc, line 346
Unable to read VR Path Registry from C:\Users\Administrator\AppData\Local\openvr\openvrpaths.vrpath
[Parent 6448, Gecko_IOThread] WARNING: pipe error: 109: file z:/build/build/src/ipc/chromium/src/chrome/common/ipc_channel_win.cc, line 346
Unable to read VR Path Registry from C:\Users\Administrator\AppData\Local\openvr\openvrpaths.vrpath
[Child 7568, Chrome_ChildThread] WARNING: pipe error: 109: file z:/build/build/src/ipc/chromium/src/chrome/common/ipc_channel_win.cc, line 346
Unable to read VR Path Registry from C:\Users\Administrator\AppData\Local\openvr\openvrpaths.vrpath
[Child 6572, Chrome_ChildThread] WARNING: pipe error: 109: file z:/build/build/src/ipc/chromium/src/chrome/common/ipc_channel_win.cc, line 346
[Child 6572, Chrome_ChildThread] WARNING: pipe error: 109: file z:/build/build/src/ipc/chromium/src/chrome/common/ipc_channel_win.cc, line 346
1523414029568	geckodriver	INFO	geckodriver 0.20.0
1523414029580	geckodriver	INFO	Listening on 127.0.0.1:61799
1523414032604	mozrunner::runner	INFO	Running command: "E:\\360Downloads\\firefox.exe" "-marionette" "--disable-gpu" "-profile" "C:\\Users\\ADMINI~1\\AppData\\Local\\Temp\\rust_mozprofile.KpTUd2MEJc0q"
1523414033638	Marionette	INFO	Enabled via --marionette
1523414035554	Marionette	INFO	Listening on port 61808
1523414036380	Marionette	WARN	TLS certificate errors will be ignored for this session
Unable to read VR Path Registry from C:\Users\Administrator\AppData\Local\openvr\openvrpaths.vrpath
JavaScript warning: http://s3.music.126.net/web/s/core.js?6ada41836c02af3a3635a4a8917375c6, line 94: unreachable code after return statement
JavaScript warning: http://s3.music.126.net/web/s/core.js?6ada41836c02af3a3635a4a8917375c6, line 94: unreachable code after return statement
JavaScript warning: http://s3.music.126.net/web/s/core.js?6ada41836c02af3a3635a4a8917375c6, line 94: unreachable code after return statement
JavaScript warning: http://s3.music.126.net/web/s/core.js?6ada41836c02af3a3635a4a8917375c6, line 94: unreachable code after return statement
Unable to read VR Path Registry from C:\Users\Administrator\AppData\Local\openvr\openvrpaths.vrpath
[Parent 6604, Gecko_IOThread] WARNING: pipe error: 109: file z:/build/build/src/ipc/chromium/src/chrome/common/ipc_channel_win.cc, line 346
[Child 7724, Chrome_ChildThread] WARNING: pipe error: 109: file z:/build/build/src/ipc/chromium/src/chrome/common/ipc_channel_win.cc, line 346
Unable to read VR Path Registry from C:\Users\Administrator\AppData\Local\openvr\openvrpaths.vrpath
[Child 720, Chrome_ChildThread] WARNING: pipe error: 109: file z:/build/build/src/ipc/chromium/src/chrome/common/ipc_channel_win.cc, line 346
[Parent 6604, Gecko_IOThread] WARNING: pipe error: 109: file z:/build/build/src/ipc/chromium/src/chrome/common/ipc_channel_win.cc, line 346
Unable to read VR Path Registry from C:\Users\Administrator\AppData\Local\openvr\openvrpaths.vrpath
[Child 7416, Chrome_ChildThread] WARNING: pipe error: 109: file z:/build/build/src/ipc/chromium/src/chrome/common/ipc_channel_win.cc, line 346
[Child 7416, Chrome_ChildThread] WARNING: pipe error: 109: file z:/build/build/src/ipc/chromium/src/chrome/common/ipc_channel_win.cc, line 346
*** UTM:SVC TimerManager:registerTimer called after profile-before-change notification. Ignoring timer registration for id: telemetry_modules_ping
1523414134177	geckodriver	INFO	geckodriver 0.20.0
1523414134188	geckodriver	INFO	Listening on 127.0.0.1:62128
1523414137205	mozrunner::runner	INFO	Running command: "E:\\360Downloads\\firefox.exe" "-marionette" "--disable-gpu" "-profile" "C:\\Users\\ADMINI~1\\AppData\\Local\\Temp\\rust_mozprofile.Z6aLPyLKSLhI"
1523414138234	Marionette	INFO	Enabled via --marionette
1523414141018	Marionette	INFO	Listening on port 62136
1523414141334	Marionette	WARN	TLS certificate errors will be ignored for this session
Unable to read VR Path Registry from C:\Users\Administrator\AppData\Local\openvr\openvrpaths.vrpath
JavaScript warning: http://s3.music.126.net/web/s/core.js?6ada41836c02af3a3635a4a8917375c6, line 94: unreachable code after return statement
JavaScript warning: http://s3.music.126.net/web/s/core.js?6ada41836c02af3a3635a4a8917375c6, line 94: unreachable code after return statement
JavaScript warning: http://s3.music.126.net/web/s/core.js?6ada41836c02af3a3635a4a8917375c6, line 94: unreachable code after return statement
Unable to read VR Path Registry from C:\Users\Administrator\AppData\Local\openvr\openvrpaths.vrpath
[Child 7820, Chrome_ChildThread] WARNING: pipe error: 109: file z:/build/build/src/ipc/chromium/src/chrome/common/ipc_channel_win.cc, line 346
[Child 7820, Chrome_ChildThread] WARNING: pipe error: 109: file z:/build/build/src/ipc/chromium/src/chrome/common/ipc_channel_win.cc, line 346
[Child 7244, Chrome_ChildThread] WARNING: pipe error: 109: file z:/build/build/src/ipc/chromium/src/chrome/common/ipc_channel_win.cc, line 346
Unable to read VR Path Registry from C:\Users\Administrator\AppData\Local\openvr\openvrpaths.vrpath
[Child 6932, Chrome_ChildThread] WARNING: pipe error: 109: file z:/build/build/src/ipc/chromium/src/chrome/common/ipc_channel_win.cc, line 346
Unable to read VR Path Registry from C:\Users\Administrator\AppData\Local\openvr\openvrpaths.vrpath
1523416092414	geckodriver	INFO	geckodriver 0.20.0
1523416092427	geckodriver	INFO	Listening on 127.0.0.1:61442
1523416096321	mozrunner::runner	INFO	Running command: "E:\\360Downloads\\firefox.exe" "-marionette" "--disable-gpu" "-profile" "C:\\Users\\ADMINI~1\\AppData\\Local\\Temp\\rust_mozprofile.KNe5pGOdmPLn"
1523416258032	Marionette	INFO	Enabled via --marionette
1523416330466	Marionette	INFO	Listening on port 61478
1523416332488	Marionette	WARN	TLS certificate errors will be ignored for this session
Unable to read VR Path Registry from C:\Users\Administrator\AppData\Local\openvr\openvrpaths.vrpath
JavaScript warning: http://s3.music.126.net/web/s/core.js?6ada41836c02af3a3635a4a8917375c6, line 94: unreachable code after return statement
JavaScript warning: http://s3.music.126.net/web/s/core.js?6ada41836c02af3a3635a4a8917375c6, line 94: unreachable code after return statement
JavaScript warning: http://s3.music.126.net/web/s/core.js?6ada41836c02af3a3635a4a8917375c6, line 94: unreachable code after return statement
JavaScript warning: http://s3.music.126.net/web/s/core.js?6ada41836c02af3a3635a4a8917375c6, line 94: unreachable code after return statement
[Child 7252, Chrome_ChildThread] WARNING: pipe error: 109: file z:/build/build/src/ipc/chromium/src/chrome/common/ipc_channel_win.cc, line 346
Unable to read VR Path Registry from C:\Users\Administrator\AppData\Local\openvr\openvrpaths.vrpath
[Child 7204, Chrome_ChildThread] WARNING: pipe error: 109: file z:/build/build/src/ipc/chromium/src/chrome/common/ipc_channel_win.cc, line 346
[Child 7204, Chrome_ChildThread] WARNING: pipe error: 109: file z:/build/build/src/ipc/chromium/src/chrome/common/ipc_channel_win.cc, line 346
Unable to read VR Path Registry from C:\Users\Administrator\AppData\Local\openvr\openvrpaths.vrpath
[Parent 7540, Gecko_IOThread] WARNING: pipe error: 109: file z:/build/build/src/ipc/chromium/src/chrome/common/ipc_channel_win.cc, line 346
Unable to read VR Path Registry from C:\Users\Administrator\AppData\Local\openvr\openvrpaths.vrpath
[Child 8244, Chrome_ChildThread] WARNING: pipe error: 109: file z:/build/build/src/ipc/chromium/src/chrome/common/ipc_channel_win.cc, line 346
1523429467666	geckodriver	INFO	geckodriver 0.20.0
1523429467693	geckodriver	INFO	Listening on 127.0.0.1:53232
1523429470660	mozrunner::runner	INFO	Running command: "E:\\360Downloads\\firefox.exe" "-marionette" "--disable-gpu" "-profile" "C:\\Users\\ADMINI~1\\AppData\\Local\\Temp\\rust_mozprofile.o7I8bfQF0G1j"
1523429477246	Marionette	INFO	Enabled via --marionette
Unable to read VR Path Registry from C:\Users\Administrator\AppData\Local\openvr\openvrpaths.vrpath
[Parent 10784, Gecko_IOThread] WARNING: pipe error: 109: file z:/build/build/src/ipc/chromium/src/chrome/common/ipc_channel_win.cc, line 346
Unable to read VR Path Registry from C:\Users\Administrator\AppData\Local\openvr\openvrpaths.vrpath
[Child 10856, Chrome_ChildThread] WARNING: pipe error: 109: file z:/build/build/src/ipc/chromium/src/chrome/common/ipc_channel_win.cc, line 346
[Child 10856, Chrome_ChildThread] WARNING: pipe error: 109: file z:/build/build/src/ipc/chromium/src/chrome/common/ipc_channel_win.cc, line 346
1523429507336	Marionette	INFO	Listening on port 53240
1523429508296	Marionette	WARN	TLS certificate errors will be ignored for this session
Unable to read VR Path Registry from C:\Users\Administrator\AppData\Local\openvr\openvrpaths.vrpath
JavaScript warning: http://s3.music.126.net/web/s/core.js?6ada41836c02af3a3635a4a8917375c6, line 94: unreachable code after return statement
JavaScript warning: http://s3.music.126.net/web/s/core.js?6ada41836c02af3a3635a4a8917375c6, line 94: unreachable code after return statement
Unable to read VR Path Registry from C:\Users\Administrator\AppData\Local\openvr\openvrpaths.vrpath
[Child 10680, Chrome_ChildThread] WARNING: pipe error: 109: file z:/build/build/src/ipc/chromium/src/chrome/common/ipc_channel_win.cc, line 346
[Child 10680, Chrome_ChildThread] WARNING: pipe error: 109: file z:/build/build/src/ipc/chromium/src/chrome/common/ipc_channel_win.cc, line 346
[Child 10448, Chrome_ChildThread] WARNING: pipe error: 109: file z:/build/build/src/ipc/chromium/src/chrome/common/ipc_channel_win.cc, line 346
[Child 10448, Chrome_ChildThread] WARNING: pipe error: 109: file z:/build/build/src/ipc/chromium/src/chrome/common/ipc_channel_win.cc, line 346
[Parent 10784, Gecko_IOThread] WARNING: pipe error: 109: file z:/build/build/src/ipc/chromium/src/chrome/common/ipc_channel_win.cc, line 346
1523436446942	geckodriver	INFO	geckodriver 0.20.0
1523436446966	geckodriver	INFO	Listening on 127.0.0.1:57388
1523436450019	mozrunner::runner	INFO	Running command: "E:\\360Downloads\\firefox.exe" "-marionette" "--disable-gpu" "-profile" "C:\\Users\\ADMINI~1\\AppData\\Local\\Temp\\rust_mozprofile.9nioCIiAqwsn"
1523436451366	Marionette	INFO	Enabled via --marionette
1523436453578	Marionette	INFO	Listening on port 57396
1523436453934	Marionette	WARN	TLS certificate errors will be ignored for this session
Unable to read VR Path Registry from C:\Users\Administrator\AppData\Local\openvr\openvrpaths.vrpath
JavaScript warning: http://s3.music.126.net/web/s/core.js?6ada41836c02af3a3635a4a8917375c6, line 94: unreachable code after return statement
JavaScript warning: http://s3.music.126.net/web/s/core.js?6ada41836c02af3a3635a4a8917375c6, line 94: unreachable code after return statement
JavaScript warning: http://s3.music.126.net/web/s/core.js?6ada41836c02af3a3635a4a8917375c6, line 94: unreachable code after return statement
JavaScript warning: http://s3.music.126.net/web/s/core.js?6ada41836c02af3a3635a4a8917375c6, line 94: unreachable code after return statement
JavaScript warning: http://s3.music.126.net/web/s/core.js?6ada41836c02af3a3635a4a8917375c6, line 94: unreachable code after return statement
JavaScript warning: http://s3.music.126.net/web/s/core.js?6ada41836c02af3a3635a4a8917375c6, line 94: unreachable code after return statement
Unable to read VR Path Registry from C:\Users\Administrator\AppData\Local\openvr\openvrpaths.vrpath
[Parent 12788, Gecko_IOThread] WARNING: pipe error: 109: file z:/build/build/src/ipc/chromium/src/chrome/common/ipc_channel_win.cc, line 346
[Parent 12788, Gecko_IOThread] WARNING: pipe error: 109: file z:/build/build/src/ipc/chromium/src/chrome/common/ipc_channel_win.cc, line 346
Unable to read VR Path Registry from C:\Users\Administrator\AppData\Local\openvr\openvrpaths.vrpath
[Child 14144, Chrome_ChildThread] WARNING: pipe error: 109: file z:/build/build/src/ipc/chromium/src/chrome/common/ipc_channel_win.cc, line 346
[Child 14144, Chrome_ChildThread] WARNING: pipe error: 109: file z:/build/build/src/ipc/chromium/src/chrome/common/ipc_channel_win.cc, line 346
[Child 12520, Chrome_ChildThread] WARNING: pipe error: 109: file z:/build/build/src/ipc/chromium/src/chrome/common/ipc_channel_win.cc, line 346
[Child 12520, Chrome_ChildThread] WARNING: pipe error: 109: file z:/build/build/src/ipc/chromium/src/chrome/common/ipc_channel_win.cc, line 346
Unable to read VR Path Registry from C:\Users\Administrator\AppData\Local\openvr\openvrpaths.vrpath
[Child 13344, Chrome_ChildThread] WARNING: pipe error: 109: file z:/build/build/src/ipc/chromium/src/chrome/common/ipc_channel_win.cc, line 346
[Child 13344, Chrome_ChildThread] WARNING: pipe error: 109: file z:/build/build/src/ipc/chromium/src/chrome/common/ipc_channel_win.cc, line 346
ent
Unable to read VR Path Registry from C:\Users\Administrator\AppData\Local\openvr\openvrpaths.vrpath
[Child 14016, Chrome_ChildThread] WARNING: pipe error: 109: file z:/build/build/src/ipc/chromium/src/chrome/common/ipc_channel_win.cc, line 346
[Child 14016, Chrome_ChildThread] WARNING: pipe error: 109: file 1523440757458	Marionette	INFO	Enabled via --marionette
1523440759428	Marionette	INFO	Listening on port 55054
1523440759832	Marionette	WARN	TLS certificate errors will be ignored for this session
Unable to read VR Path Registry from C:\Users\Administrator\AppData\Local\openvr\openvrpaths.vrpath
JavaScript warning: http://s3.music.126.net/web/s/core.js?f0e6e25924a090803a01ae50131785ce, line 94: unreachable code after return statement
JavaScript warning: http://s3.music.126.net/web/s/core.js?f0e6e25924a090803a01ae50131785ce, line 94: unreachable code after return statement
JavaScript warning: http://s3.music.126.net/web/s/core.js?f0e6e25924a090803a01ae50131785ce, line 94: unreachable code after return statement
JavaScript warning: http://s3.music.126.net/web/s/core.js?f0e6e25924a090803a01ae50131785ce, line 94: unreachable code after return statement
Unable to read VR Path Registry from C:\Users\Administrator\AppData\Local\openvr\openvrpaths.vrpath
[Child 12760, Chrome_ChildThread] WARNING: pipe error: 109: file z:/build/build/src/ipc/chromium/src/chrome/common/ipc_channel_win.cc, line 346
[Child 12760, Chrome_ChildThread] WARNING: pipe error: 109: file z:/build/build/src/ipc/chromium/src/chrome/common/ipc_channel_win.cc, line 346
[Child 15220, Chrome_ChildThread] WARNING: pipe error: 109: file z:/build/build/src/ipc/chromium/src/chrome/common/ipc_channel_win.cc, line 346
[Child 15220, Chrome_ChildThread] WARNING: pipe error: 109: file z:/build/build/src/ipc/chromium/src/chrome/common/ipc_channel_win.cc, line 346
Unable to read VR Path Registry from C:\Users\Administrator\AppData\Local\openvr\openvrpaths.vrpath
1523443228005	geckodriver	INFO	geckodriver 0.20.0
1523443228017	geckodriver	INFO	Listening on 127.0.0.1:55707
1523443231037	mozrunner::runner	INFO	Running command: "E:\\360Downloads\\firefox.exe" "-marionette" "--disable-gpu" "-profile" "C:\\Users\\ADMINI~1\\AppData\\Local\\Temp\\rust_mozprofile.Qhy4YBs7QHwF"
1523443232050	Marionette	INFO	Enabled via --marionette
1523443233816	Marionette	INFO	Listening on port 55716
1523443234656	Marionette	WARN	TLS certificate errors will be ignored for this session
Unable to read VR Path Registry from C:\Users\Administrator\AppData\Local\openvr\openvrpaths.vrpath
JavaScript warning: http://s3.music.126.net/web/s/core.js?f0e6e25924a090803a01ae50131785ce, line 94: unreachable code after return statement
JavaScript warning: http://s3.music.126.net/web/s/core.js?f0e6e25924a090803a01ae50131785ce, line 94: unreachable code after return statement
JavaScript warning: http://s3.music.126.net/web/s/core.js?f0e6e25924a090803a01ae50131785ce, line 94: unreachable code after return statement
JavaScript warning: http://s3.music.126.net/web/s/core.js?f0e6e25924a090803a01ae50131785ce, line 94: unreachable code after return statement
Unable to read VR Path Registry from C:\Users\Administrator\AppData\Local\openvr\openvrpaths.vrpath
[Child 14752, Chrome_ChildThread] WARNING: pipe error: 109: file z:/build/build/src/ipc/chromium/src/chrome/common/ipc_channel_win.cc, line 346
Unable to read VR Path Registry from C:\Users\Administrator\AppData\Local\openvr\openvrpaths.vrpath
[Parent 12120, Gecko_IOThread] WARNING: pipe error: 109: file z:/build/build/src/ipc/chromium/src/chrome/common/ipc_channel_win.cc, line 346
[Child 14728, Chrome_ChildThread] WARNING: pipe error: 109: file z:/build/build/src/ipc/chromium/src/chrome/common/ipc_channel_win.cc, line 346
1523500018891	geckodriver	INFO	geckodriver 0.20.0
1523500018984	geckodriver	INFO	Listening on 127.0.0.1:53398
1523500021847	mozrunner::runner	INFO	Running command: "E:\\360Downloads\\firefox.exe" "-marionette" "--disable-gpu" "-profile" "C:\\Users\\ADMINI~1\\AppData\\Local\\Temp\\rust_mozprofile.ZYrlSt6VOeXn"
1523500030408	Marionette	INFO	Enabled via --marionette
Unable to read VR Path Registry from C:\Users\Administrator\AppData\Local\openvr\openvrpaths.vrpath
[Parent 6928, Gecko_IOThread] WARNING: pipe error: 109: file z:/build/build/src/ipc/chromium/src/chrome/common/ipc_channel_win.cc, line 346
Unable to read VR Path Registry from C:\Users\Administrator\AppData\Local\openvr\openvrpaths.vrpath
[Child 5948, Chrome_ChildThread] WARNING: pipe error: 109: file z:/build/build/src/ipc/chromium/src/chrome/common/ipc_channel_win.cc, line 346
[Child 5948, Chrome_ChildThread] WARNING: pipe error: 109: file z:/build/build/src/ipc/chromium/src/chrome/common/ipc_channel_win.cc, line 346
1523500041482	Marionette	INFO	Listening on port 53408
1523500042008	Marionette	WARN	TLS certificate errors will be ignored for this session
Unable to read VR Path Registry from C:\Users\Administrator\AppData\Local\openvr\openvrpaths.vrpath
JavaScript warning: http://s3.music.126.net/web/s/core.js?f0e6e25924a090803a01ae50131785ce, line 94: unreachable code after return statement
JavaScript warning: http://s3.music.126.net/web/s/core.js?f0e6e25924a090803a01ae50131785ce, line 94: unreachable code after return statement
JavaScript warning: http://s3.music.126.net/web/s/core.js?f0e6e25924a090803a01ae50131785ce, line 94: unreachable code after return statement
JavaScript warning: http://s3.music.126.net/web/s/core.js?f0e6e25924a090803a01ae50131785ce, line 94: unreachable code after return statement
[Parent 6928, Gecko_IOThread] WARNING: pipe error: 109: file z:/build/build/src/ipc/chromium/src/chrome/common/ipc_channel_win.cc, line 346
[Parent 6928, Gecko_IOThread] WARNING: pipe error: 109: file z:/build/build/src/ipc/chromium/src/chrome/common/ipc_channel_win.cc, line 346
[Parent 6928, Gecko_IOThread] WARNING: pipe error: 109: file z:/build/build/src/ipc/chromium/src/chrome/common/ipc_channel_win.cc, line 346
Unable to read VR Path Registry from C:\Users\Administrator\AppData\Local\openvr\openvrpaths.vrpath
[Child 6816, Chrome_ChildThread] WARNING: pipe error: 109: file z:/build/build/src/ipc/chromium/src/chrome/common/ipc_channel_win.cc, line 346
[Child 5936, Chrome_ChildThread] WARNING: pipe error: 109: file z:/build/build/src/ipc/chromium/src/chrome/common/ipc_channel_win.cc, line 346
[Child 5936, Chrome_ChildThread] WARNING: pipe error: 109: file z:/build/build/src/ipc/chromium/src/chrome/common/ipc_channel_win.cc, line 346
1524736055892	geckodriver	INFO	geckodriver 0.20.0
1524736056007	geckodriver	INFO	Listening on 127.0.0.1:63866
1524736058976	mozrunner::runner	INFO	Running command: "E:\\360Downloads\\firefox.exe" "-marionette" "--disable-gpu" "-profile" "C:\\Users\\ADMINI~1\\AppData\\Local\\Temp\\rust_mozprofile.47WpnWywJZkz"
1524736063694	Marionette	INFO	Enabled via --marionette
Unable to read VR Path Registry from C:\Users\Administrator\AppData\Local\openvr\openvrpaths.vrpath
[Parent 7520, Gecko_IOThread] WARNING: pipe error: 109: file z:/build/build/src/ipc/chromium/src/chrome/common/ipc_channel_win.cc, line 346
Unable to read VR Path Registry from C:\Users\Administrator\AppData\Local\openvr\openvrpaths.vrpath
[Child 7952, Chrome_ChildThread] WARNING: pipe error: 109: file z:/build/build/src/ipc/chromium/src/chrome/common/ipc_channel_win.cc, line 346
1524736073708	Marionette	INFO	Listening on port 63894
1524736075294	Marionette	WARN	TLS certificate errors will be ignored for this session
Unable to read VR Path Registry from C:\Users\Administrator\AppData\Local\openvr\openvrpaths.vrpath
JavaScript warning: http://s3.music.126.net/web/s/core.js?8976c135030c06788fdd7aa9d1569933, line 94: unreachable code after return statement
JavaScript warning: http://s3.music.126.net/web/s/core.js?8976c135030c06788fdd7aa9d1569933, line 94: unreachable code after return statement
JavaScript warning: http://s3.music.126.net/web/s/core.js?8976c135030c06788fdd7aa9d1569933, line 94: unreachable code after return statement
JavaScript warning: http://s3.music.126.net/web/s/core.js?8976c135030c06788fdd7aa9d1569933, line 94: unreachable code after return statement
[Parent 7520, Gecko_IOThread] WARNING: pipe error: 109: file z:/build/build/src/ipc/chromium/src/chrome/common/ipc_channel_win.cc, line 346
Unable to read VR Path Registry from C:\Users\Administrator\AppData\Local\openvr\openvrpaths.vrpath
[Child 8528, Chrome_ChildThread] WARNING: pipe error: 109: file z:/build/build/src/ipc/chromium/src/chrome/common/ipc_channel_win.cc, line 346
[Parent 7520, Gecko_IOThread] WARNING: pipe error: 109: file z:/build/build/src/ipc/chromium/src/chrome/common/ipc_channel_win.cc, line 346
Unable to read VR Path Registry from C:\Users\Administrator\AppData\Local\openvr\openvrpaths.vrpath
[Child 8304, Chrome_ChildThread] WARNING: pipe error: 109: file z:/build/build/src/ipc/chromium/src/chrome/common/ipc_channel_win.cc, line 346
[Child 8304, Chrome_ChildThread] WARNING: pipe error: 109: file z:/build/build/src/ipc/chromium/src/chrome/common/ipc_channel_win.cc, line 346
[Parent 7520, Gecko_IOThread] WARNING: pipe error: 109: file z:/build/build/src/ipc/chromium/src/chrome/common/ipc_channel_win.cc, line 346
[Child 2704, Chrome_ChildThread] WARNING: pipe error: 109: file z:/build/build/src/ipc/chromium/src/chrome/common/ipc_channel_win.cc, line 346
1524736492683	geckodriver	INFO	geckodriver 0.20.0
1524736492695	geckodriver	INFO	Listening on 127.0.0.1:64326
1524736495698	mozrunner::runner	INFO	Running command: "E:\\360Downloads\\firefox.exe" "-marionette" "--disable-gpu" "-profile" "C:\\Users\\ADMINI~1\\AppData\\Local\\Temp\\rust_mozprofile.PzwzyjcRkYvl"
1524736496772	Marionette	INFO	Enabled via --marionette
1524736500026	Marionette	INFO	Listening on port 64335
1524736501332	Marionette	WARN	TLS certificate errors will be ignored for this session
Unable to read VR Path Registry from C:\Users\Administrator\AppData\Local\openvr\openvrpaths.vrpath
JavaScript warning: http://s3.music.126.net/web/s/core.js?8976c135030c06788fdd7aa9d1569933, line 94: unreachable code after return statement
JavaScript warning: http://s3.music.126.net/web/s/core.js?8976c135030c06788fdd7aa9d1569933, line 94: unreachable code after return statement
JavaScript warning: http://s3.music.126.net/web/s/core.js?8976c135030c06788fdd7aa9d1569933, line 94: unreachable code after return statement
JavaScript warning: http://s3.music.126.net/web/s/core.js?8976c135030c06788fdd7aa9d1569933, line 94: unreachable code after return statement
Unable to read VR Path Registry from C:\Users\Administrator\AppData\Local\openvr\openvrpaths.vrpath
[Child 9180, Chrome_ChildThread] WARNING: pipe error: 109: file z:/build/build/src/ipc/chromium/src/chrome/common/ipc_channel_win.cc, line 346
[Child 9180, Chrome_ChildThread] WARNING: pipe error: 109: file z:/build/build/src/ipc/chromium/src/chrome/common/ipc_channel_win.cc, line 346
[Child 8764, Chrome_ChildThread] WARNING: pipe error: 109: file z:/build/build/src/ipc/chromium/src/chrome/common/ipc_channel_win.cc, line 346
[Child 8764, Chrome_ChildThread] WARNING: pipe error: 109: file z:/build/build/src/ipc/chromium/src/chrome/common/ipc_channel_win.cc, line 346
Unable to read VR Path Registry from C:\Users\Administrator\AppData\Local\openvr\openvrpaths.vrpath
1524797268908	geckodriver	INFO	geckodriver 0.20.0
1524797269000	geckodriver	INFO	Listening on 127.0.0.1:62579
1524797271872	mozrunner::runner	INFO	Running command: "E:\\360Downloads\\firefox.exe" "-marionette" "--disable-gpu" "-profile" "C:\\Users\\ADMINI~1\\AppData\\Local\\Temp\\rust_mozprofile.HReqphCtF2eS"
1524797276720	Marionette	INFO	Enabled via --marionette
1524797283894	Marionette	INFO	Listening on port 62602
1524797284180	Marionette	WARN	TLS certificate errors will be ignored for this session
Unable to read VR Path Registry from C:\Users\Administrator\AppData\Local\openvr\openvrpaths.vrpath
JavaScript warning: http://s3.music.126.net/web/s/core.js?8976c135030c06788fdd7aa9d1569933, line 94: unreachable code after return statement
JavaScript warning: http://s3.music.126.net/web/s/core.js?8976c135030c06788fdd7aa9d1569933, line 94: unreachable code after return statement
JavaScript warning: http://s3.music.126.net/web/s/core.js?8976c135030c06788fdd7aa9d1569933, line 94: unreachable code after return statement
JavaScript warning: http://s3.music.126.net/web/s/core.js?8976c135030c06788fdd7aa9d1569933, line 94: unreachable code after return statement
Unable to read VR Path Registry from C:\Users\Administrator\AppData\Local\openvr\openvrpaths.vrpath
[Parent 6760, Gecko_IOThread] WARNING: pipe error: 109: file z:/build/build/src/ipc/chromium/src/chrome/common/ipc_channel_win.cc, line 346
Unable to read VR Path Registry from C:\Users\Administrator\AppData\Local\openvr\openvrpaths.vrpath
[Child 7576, Chrome_ChildThread] WARNING: pipe error: 109: file z:/build/build/src/ipc/chromium/src/chrome/common/ipc_channel_win.cc, line 346
[Child 7576, Chrome_ChildThread] WARNING: pipe error: 109: file z:/build/build/src/ipc/chromium/src/chrome/common/ipc_channel_win.cc, line 346
[Parent 6760, Gecko_IOThread] WARNING: pipe error: 109: file z:/build/build/src/ipc/chromium/src/chrome/common/ipc_channel_win.cc, line 346
[Child 7220, Chrome_ChildThread] WARNING: pipe error: 109: file z:/build/build/src/ipc/chromium/src/chrome/common/ipc_channel_win.cc, line 346
[Child 7220, Chrome_ChildThread] WARNING: pipe error: 109: file z:/build/build/src/ipc/chromium/src/chrome/common/ipc_channel_win.cc, line 346
Unable to read VR Path Registry from C:\Users\Administrator\AppData\Local\openvr\openvrpaths.vrpath
[Child 6540, Chrome_ChildThread] WARNING: pipe error: 109: file z:/build/build/src/ipc/chromium/src/chrome/common/ipc_channel_win.cc, line 346
1524797737932	geckodriver	INFO	geckodriver 0.20.0
1524797737944	geckodriver	INFO	Listening on 127.0.0.1:64210
1524797740973	mozrunner::runner	INFO	Running command: "E:\\360Downloads\\firefox.exe" "-marionette" "--disable-gpu" "-profile" "C:\\Users\\ADMINI~1\\AppData\\Local\\Temp\\rust_mozprofile.d484MbdBzPZn"
1524797742018	Marionette	INFO	Enabled via --marionette
1524797743854	Marionette	INFO	Listening on port 64218
1524797744102	Marionette	WARN	TLS certificate errors will be ignored for this session
Unable to read VR Path Registry from C:\Users\Administrator\AppData\Local\openvr\openvrpaths.vrpath
JavaScript warning: http://s3.music.126.net/web/s/core.js?8976c135030c06788fdd7aa9d1569933, line 94: unreachable code after return statement
JavaScript warning: http://s3.music.126.net/web/s/core.js?8976c135030c06788fdd7aa9d1569933, line 94: unreachable code after return statement
JavaScript warning: http://s3.music.126.net/web/s/core.js?8976c135030c06788fdd7aa9d1569933, line 94: unreachable code after return statement
JavaScript warning: http://s3.music.126.net/web/s/core.js?8976c135030c06788fdd7aa9d1569933, line 94: unreachable code after return statement
Unable to read VR Path Registry from C:\Users\Administrator\AppData\Local\openvr\openvrpaths.vrpath
[Parent 4348, Gecko_IOThread] WARNING: pipe error: 109: file z:/build/build/src/ipc/chromium/src/chrome/common/ipc_channel_win.cc, line 346
[Child 5184, Chrome_ChildThread] WARNING: pipe error: 109: file z:/build/build/src/ipc/chromium/src/chrome/common/ipc_channel_win.cc, line 346
[Child 5184, Chrome_ChildThread] WARNING: pipe error: 109: file z:/build/build/src/ipc/chromium/src/chrome/common/ipc_channel_win.cc, line 346
[Parent 4348, Gecko_IOThread] WARNING: pipe error: 109: file z:/build/build/src/ipc/chromium/src/chrome/common/ipc_channel_win.cc, line 346
Unable to read VR Path Registry from C:\Users\Administrator\AppData\Local\openvr\openvrpaths.vrpath
[Child 5852, Chrome_ChildThread] WARNING: pipe error: 109: file z:/build/build/src/ipc/chromium/src/chrome/common/ipc_channel_win.cc, line 346
tp://s3.music.126.net/web/s/core.js?8976c135030c06788fdd7aa9d1569933, line 94: unreachable code after return statement
JavaScript warning: http://s3.music.126.net/web/s/core.js?8976c135030c06788fdd7aa9d1569933, line 94: unreachable code after return statement
Unable to read VR Path Registry from C:\Users\Administrator\AppData\Local\openvr\openvrpaths.vrpath
[Child 5240, Chrome_ChildThread] WARNING: pipe error: 109: file z:/build/build/src/ipc/chromium/src/chrome/common/ipc_channel_win.cc, line 346
Unable to read VR Path Registry from C:\Users\Administrator\AppData\Local\openvr\openvrpaths.vrpath
[Parent 8924, Gecko_IOThread] WARNING: pipe error: 109: file z:/build/build/src/ipc/chromium/src/chrome/common/ipc_channel_win.cc, line 346
[Child 2436, Chrome_ChildThread] WARNING: pipe error: 109: file z:/build/build/src/ipc/chromium/src/chrome/common/ipc_channel_win.cc, line 346
Unable to read VR Path Registry from C:\Users\Administrator\AppData\Local\openvr\openvrpaths.vrpath
[Child 9196, Chrome_ChildThread] WARNING: pipe error: 109: file z:/build/build/src/ipc/chromium/src/chrome/common/ipc_channel_win.cc, line 346
[Child 9196, Chrome_ChildThread] WARNING: pipe error: 109: file z:/build/build/src/ipc/chromium/src/chrome/common/ipc_channel_win.cc, line 346
1524800334288	geckodriver	INFO	geckodriver 0.20.0
1524800334300	geckodriver	INFO	Listening on 127.0.0.1:63440
1524800337344	mozrunner::runner	INFO	Running command: "E:\\360Downloads\\firefox.exe" "-marionette" "--disable-gpu" "-profile" "C:\\Users\\ADMINI~1\\AppData\\Local\\Temp\\rust_mozprofile.I72wiO4CyKu8"
1524800338372	Marionette	INFO	Enabled via --marionette
1524800340250	Marionette	INFO	Listening on port 63448
1524800340472	Marionette	WARN	TLS certificate errors will be ignored for this session
Unable to read VR Path Registry from C:\Users\Administrator\AppData\Local\openvr\openvrpaths.vrpath
JavaScript warning: http://s3.music.126.net/web/s/core.js?8976c135030c06788fdd7aa9d1569933, line 94: unreachable code after return statement
JavaScript warning: http://s3.music.126.net/web/s/core.js?8976c135030c06788fdd7aa9d1569933, line 94: unreachable code after return statement
JavaScript warning: http://s3.music.126.net/web/s/core.js?8976c135030c06788fdd7aa9d1569933, line 94: unreachable code after return statement
JavaScript warning: http://s3.music.126.net/web/s/core.js?8976c135030c06788fdd7aa9d1569933, line 94: unreachable code after return statement
Unable to read VR Path Registry from C:\Users\Administrator\AppData\Local\openvr\openvrpaths.vrpath
[Parent 8912, Gecko_IOThread] WARNING: pipe error: 109: file z:/build/build/src/ipc/chromium/src/chrome/common/ipc_channel_win.cc, line 346
Unable to read VR Path Registry from C:\Users\Administrator\AppData\Local\openvr\openvrpaths.vrpath
[Child 6672, Chrome_ChildThread] WARNING: pipe error: 109: file z:/build/build/src/ipc/chromium/src/chrome/common/ipc_channel_win.cc, line 346
[Parent 8912, Gecko_IOThread] WARNING: pipe error: 109: file z:/build/build/src/ipc/chromium/src/chrome/common/ipc_channel_win.cc, line 346
[Child 6536, Chrome_ChildThread] WARNING: pipe error: 109: file z:/build/build/src/ipc/chromium/src/chrome/common/ipc_channel_win.cc, line 346
[Parent 8912, Gecko_IOThread] WARNING: pipe error: 109: file z:/build/build/src/ipc/chromium/src/chrome/common/ipc_channel_win.cc, line 346
Unable to read VR Path Registry from C:\Users\Administrator\AppData\Local\openvr\openvrpaths.vrpath
[Child 1996, Chrome_ChildThread] WARNING: pipe error: 109: file z:/build/build/src/ipc/chromium/src/chrome/common/ipc_channel_win.cc, line 346
1524800573829	geckodriver	INFO	geckodriver 0.20.0
1524800573841	geckodriver	INFO	Listening on 127.0.0.1:63736
1524800576855	mozrunner::runner	INFO	Running command: "E:\\360Downloads\\firefox.exe" "-marionette" "--disable-gpu" "-profile" "C:\\Users\\ADMINI~1\\AppData\\Local\\Temp\\rust_mozprofile.UWVmfTa1MWdQ"
1524800577868	Marionette	INFO	Enabled via --marionette
1524800580258	Marionette	INFO	Listening on port 63744
1524800580482	Marionette	WARN	TLS certificate errors will be ignored for this session
Unable to read VR Path Registry from C:\Users\Administrator\AppData\Local\openvr\openvrpaths.vrpath
JavaScript warning: http://s3.music.126.net/web/s/core.js?8976c135030c06788fdd7aa9d1569933, line 94: unreachable code after return statement
JavaScript warning: http://s3.music.126.net/web/s/core.js?8976c135030c06788fdd7aa9d1569933, line 94: unreachable code after return statement
JavaScript warning: http://s3.music.126.net/web/s/core.js?8976c135030c06788fdd7aa9d1569933, line 94: unreachable code after return statement
JavaScript warning: http://s3.music.126.net/web/s/core.js?8976c135030c06788fdd7aa9d1569933, line 94: unreachable code after return statement
Unable to read VR Path Registry from C:\Users\Administrator\AppData\Local\openvr\openvrpaths.vrpath
[Child 681524801027134	mozrunner::runner	INFO	Running command: "E:\\360Downloads\\firefox.exe" "-marionette" "--disable-gpu" "-profile" "C:\\Users\\ADMINI~1\\AppData\\Local\\Temp\\rust_mozprofile.ldUUSyLlv6MH"
1524801028170	Marionette	INFO	Enabled via --marionette
1524801029988	Marionette	INFO	Listening on port 55650
1524801030320	Marionette	WARN	TLS certificate errors will be ignored for this session
Unable to read VR Path Registry from C:\Users\Administrator\AppData\Local\openvr\openvrpaths.vrpath
JavaScript warning: http://s3.music.126.net/web/s/core.js?8976c135030c06788fdd7aa9d1569933, line 94: unreachable code after return statement
JavaScript warning: http://s3.music.126.net/web/s/core.js?8976c135030c06788fdd7aa9d1569933, line 94: unreachable code after return statement
JavaScript warning: http://s3.music.126.net/web/s/core.js?8976c135030c06788fdd7aa9d1569933, line 94: unreachable code after return statement
JavaScript warning: http://s3.music.126.net/web/s/core.js?8976c135030c06788fdd7aa9d1569933, line 94: unreachable code after return statement
Unable to read VR Path Registry from C:\Users\Administrator\AppData\Local\openvr\openvrpaths.vrpath
[Child 7688, Chrome_ChildThread] WARNING: pipe error: 109: file z:/build/build/src/ipc/chromium/src/chrome/common/ipc_channel_win.cc, line 346
[Child 7688, Chrome_ChildThread] WARNING: pipe error: 109: file z:/build/build/src/ipc/chromium/src/chrome/common/ipc_channel_win.cc, line 346
Unable to read VR Path Registry from C:\Users\Administrator\AppData\Local\openvr\openvrpaths.vrpath
[Parent 8656, Gecko_IOThread] WARNING: pipe error: 109: file z:/build/build/src/ipc/chromium/src/chrome/common/ipc_channel_win.cc, line 346
[Child 6340, Chrome_ChildThread] WARNING: pipe error: 109: file z:/build/build/src/ipc/chromium/src/chrome/common/ipc_channel_win.cc, line 346
[Child 6340, Chrome_ChildThread] WARNING: pipe error: 109: file z:/build/build/src/ipc/chromium/src/chrome/common/ipc_channel_win.cc, line 346
Unable to read VR Path Registry from C:\Users\Administrator\AppData\Local\openvr\openvrpaths.vrpath
[Child 7760, Chrome_ChildThread] WARNING: pipe error: 109: file z:/build/build/src/ipc/chromium/src/chrome/common/ipc_channel_win.cc, line 346
[Child 7760, Chrome_ChildThread] WARNING: pipe error: 109: file z:/build/build/src/ipc/chromium/src/chrome/common/ipc_channel_win.cc, line 346
1524801320638	geckodriver	INFO	geckodriver 0.20.0
1524801320650	geckodriver	INFO	Listening on 127.0.0.1:55981
1524801323685	mozrunner::runner	INFO	Running command: "E:\\360Downloads\\firefox.exe" "-marionette" "--disable-gpu" "-profile" "C:\\Users\\ADMINI~1\\AppData\\Local\\Temp\\rust_mozprofile.6sDArf2JYvA3"
1524801324730	Marionette	INFO	Enabled via --marionette
1524801326660	Marionette	INFO	Listening on port 55989
1524801326902	Marionette	WARN	TLS certificate errors will be ignored for this session
Unable to read VR Path Registry from C:\Users\Administrator\AppData\Local\openvr\openvrpaths.vrpath
JavaScript warning: http://s3.music.126.net/web/s/core.js?8976c135030c06788fdd7aa9d1569933, line 94: unreachable code after return statement
JavaScript warning: http://s3.music.126.net/web/s/core.js?8976c135030c06788fdd7aa9d1569933, line 94: unreachable code after return statement
JavaScript warning: http://s3.music.126.net/web/s/core.js?8976c135030c06788fdd7aa9d1569933, line 94: unreachable code after return statement
JavaScript warning: http://s3.music.126.net/web/s/core.js?8976c135030c06788fdd7aa9d1569933, line 94: unreachable code after return statement
Unable to read VR Path Registry from C:\Users\Administrator\AppData\Local\openvr\openvrpaths.vrpath
[Child 8592, Chrome_ChildThread] WARNING: pipe error: 109: file z:/build/build/src/ipc/chromium/src/chrome/common/ipc_channel_win.cc, line 346
Unable to read VR Path Registry from C:\Users\Administrator\AppData\Local\openvr\openvrpaths.vrpath
[Parent 9008, Gecko_IOThread] WARNING: pipe error: 109: file z:/build/build/src/ipc/chromium/src/chrome/common/ipc_channel_win.cc, line 346
[Child 8684, Chrome_ChildThread] WARNING: pipe error: 109: file z:/build/build/src/ipc/chromium/src/chrome/common/ipc_channel_win.cc, line 346
[Parent 9008, Gecko_IOThread] WARNING: pipe error: 109: file z:/build/build/src/ipc/chromium/src/chrome/common/ipc_channel_win.cc, line 346
Unable to read VR Path Registry from C:\Users\Administrator\AppData\Local\openvr\openvrpaths.vrpath
[Child 1996, Chrome_CJavaScript warning: http://s3.music.126.net/web/s/core.js?8976c135030c06788fdd7aa9d1569933, line 94: unreachable code after return statement
JavaScript warning: http://s3.music.126.net/web/s/core.js?8976c135030c06788fdd7aa9d1569933, line 94: unreachable code after return statement
[Child 7152, Chrome_ChildThread] WARNING: pipe error: 109: file z:/build/build/src/ipc/chromium/src/chrome/common/ipc_channel_win.cc, line 346
[Child 7152, Chrome_ChildThread] WARNING: pipe error: 109: file z:/build/build/src/ipc/chromium/src/chrome/common/ipc_channel_win.cc, line 346
Unable to read VR Path Registry from C:\Users\Administrator\AppData\Local\openvr\openvrpaths.vrpath
[Parent 7164, Gecko_IOThread] WARNING: pipe error: 109: file z:/build/build/src/ipc/chromium/src/chrome/common/ipc_channel_win.cc, line 346
Unable to read VR Path Registry from C:\Users\Administrator\AppData\Local\openvr\openvrpaths.vrpath
[Child 9296, Chrome_ChildThread] WARNING: pipe error: 109: file z:/build/build/src/ipc/chromium/src/chrome/common/ipc_channel_win.cc, line 346
[Child 9296, Chrome_ChildThread] WARNING: pipe error: 109: file z:/build/build/src/ipc/chromium/src/chrome/common/ipc_channel_win.cc, line 346
*** UTM:SVC TimerManager:registerTimer called after profile-before-change notification. Ignoring timer registration for id: telemetry_modules_ping
1524811468914	geckodriver	INFO	geckodriver 0.20.0
1524811468926	geckodriver	INFO	Listening on 127.0.0.1:57724
1524811471938	mozrunner::runner	INFO	Running command: "E:\\360Downloads\\firefox.exe" "-marionette" "--disable-gpu" "-profile" "C:\\Users\\ADMINI~1\\AppData\\Local\\Temp\\rust_mozprofile.XWHr4xVrrWnU"
1524811472962	Marionette	INFO	Enabled via --marionette
1524811474854	Marionette	INFO	Listening on port 57732
1524811475080	Marionette	WARN	TLS certificate errors will be ignored for this session
Unable to read VR Path Registry from C:\Users\Administrator\AppData\Local\openvr\openvrpaths.vrpath
JavaScript warning: http://s3.music.126.net/web/s/core.js?8976c135030c06788fdd7aa9d1569933, line 94: unreachable code after return statement
JavaScript warning: http://s3.music.126.net/web/s/core.js?8976c135030c06788fdd7aa9d1569933, line 94: unreachable code after return statement
JavaScript warning: http://s3.music.126.net/web/s/core.js?8976c135030c06788fdd7aa9d1569933, line 94: unreachable code after return statement
JavaScript warning: http://s3.music.126.net/web/s/core.js?8976c135030c06788fdd7aa9d1569933, line 94: unreachable code after return statement
Unable to read VR Path Registry from C:\Users\Administrator\AppData\Local\openvr\openvrpaths.vrpath
[Parent 6608, Gecko_IOThread] WARNING: pipe error: 109: file z:/build/build/src/ipc/chromium/src/chrome/common/ipc_channel_win.cc, line 346
Unable to read VR Path Registry from C:\Users\Administrator\AppData\Local\openvr\openvrpaths.vrpath
[Child 9392, Chrome_ChildThread] WARNING: pipe error: 109: file z:/build/build/src/ipc/chromium/src/chrome/common/ipc_channel_win.cc, line 346
[Child 9972, Chrome_ChildThread] WARNING: pipe error: 109: file z:/build/build/src/ipc/chromium/src/chrome/common/ipc_channel_win.cc, line 346
[Child 9972, Chrome_ChildThread] WARNING: pipe error: 109: file z:/build/build/src/ipc/chromium/src/chrome/common/ipc_channel_win.cc, line 346
[Parent 6608, Gecko_IOThread] WARNING: pipe error: 109: file z:/build/build/src/ipc/chromium/src/chrome/common/ipc_channel_win.cc, line 346
Unable to read VR Path Registry from C:\Users\Administrator\AppData\Local\openvr\openvrpaths.vrpath
[Child 9896, Chrome_ChildThread] WARNING: pipe error: 109: file z:/build/build/src/ipc/chromium/src/chrome/common/ipc_channel_win.cc, line 346
1524811704763	geckodriver	INFO	geckodriver 0.20.0
1524811704775	geckodriver	INFO	Listening on 127.0.0.1:57870
1524811707819	mozrunner::runner	INFO	Running command: "E:\\360Downloads\\firefox.exe" "-marionette" "--disable-gpu" "-profile" "C:\\Users\\ADMINI~1\\AppData\\Local\\Temp\\rust_mozprofile.YTB1rtUbanX0"
1524811708794	Marionette	INFO	Enabled via --marionette
1524811710674	Marionette	INFO	Listening on port 57878
1524811711050	Marionette	WARN	TLS certificate errors will be ignored for this session
Unable to read VR Path Registry from C:\Users\Administrator\AppData\Local\openvr\openvrpaths.vrpath
JavaScript warning: http://s3.music.126.net/web/s/core.js?8976c135030c06788fdd7aa9d1569933, line 94: unreachable code after return statement
JavaScript warning: http://s3.music.126.net/web/s/core.js?8976c135030c06788fdd7aa9d1569933, line 94: unreachable code after return statement
JavaScript warning: http://s3.music.126.net/web/s/core.js?8976c135030c06788fdd7aa9d1569933, line 94: unreachable code after return statement
JavaScript warning: http://s3.music.126.net/web/s/core.js?8976c135030c06788fdd7aa9d1569933, line 94: unreachable code after return statement
JavaScript warning: http://s3.music.126.net/web/s/core.js?8976c135030c06788fdd7aa9d1569933, line 94: unreachable code after return statement
JavaScript warning: http://s3.music.126.net/web/s/core.js?8976c135030c06788fdd7aa9d1569933, line 94: unreachable code after return statement
Unable to read VR Path Registry from C:\Users\Administrator\AppData\Local\openvr\openvrpaths.vrpath
[Parent 6360, Gecko_IOThread] WARNING: pipe error: 109: file z:/build/build/src/ipc/chromium/src/chrome/common/ipc_channel_win.cc, line 346
[Parent 6360, Gecko_IOThread] WARNING: pipe error: 109: file z:/build/build/src/ipc/chromium/src/chrome/common/ipc_channel_win.cc, line 346
[Child 9364, Chrome_ChildThread] WARNING: pipe error: 109: file z:/build/build/src/ipc/chromium/src/chrome/common/ipc_channel_win.cc, line 346
Unable to read VR Path Registry from C:\Users\Administrator\AppData\Local\openvr\openvrpaths.vrpath
[Child 8720, Chrome_ChildThread] WARNING: pipe error: 109: file z:/build/build/src/ipc/chromium/src/chrome/common/ipc_channel_win.cc, line 346
[Child 8720, Chrome_ChildThread] WARNING: pipe error: 109: file z:/build/build/src/ipc/chromium/src/chrome/common/ipc_channel_win.cc, line 346
[Parent 6360, Gecko_IOThread] WARNING: pipe error: 109: file z:/build/build/src/ipc/chromium/src/chrome/common/ipc_channel_win.cc, line 346
Unable to read VR Path Registry from C:\Users\Administrator\AppData\Local\openvr\openvrpaths.vrpath
[Child 7756, Chrome_ChildThread] WARNING: pipe error: 109: file z:/build/build/src/ipc/chromium/src/chrome/common/ipc_channel_win.cc, line 346
1524811945322	geckodriver	INFO	geckodriver 0.20.0
1524811945333	geckodriver	INFO	Listening on 127.0.0.1:58091
1524811948361	mozrunner::runner	INFO	Running command: "E:\\360Downloads\\firefox.exe" "-marionette" "--disable-gpu" "-profile" "C:\\Users\\ADMINI~1\\AppData\\Local\\Temp\\rust_mozprofile.XTmWMmaa3TvL"
1524811949342	Marionette	INFO	Enabled via --marionette
1524811951106	Marionette	INFO	Listening on port 58099
1524811951506	Marionette	WARN	TLS certificate errors will be ignored for this session
Unable to read VR Path Registry from C:\Users\Administrator\AppData\Local\openvr\openvrpaths.vrpath
JavaScript warning: http://s3.music.126.net/web/s/core.js?8976c135030c06788fdd7aa9d1569933, line 94: unreachable code after return statement
JavaScript warning: http://s3.music.126.net/web/s/core.js?8976c135030c06788fdd7aa9d1569933, line 94: unreachable code after return statement
JavaScript warning: http://s3.music.126.net/web/s/core.js?8976c135030c06788fdd7aa9d1569933, line 94: unreachable code after return statement
JavaScript warning: http://s3.music.126.net/web/s/core.js?8976c135030c06788fdd7aa9d1569933, line 94: unreachable code after return statement
Unable to read VR Path Registry from C:\Users\Administrator\AppData\Local\openvr\openvrpaths.vrpath
[Parent 7776, Gecko_IOThread] WARNING: pipe error: 109: file z:/build/build/src/ipc/chromium/src/chrome/common/ipc_channel_win.cc, line 346
Unable to read VR Path Registry from C:\Users\Administrator\AppData\Local\openvr\openvrpaths.vrpath
[Child 7232, Chrome_ChildThread] WARNING: pipe error: 109: file z:/build/build/src/ipc/chromium/src/chrome/common/ipc_channel_win.cc, line 346
[Child 7232, Chrome_ChildThread] WARNING: pipe error: 109: file z:/build/build/src/ipc/chromium/src/chrome/common/ipc_channel_win.cc, line 346
[Parent 7776, Gecko_IOThread] WARNING: pipe error: 109: file z:/build/build/src/ipc/chromium/src/chrome/common/ipc_channel_win.cc, line 346
[Child 8520, Chrome_ChildThread] WARNING: pipe error: 109: file z:/build/build/src/ipc/chromium/src/chrome/common/ipc_channel_win.cc, line 346
Unable to read VR Path Registry from C:\Users\Administrator\AppData\Local\openvr\openvrpaths.vrpath
[Child 9632, Chrome_ChildThread] WARNING: pipe error: 109: file z:/build/build/src/ipc/chromium/src/chrome/common/ipc_channel_win.cc, line 346
1524812139676	geckodriver	INFO	geckodriver 0.20.0
1524812139688	geckodriver	INFO	Listening on 127.0.0.1:58316
1524812142713	mozrunner::runner	INFO	Running command: "E:\\360Downloads\\firefox.exe" "-marionette" "--disable-gpu" "-profile" "C:\\Users\\ADMINI~1\\AppData\\Local\\Temp\\rust_mozprofile.AQlPJqI7aaqx"
1524812143684	Marionette	INFO	Enabled via --marionette
1524812145448	Marionette	INFO	Listening on port 58325
1524812145850	Marionette	WARN	TLS certificate errors will be ignored for this session
Unable to read VR Path Registry from C:\Users\Administrator\AppData\Local\openvr\openvrpaths.vrpath
JavaScript warning: http://s3.music.126.net/web/s/core.js?8976c135030c06788fdd7aa9d1569933, line 94: unreachable code after return statement
JavaScript warning: http://s3.music.126.net/web/s/core.js?8976c135030c06788fdd7aa9d1569933, line 94: unreachable code after return statement
JavaScript warning: http://s3.music.126.net/web/s/core.js?8976c135030c06788fdd7aa9d1569933, line 94: unreachable code after return statement
JavaScript warning: http://s3.music.126.net/web/s/core.js?8976c135030c06788fdd7aa9d1569933, line 94: unreachable code after return statement
Unable to read VR Path Registry from C:\Users\Administrator\AppData\Local\openvr\openvrpaths.vrpath
[Parent 5828, Gecko_IOThread] WARNING: pipe error: 109: file z:/build/build/src/ipc/chromium/src/chrome/common/ipc_channel_win.cc, line 346
Unable to read VR Path Registry from C:\Users\Administrator\AppData\Local\openvr\openvrpaths.vrpath
[Child 9488, Chrome_ChildThread] WARNING: pipe error: 109: file z:/build/build/src/ipc/chromium/src/chrome/common/ipc_channel_win.cc, line 346
[Parent 5828, Gecko_IOThread] WARNING: pipe error: 109: file z:/build/build/src/ipc/chromium/src/chrome/common/ipc_channel_win.cc, line 346
[Child 9652, Chrome_ChildThread] WARNING: pipe error: 109: file z:/build/build/src/ipc/chromium/src/chrome/common/ipc_channel_win.cc, line 346
[Child 9652, Chrome_ChildThread] WARNING: pipe error: 109: file z:/build/build/src/ipc/chromium/src/chrome/common/ipc_channel_win.cc, line 346
[Parent 5828, Gecko_IOThread] WARNING: pipe error: 109: file z:/build/build/src/ipc/chromium/src/chrome/common/ipc_channel_win.cc, line 346
1524813212879	geckodriver	INFO	geckodriver 0.20.0
1524813212891	geckodriver	INFO	Listening on 127.0.0.1:59293
1524813215897	mozrunner::runner	INFO	Running command: "E:\\360Downloads\\firefox.exe" "-marionette" "--disable-gpu" "-profile" "C:\\Users\\ADMINI~1\\AppData\\Local\\Temp\\rust_mozprofile.01pGY4cVZDy3"
1524813216914	Marionette	INFO	Enabled via --marionette
1524813218836	Marionette	INFO	Listening on port 59301
1524813219066	Marionette	WARN	TLS certificate errors will be ignored for this session
Unable to read VR Path Registry from C:\Users\Administrator\AppData\Local\openvr\openvrpaths.vrpath
JavaScript warning: http://s3.music.126.net/web/s/core.js?8976c135030c06788fdd7aa9d1569933, line 94: unreachable code after return statement
JavaScript warning: http://s3.music.126.net/web/s/core.js?8976c135030c06788fdd7aa9d1569933, line 94: unreachable code after return statement
Unable to read VR Path Registry from C:\Users\Administrator\AppData\Local\openvr\openvrpaths.vrpath
[Parent 8740, Gecko_IOThread] WARNING: pipe error: 109: file z:/build/build/src/ipc/chromium/src/chrome/common/ipc_channel_win.cc, line 346
[Parent 8740, Gecko_IOThread] WARNING: pipe error: 109: file z:/build/build/src/ipc/chromium/src/chrome/common/ipc_channel_win.cc, line 346
Unable to read VR Path Registry from C:\Users\Administrator\AppData\Local\openvr\openvrpaths.vrpath
[Child 8112, Chrome_ChildThread] WARNING: pipe error: 109: file z:/build/build/src/ipc/chromium/src/chrome/common/ipc_channel_win.cc, line 346
[Child 8348, Chrome_ChildThread] WARNING: pipe error: 109: file z:/build/build/src/ipc/chromium/src/chrome/common/ipc_channel_win.cc, line 346
[Child 8348, Chrome_ChildThread] WARNING: pipe error: 109: file z:/build/build/src/ipc/chromium/src/chrome/common/ipc_channel_win.cc, line 346
[Parent 8740, Gecko_IOThread] WARNING: pipe error: 109: file z:/build/build/src/ipc/chromium/src/chrome/common/ipc_channel_win.cc, line 346
Unable to read VR Path Registry from C:\Users\Administrator\AppData\Local\openvr\openvrpaths.vrpath
[Child 5116, Chrome_ChildThread] WARNING: pipe error: 109: file z:/build/build/src/ipc/chromium/src/chrome/common/ipc_channel_win.cc, line 346
[Child 5116, Chrome_ChildThread] WARNING: pipe error: 109: file z:/build/build/src/ipc/chromium/src/chrome/common/ipc_channel_win.cc, line 346
1524813351518	geckodriver	INFO	geckodriver 0.20.0
1524813351530	geckodriver	INFO	Listening on 127.0.0.1:59413
1524813354547	mozrunner::runner	INFO	Running command: "E:\\360Downloads\\firefox.exe" "-marionette" "--disable-gpu" "-profile" "C:\\Users\\ADMINI~1\\AppData\\Local\\Temp\\rust_mozprofile.lWP61vAFkBTk"
1524813355562	Marionette	INFO	Enabled via --marionette
1524813357532	Marionette	INFO	Listening on port 59421
1524813357690	Marionette	WARN	TLS certificate errors will be ignored for this session
Unable to read VR Path Registry from C:\Users\Administrator\AppData\Local\openvr\openvrpaths.vrpath
JavaScript warning: http://s3.music.126.net/web/s/core.js?8976c135030c06788fdd7aa9d1569933, line 94: unreachable code after return statement
JavaScript warning: http://s3.music.126.net/web/s/core.js?8976c135030c06788fdd7aa9d1569933, line 94: unreachable code after return statement
Unable to read VR Path Registry from C:\Users\Administrator\AppData\Local\openvr\openvrpaths.vrpath
[Parent 9860, Gecko_IOThread] WARNING: pipe error: 109: file z:/build/build/src/ipc/chromium/src/chrome/common/ipc_channel_win.cc, line 346
Unable to read VR Path Registry from C:\Users\Administrator\AppData\Local\openvr\openvrpaths.vrpath
[Child 9500, Chrome_ChildThread] WARNING: pipe error: 109: file z:/build/build/src/ipc/chromium/src/chrome/common/ipc_channel_win.cc, line 346
[Child 9500, Chrome_ChildThread] WARNING: pipe error: 109: file z:/build/build/src/ipc/chromium/src/chrome/common/ipc_channel_win.cc, line 346
[Child 9332, Chrome_ChildThread] WARNING: pipe error: 109: file z:/build/build/src/ipc/chromium/src/chrome/common/ipc_channel_win.cc, line 346
[Child 9332, Chrome_ChildThread] WARNING: pipe error: 109: file z:/build/build/src/ipc/chromium/src/chrome/common/ipc_channel_win.cc, line 346
*** UTM:SVC TimerManager:registerTimer called after profile-before-change notification. Ignoring timer registration for id: telemetry_modules_ping
1524813409156	geckodriver	INFO	geckodriver 0.20.0
1524813409168	geckodriver	INFO	Listening on 127.0.0.1:59508
1524813412192	mozrunner::runner	INFO	Running command: "E:\\360Downloads\\firefox.exe" "-marionette" "--disable-gpu" "-profile" "C:\\Users\\ADMINI~1\\AppData\\Local\\Temp\\rust_mozprofile.XhnXxbyOBMIS"
1524813413220	Marionette	INFO	Enabled via --marionette
1524813415048	Marionette	INFO	Listening on port 59516
1524813415328	Marionette	WARN	TLS certificate errors will be ignored for this session
Unable to read VR Path Registry from C:\Users\Administrator\AppData\Local\openvr\openvrpaths.vrpath
JavaScript warning: http://s3.music.126.net/web/s/core.js?8976c135030c06788fdd7aa9d1569933, line 94: unreachable code after return statement
JavaScript warning: http://s3.music.126.net/web/s/core.js?8976c135030c06788fdd7aa9d1569933, line 94: unreachable code after return statement
JavaScript warning: http://s3.music.126.net/web/s/core.js?8976c135030c06788fdd7aa9d1569933, line 94: unreachable code after return statement
JavaScript warning: http://s3.music.126.net/web/s/core.js?8976c135030c06788fdd7aa9d1569933, line 94: unreachable code after return statement
JavaScript warning: http://s3.music.126.net/web/s/core.js?8976c135030c06788fdd7aa9d1569933, line 94: unreachable code after return statement
JavaScript warning: http://s3.music.126.net/web/s/core.js?8976c135030c06788fdd7aa9d1569933, line 94: unreachable code after return statement
Unable to read VR Path Registry from C:\Users\Administrator\AppData\Local\openvr\openvrpaths.vrpath
JavaScript warning: resource://devtools/shared/base-loader.js -> resource://devtools/client/shared/demangle.js, line 0: Successfully compiled asm.js code (total compilation time 93ms; unable to cache asm.js in synchronous scripts; try loading asm.js via <script async> or createElement('script'))
console.error: 
  Message: TypeError: this.ownerNode is null
  Stack:
    _getText@resource://devtools/shared/base-loader.js -> resource://devtools/server/actors/stylesheets.js:385:11
getText@resource://devtools/shared/base-loader.js -> resource://devtools/server/actors/stylesheets.js:360:12
handler@resource://devtools/shared/base-loader.js -> resource://devtools/shared/protocol.js:1106:19
onPacket@resource://devtools/shared/base-loader.js -> resource://devtools/server/main.js:1788:15
receiveMessage@resource://devtools/shared/base-loader.js -> resource://devtools/shared/transport/transport.js:761:7

_getText@resource://devtools/shared/base-loader.js -> resource://devtools/server/actors/stylesheets.js:385:11
getText@resource://devtools/shared/base-loader.js -> resource://devtools/server/actors/stylesheets.js:360:12
handler@resource://devtools/shared/base-loader.js -> resource://devtools/shared/protocol.js:1106:19
onPacket@resource://devtools/shared/base-loader.js -> resource://devtools/server/main.js:1788:15
receiveMessage@resource://devtools/shared/base-loader.js -> resource://devtools/shared/transport/transport.js:761:7
console.error: 
  Protocol error (unknownError): this.ownerNode is null
JavaScript error: , line 0: uncaught exception: Protocol error (unknownError): this.ownerNode is null
console.error: 
  Protocol error (noSuchActor): No such actor for ID: server1.conn0.child1/memoryActor11
[Parent 9748, Gecko_IOThread] WARNING: pipe error: 109: file z:/build/build/src/ipc/chromium/src/chrome/common/ipc_channel_win.cc, line 346
[Parent 9748, Gecko_IOThread] WARNING: pipe error: 109: file z:/build/build/src/ipc/chromium/src/chrome/common/ipc_channel_win.cc, line 346
Unable to read VR Path Registry from C:\Users\Administrator\AppData\Local\openvr\openvrpaths.vrpath
[Child 1032, Chrome_ChildThread] WARNING: pipe error: 109: file z:/build/build/src/ipc/chromium/src/chrome/common/ipc_channel_win.cc, line 346
[Child 1032, Chrome_ChildThread] WARNING: pipe error: 109: file z:/build/build/src/ipc/chromium/src/chrome/common/ipc_channel_win.cc, line 346
[Child 1428, Chrome_ChildThread] WARNING: pipe error: 109: file z:/build/build/src/ipc/chromium/src/chrome/common/ipc_channel_win.cc, line 346
Unable to read VR Path Registry from C:\Users\Administrator\AppData\Local\openvr\openvrpaths.vrpath
[Child 6780, Chrome_ChildThread] WARNING: pipe error: 109: file z:/build/build/src/ipc/chromium/src/chrome/common/ipc_channel_win.cc, line 346
