1522826811070	geckodriver	INFO	geckodriver 0.20.0
1522826811142	geckodriver	INFO	Listening on 127.0.0.1:56890
1522827390059	geckodriver	INFO	geckodriver 0.20.0
1522827390073	geckodriver	INFO	Listening on 127.0.0.1:57934
1522827392071	mozrunner::runner	INFO	Running command: "E:\\360Downloads\\firefox.exe" "-marionette" "-profile" "C:\\Users\\ADMINI~1\\AppData\\Local\\Temp\\rust_mozprofile.z7RWoiYc4oj1"
1522827395270	Marionette	INFO	Enabled via --marionette
1522827400484	Marionette	INFO	Listening on port 57940
1522827400516	Marionette	WARN	TLS certificate errors will be ignored for this session
Unable to read VR Path Registry from C:\Users\Administrator\AppData\Local\openvr\openvrpaths.vrpath
JavaScript warning: http://s3.music.126.net/web/s/core.js?98bf270ec484aaabeb43d1699805b5e5, line 94: unreachable code after return statement
JavaScript warning: http://s3.music.126.net/web/s/core.js?98bf270ec484aaabeb43d1699805b5e5, line 94: unreachable code after return statement
Unable to read VR Path Registry from C:\Users\Administrator\AppData\Local\openvr\openvrpaths.vrpath
[Parent 11144, Gecko_IOThread] WARNING: pipe error: 109: file z:/build/build/src/ipc/chromium/src/chrome/common/ipc_channel_win.cc, line 346
[Parent 11144, Gecko_IOThread] WARNING: pipe error: 109: file z:/build/build/src/ipc/chromium/src/chrome/common/ipc_channel_win.cc, line 346
[Child 8080, Chrome_ChildThread] WARNING: pipe error: 109: file z:/build/build/src/ipc/chromium/src/chrome/common/ipc_channel_win.cc, line 346
[Child 8080, Chrome_ChildThread] WARNING: pipe error: 109: file z:/build/build/src/ipc/chromium/src/chrome/common/ipc_channel_win.cc, line 346
Unable to read VR Path Registry from C:\Users\Administrator\AppData\Local\openvr\openvrpaths.vrpath
[Child 11360, Chrome_ChildThread] WARNING: pipe error: 109: file z:/build/build/src/ipc/chromium/src/chrJavaScript warning: http://s3.music.126.net/web/s/core.js?98bf270ec484aaabeb43d1699805b5e5, line 94: unreachable code after return statement
JavaScript warning: http://s3.music.126.net/web/s/core.js?98bf270ec484aaabeb43d1699805b5e5, line 94: unreachable code after return statement
Unable to read VR Path Registry from C:\Users\Administrator\AppData\Local\openvr\openvrpaths.vrpath
[Child 10732, Chrome_ChildThread] WARNING: pipe error: 109: file z:/build/build/src/ipc/chromium/src/chrome/common/ipc_channel_win.cc, line 346
Unable to read VR Path Registry from C:\Users\Administrator\AppData\Local\openvr\openvrpaths.vrpath
[Parent 7568, Gecko_IOThread] WARNING: pipe error: 109: file z:/build/build/src/ipc/chromium/src/chrome/common/ipc_channel_win.cc, line 346
[Child 10548, Chrome_ChildThread] WARNING: pipe error: 109: file z:/build/build/src/ipc/chromium/src/chrome/common/ipc_channel_win.cc, line 346
[Child 10548, Chrome_ChildThread] WARNING: pipe error: 109: file z:/build/build/src/ipc/chromium/src/chrome/common/ipc_channel_win.cc, line 346
[Parent 7568, Gecko_IOThread] WARNING: pipe error: 109: file z:/build/build/src/ipc/chromium/src/chrome/common/ipc_channel_win.cc, line 346
Unable to read VR Path Registry from C:\Users\Administrator\AppData\Local\openvr\openvrpaths.vrpath
[Child 9492, Chrome_ChildThread] WARNING: pipe error: 109: file z:/build/build/src/ipc/chromium/src/chrome/common/ipc_channel_win.cc, line 346
1522828719716	geckodriver	INFO	geckodriver 0.20.0
1522828719729	geckodriver	INFO	Listening on 127.0.0.1:54486
1522828721743	mozrunner::runner	INFO	Running command: "E:\\360Downloads\\firefox.exe" "-marionette" "-profile" "C:\\Users\\ADMINI~1\\AppData\\Local\\Temp\\rust_mozprofile.c2XzthhJdeXb"
1522828722946	Marionette	INFO	Enabled via --marionette
1522828725216	Marionette	INFO	Listening on port 54493
1522828725814	Marionette	WARN	TLS certificate errors will be ignored for this session
Unable to read VR Path Registry from C:\Users\Administrator\AppData\Local\openvr\openvrpaths.vrpath
JavaScript warning: http://s3.music.126.net/web/s/core.js?98bf270ec484aaabeb43d1699805b5e5, line 94: unreachable code after return statement
JavaScript warning: http://s3.music.126.net/web/s/core.js?98bf270ec484aaabeb43d1699805b5e5, line 94: unreachable code after return statement
JavaScript warning: http://s3.music.126.net/web/s/core.js?98bf270ec484aaabeb43d1699805b5e5, line 94: unreachable code after return statement
JavaScript warning: http://s3.music.126.net/web/s/core.js?98bf270ec484aaabeb43d1699805b5e5, line 94: unreachable code after return statement
JavaScript warning: http://s3.music.126.net/web/s/core.js?98bf270ec484aaabeb43d1699805b5e5, line 94: unreachable code after return statement
JavaScript warning: http://s3.music.126.net/web/s/core.js?98bf270ec484aaabeb43d1699805b5e5, line 94: unreachable code after return statement
Unable to read VR Path Registry from C:\Users\Administrator\AppData\Local\openvr\openvrpaths.vrpath
[Child 10612, Chrome_ChildThread] WARNING: pipe error: 109: file z:/build/build/src/ipc/chromium/src/chrome/common/ipc_channel_win.cc, line 346
[Child 10612, Chrome_ChildThread] WARNING: pipe error: 109: file z:/build/build/src/ipc/chromium/src/chrome/common/ipc_channel_win.cc, line 346
IPDL protocol error: Handler returned error code!

###!!! [Parent][DispatchAsyncMessage] Error: PLayerTransaction::Msg_ReleaseLayer Processing error: message was deserialized, but the handler returned false (indicating failure)

IPDL protocol error: Handler returned error code!

###!!! [Parent][DispatchAsyncMessage] Error: PLayerTransaction::Msg_ReleaseLayer Processing error: message was deserialized, but the handler returned false (indicating failure)

IPDL protocol error: Handler returned error code!

###!!! [Parent][DispatchAsyncMessage] Error: PLayerTransaction::Msg_ReleaseLayer Processing error: message was deserialized, but the handler returned false (indicating failure)

IPDL protocol error: Handler returned error code!

###!!! [Parent][DispatchAsyncMessage] Error: PLayerTransaction::Msg_ReleaseLayer Processing error: message was deserialized, but the handler returned false (indicating failure)

IPDL protocol error: Handler returned error code!

###!!! [Parent][DispatchAsyncMessage] Error: PLayerTransaction::Msg_ReleaseLayer Processing error: message was deserialized, but the handler returned false (indicating failure)

IPDL protocol error: Handler returned error code!

###!!! [Parent][DispatchAsyncMessage] Error: PLayerTransaction::Msg_ReleaseLayer Processing error: message was deserialized, but the handler returned false (indicating failure)

IPDL protocol error: Handler returned error code!

###!!! [Parent][DispatchAsyncMessage] Error: PLayerTransaction::Msg_ReleaseLayer Processing error: message was deserialized, but the handler returned false (indicating failure)

IPDL protocol error: Handler returned error code!

###!!! [Parent][DispatchAsyncMessage] Error: PLayerTransaction::Msg_ReleaseLayer Processing error: message was deserialized, but the handler returned false (indicating failure)

IPDL protocol error: Handler returned error code!

###!!! [Parent][DispatchAsyncMessage] Error: PLayerTransaction::Msg_ReleaseLayer Processing error: message was deserialized, but the handler returned false (indicating failure)

IPDL protocol error: Handler returned error code!

###!!! [Parent][DispatchAsyncMessage] Error: PLayerTransaction::Msg_ReleaseLayer Processing error: message was deserialized, but the handler returned false (indicating failure)

IPDL protocol error: Handler returned error code!

###!!! [Parent][DispatchAsyncMessage] Error: PLayerTransaction::Msg_ReleaseLayer Processing error: message was deserialized, but the handler returned false (indicating failure)

IPDL protocol error: Handler returned error code!

###!!! [Parent][DispatchAsyncMessage] Error: PLayerTransaction::Msg_ReleaseLayer Processing error: message was deserialized, but the handler returned false (indicating failure)

[Child 10676, Chrome_ChildThread] WARNING: pipe error: 109: file z:/build/build/src/ipc/chromium/src/chrome/common/ipc_channel_win.cc, line 346
[Child 10676, Chrome_ChildThread] WARNING: pipe error: 109: file z:/build/build/src/ipc/chromium/src/chrome/common/ipc_channel_win.cc, line 346
Unable to read VR Path Registry from C:\Users\Administrator\AppData\Local\openvr\openvrpaths.vrpath
[Parent 11332, Gecko_IOThread] WARNING: pipe error: 109: file z:/build/build/src/ipc/chromium/src/chrome/common/ipc_channel_win.cc, line 346
Unable to read VR Path Registry from C:\Users\Administrator\AppData\Local\openvr\openvrpaths.vrpath
[Child 9556, Chrome_ChildThread] WARNING: pipe error: 109: file z:/build/build/src/ipc/chromium/src/chrome/common/ipc_channel_win.cc, line 346
[Child 9556, Chrome_ChildThread] WARNING: pipe error: 109: file z:/build/build/src/ipc/chromium/src/chrome/common/ipc_channel_win.cc, line 346
1522830276314	geckodriver	INFO	geckodriver 0.20.0
1522830276326	geckodriver	INFO	Listening on 127.0.0.1:51654
1522830278347	mozrunner::runner	INFO	Running command: "E:\\360Downloads\\firefox.exe" "-marionette" "-profile" "C:\\Users\\ADMINI~1\\AppData\\Local\\Temp\\rust_mozprofile.kjzW6eARH8V9"
1522830279892	Marionette	INFO	Enabled via --marionette
1522830282052	Marionette	INFO	Listening on port 51660
1522830282250	Marionette	WARN	TLS certificate errors will be ignored for this session
Unable to read VR Path Registry from C:\Users\Administrator\AppData\Local\openvr\openvrpaths.vrpath
JavaScript warning: https://s3.music.126.net/web/s/core.js?98bf270ec484aaabeb43d1699805b5e5, line 94: unreachable code after return statement
JavaScript warning: https://s3.music.126.net/web/s/core.js?98bf270ec484aaabeb43d1699805b5e5, line 94: unreachable code after return statement
JavaScript warning: https://s3.music.126.net/web/s/core.js?98bf270ec484aaabeb43d1699805b5e5, line 94: unreachable code after return statement
JavaScript warning: https://s3.music.126.net/web/s/core.js?98bf270ec484aaabeb43d1699805b5e5, line 94: unreachable code after return statement
[Child 11648, Chrome_ChildThread] WARNING: pipe error: 109: file z:/build/build/src/ipc/chromium/src/chrome/common/ipc_channel_win.cc, line 346
Unable to read VR Path Registry from C:\Users\Administrator\AppData\Local\openvr\openvrpaths.vrpath
[Child 10268, Chrome_ChildThread] WARNING: pipe error: 109: file z:/build/build/src/ipc/chromium/src/chrome/common/ipc_channel_win.cc, line 346
[Child 10268, Chrome_ChildThread] WARNING: pipe error: 109: file z:/build/build/src/ipc/chromium/src/chrome/common/ipc_channel_win.cc, line 346
Unable to read VR Path Registry from C:\Users\Administrator\AppData\Local\openvr\openvrpaths.vrpath
[Parent 4272, Gecko_IOThread] WARNING: pipe error: 109: file z:/build/build/src/ipc/chromium/src/chrome/common/ipc_channel_win.cc, line 346
net/web/s/core.js?98bf270ec484aaabeb43d1699805b5e5, line 94: unreachable code after return statement
Unable to read VR Path Registry from C:\Users\Administrator\AppData\Local\openvr\openvrpaths.vrpath
[Child 11392, Chrome_ChildThread] WARNING: pipe error: 109: file z:/build/build/src/ipc/chromium/src/chrome/common/ipc_channel_win.cc, line 346
[Child 11392, Chrome_ChildThread] WARNING: pipe error: 109: file z:/build/build/src/ipc/chromium/src/chrome/common/ipc_channel_win.cc, line 346
Unable to read VR Path Registry from C:\Users\Administrator\AppData\Local\openvr\openvrpaths.vrpath
[Parent 9408, Gecko_IOThread] WARNING: pipe error: 109: file z:/build/build/src/ipc/chromium/src/chrome/common/ipc_channel_win.cc, line 346
[Child 12096, Chrome_ChildThread] WARNING: pipe error: 109: file z:/build/build/src/ipc/chromium/src/chrome/common/ipc_channel_win.cc, line 346
[Parent 9408, Gecko_IOThread] WARNING: pipe error: 109: file z:/build/build/src/ipc/chromium/src/chrome/common/ipc_channel_win.cc, line 346
Unable to read VR Path Registry from C:\Users\Administrator\AppData\Local\openvr\openvrpaths.vrpath
[Child 6532, Chrome_ChildThread] WARNING: pipe error: 109: file z:/build/build/src/ipc/chromium/src/chrome/common/ipc_channel_win.cc, line 346
*** UTM:SVC TimerManager:registerTimer called after profile-before-change notification. Ignoring timer registration for id: telemetry_modules_ping
1522830454208	geckodriver::marionette	ERROR	Failed to stop browser process
1523171773285	geckodriver	INFO	geckodriver 0.20.0
1523171773297	geckodriver	INFO	Listening on 127.0.0.1:56123
1523171776346	mozrunner::runner	INFO	Running command: "E:\\360Downloads\\firefox.exe" "-marionette" "-profile" "C:\\Users\\ADMINI~1\\AppData\\Local\\Temp\\rust_mozprofile.XBd4c86BtrYt"
1523171780170	Marionette	INFO	Enabled via --marionette
1523171786908	Marionette	INFO	Listening on port 56133
1523171787962	Marionette	WARN	TLS certificate errors will be ignored for this session
Unable to read VR Path Registry from C:\Users\Administrator\AppData\Local\openvr\openvrpaths.vrpath
[Child 8308, Chrome_ChildThread] WARNING: pipe error: 109: file z:/build/build/src/ipc/chromium/src/chrome/common/ipc_channel_win.cc, line 346
[Child 8308, Chrome_ChildThread] WARNING: pipe error: 109: file z:/build/build/src/ipc/chromium/src/chrome/common/ipc_channel_win.cc, line 346
Unable to read VR Path Registry from C:\Users\Administrator\AppData\Local\openvr\openvrpaths.vrpath
[Child 8696, Chrome_ChildThread] WARNING: pipe error: 109: file z:/build/build/src/ipc/chromium/src/chrome/common/ipc_channel_win.cc, line 346
[Child 8696, Chrome_ChildThread] WARNING: pipe error: 109: file z:/build/build/src/ipc/chromium/src/chrome/common/ipc_channel_win.cc, line 346
Unable to read VR Path Registry from C:\Users\Administrator\AppData\Local\openvr\openvrpaths.vrpath
[Parent 4468, Gecko_IOThread] WARNING: pipe error: 109: file z:/build/build/src/ipc/chromium/src/chrome/common/ipc_channel_win.cc, line 346
Unable to read VR Path Registry from C:\Users\Administrator\AppData\Local\openvr\openvrpaths.vrpath
[Child 7836, Chrome_ChildThread] WARNING: pipe error: 109: file z:/build/build/src/ipc/chromium/src/chrome/common/ipc_channel_win.cc, line 346
*** UTM:SVC TimerManager:registerTimer called after profile-before-change notification. Ignoring timer registration for id: telemetry_modules_ping
1523171975429	geckodriver	INFO	geckodriver 0.20.0
1523171975441	geckodriver	INFO	Listening on 127.0.0.1:56198
1523171978463	mozrunner::runner	INFO	Running command: "E:\\360Downloads\\firefox.exe" "-marionette" "--headless" "--disable-gpu" "-profile" "C:\\Users\\ADMINI~1\\AppData\\Local\\Temp\\rust_mozprofile.VsvhIox9v2Vw"
*** You are running in headless mode.
1523171979402	Marionette	INFO	Enabled via --marionette
[GFX1-]: ClientLayerManager::BeginTransaction with IPC channel down. GPU process may have died.
1523171981226	Marionette	INFO	Listening on port 56206
1523171981670	Marionette	WARN	TLS certificate errors will be ignored for this session
Unable to read VR Path Registry from C:\Users\Administrator\AppData\Local\openvr\openvrpaths.vrpath
JavaScript warning: https://s3.music.126.net/web/s/core.js?6ada41836c02af3a3635a4a8917375c6, line 94: unreachable code after return statement
JavaScript warning: https://s3.music.126.net/web/s/core.js?6ada41836c02af3a3635a4a8917375c6, line 94: unreachable code after return statement
Unable to read VR Path Registry from C:\Users\Administrator\AppData\Local\openvr\openvrpaths.vrpath
[Parent 7836, Gecko_IOThread] WARNING: pipe error: 109: file z:/build/build/src/ipc/chromium/src/chrome/common/ipc_channel_win.cc, line 346
Unable to read VR Path Registry from C:\Users\Administrator\AppData\Local\openvr\openvrpaths.vrpath
[Child 7768, Chrome_ChildThread] WARNING: pipe error: 109: file z:/build/build/src/ipc/chromium/src/chrome/common/ipc_channel_win.cc, line 346
[Child 7768, Chrome_ChildThread] WARNING: pipe error: 109: file z:/build/build/src/ipc/chromium/src/chrome/common/ipc_channel_win.cc, line 346
[Child 6712, Chrome_ChildThread] WARNING: pipe error: 109: file z:/build/build/src/ipc/chromium/src/chrome/common/ipc_channel_win.cc, line 346
Unable to read VR Path Registry from C:\Users\Administrator\AppData\Local\openvr\openvrpaths.vrpath
[Child 7184, Chrome_ChildThread] WARNING: pipe error: 109: file z:/build/build/src/ipc/chromium/src/chrome/common/ipc_channel_win.cc, line 346
*** UTM:SVC TimerManager:registerTimer called after profile-before-change notification. Ignoring timer registration for id: telemetry_modules_ping
1523171989520	geckodriver::marionette	ERROR	Failed to stop browser process
1523418145515	geckodriver	INFO	geckodriver 0.20.0
1523418146817	geckodriver	INFO	Listening on 127.0.0.1:57448
1523418149114	mozrunner::runner	INFO	Running command: "E:\\360Downloads\\firefox.exe" "-marionette" "-profile" "C:\\Users\\ADMINI~1\\AppData\\Local\\Temp\\rust_mozprofile.PQ4DkDIaFm9I"
1523418160768	Marionette	INFO	Enabled via --marionette
1523419412751	geckodriver	INFO	geckodriver 0.20.0
1523419413024	geckodriver	INFO	Listening on 127.0.0.1:57731
1523419415464	mozrunner::runner	INFO	Running command: "E:\\360Downloads\\firefox.exe" "-marionette" "-profile" "C:\\Users\\ADMINI~1\\AppData\\Local\\Temp\\rust_mozprofile.xIVFNnfv3HjU"
1523419432516	Marionette	INFO	Enabled via --marionette
IPDL protocol error: Handler returned error code!

###!!! [Parent][DispatchAsyncMessage] Error: PLayerTransaction::Msg_ReleaseLayer Processing error: message was deserialized, but the handler returned false (indicating failure)

IPDL protocol error: Handler returned error code!

###!!! [Parent][DispatchAsyncMessage] Error: PLayerTransaction::Msg_ReleaseLayer Processing error: message was deserialized, but the handler returned false (indicating failure)

IPDL protocol error: Handler returned error code!

###!!! [Parent][DispatchAsyncMessage] Error: PLayerTransaction::Msg_ReleaseLayer Processing error: message was deserialized, but the handler returned false (indicating failure)

IPDL protocol error: Handler returned error code!

###!!! [Parent][DispatchAsyncMessage] Error: PLayerTransaction::Msg_ReleaseLayer Processing error: message was deserialized, but the handler returned false (indicating failure)

IPDL protocol error: Handler returned error code!

###!!! [Parent][DispatchAsyncMessage] Error: PLayerTransaction::Msg_ReleaseLayer Processing error: message was deserialized, but the handler returned false (indicating failure)

IPDL protocol error: Handler returned error code!

###!!! [Parent][DispatchAsyncMessage] Error: PLayerTransaction::Msg_ReleaseLayer Processing error: message was deserialized, but the handler returned false (indicating failure)

Unable to read VR Path Registry from C:\Users\Administrator\AppData\Local\openvr\openvrpaths.vrpath
[Child 8008, Chrome_ChildThread] WARNING: pipe error: 109: file z:/build/build/src/ipc/chromium/src/chrome/common/ipc_channel_win.cc, line 346
[Child 8008, Chrome_ChildThread] WARNING: pipe error: 109: file z:/build/build/src/ipc/chromium/src/chrome/common/ipc_channel_win.cc, line 346
1523419460884	Marionette	INFO	Listening on port 57739
1523419462786	Marionette	WARN	TLS certificate errors will be ignored for this session
Unable to read VR Path Registry from C:\Users\Administrator\AppData\Local\openvr\openvrpaths.vrpath
JavaScript warning: http://s3.music.126.net/web/s/core.js?6ada41836c02af3a3635a4a8917375c6, line 94: unreachable code after return statement
JavaScript warning: http://s3.music.126.net/web/s/core.js?6ada41836c02af3a3635a4a8917375c6, line 94: unreachable code after return statement
Unable to read VR Path Registry from C:\Users\Administrator\AppData\Local\openvr\openvrpaths.vrpath
[Child 8600, Chrome_ChildThread] WARNING: pipe error: 109: file z:/build/build/src/ipc/chromium/src/chrome/common/ipc_channel_win.cc, line 346
[Child 8600, Chrome_ChildThread] WARNING: pipe error: 109: file z:/build/build/src/ipc/chromium/src/chrome/common/ipc_channel_win.cc, line 346
Unable to read VR Path Registry from C:\Users\Administrator\AppData\Local\openvr\openvrpaths.vrpath
[Parent 4600, Gecko_IOThread] WARNING: pipe error: 109: file z:/build/build/src/ipc/chromium/src/chrome/common/ipc_channel_win.cc, line 346
[Child 6016, Chrome_ChildThread] WARNING: pipe error: 109: file z:/build/build/src/ipc/chromium/src/chrome/common/ipc_channel_win.cc, line 346
[Parent 4600, Gecko_IOThread] WARNING: pipe error: 109: file z:/build/build/src/ipc/chromium/src/chrome/common/ipc_channel_win.cc, line 346
1523419543127	geckodriver	INFO	geckodriver 0.20.0
1523419543138	geckodriver	INFO	Listening on 127.0.0.1:57866
1523419545754	mozrunner::runner	INFO	Running command: "E:\\360Downloads\\firefox.exe" "-marionette" "-profile" "C:\\Users\\ADMINI~1\\AppData\\Local\\Temp\\rust_mozprofile.rDgrtbxpby91"
1523419548558	Marionette	INFO	Enabled via --marionette
Unable to read VR Path Registry from C:\Users\Administrator\AppData\Local\openvr\openvrpaths.vrpath
[Parent 9364, Gecko_IOThread] WARNING: pipe error: 109: file z:/build/build/src/ipc/chromium/src/chrome/common/ipc_channel_win.cc, line 346
Unable to read VR Path Registry from C:\Users\Administrator\AppData\Local\openvr\openvrpaths.vrpath
[Child 6772, Chrome_ChildThread] WARNING: pipe error: 109: file z:/build/build/src/ipc/chromium/src/chrome/common/ipc_channel_win.cc, line 346
[Child 6772, Chrome_ChildThread] WARNING: pipe error: 109: file z:/build/build/src/ipc/chromium/src/chrome/common/ipc_channel_win.cc, line 346
1523419556958	Marionette	INFO	Listening on port 57874
1523419557526	Marionette	WARN	TLS certificate errors will be ignored for this session
Unable to read VR Path Registry from C:\Users\Administrator\AppData\Local\openvr\openvrpaths.vrpath
JavaScript warning: http://s3.music.126.net/web/s/core.js?6ada41836c02af3a3635a4a8917375c6, line 94: unreachable code after return statement
JavaScript warning: http://s3.music.126.net/web/s/core.js?6ada41836c02af3a3635a4a8917375c6, line 94: unreachable code after return statement
[Parent 9364, Gecko_IOThread] WARNING: pipe error: 109: file z:/build/build/src/ipc/chromium/src/chrome/common/ipc_channel_win.cc, line 346
Unable to read VR Path Registry from C:\Users\Administrator\AppData\Local\openvr\openvrpaths.vrpath
[Child 9272, Chrome_ChildThread] WARNING: pipe error: 109: file z:/build/build/src/ipc/chromium/src/chrome/common/ipc_channel_win.cc, line 346
*** UTM:SVC TimerManager:registerTimer called after profile-before-change notification. Ignoring timer registration for id: telemetry_modules_ping
1523419691141	geckodriver	INFO	geckodriver 0.20.0
1523419691151	geckodriver	INFO	Listening on 127.0.0.1:58038
1523419694126	mozrunner::runner	INFO	Running command: "E:\\360Downloads\\firefox.exe" "-marionette" "-profile" "C:\\Users\\ADMINI~1\\AppData\\Local\\Temp\\rust_mozprofile.JDvVo1JzofKk"
1523419697424	Marionette	INFO	Enabled via --marionette
Unable to read VR Path Registry from C:\Users\Administrator\AppData\Local\openvr\openvrpaths.vrpath
[Child 7208, Chrome_ChildThread] WARNING: pipe error: 109: file z:/build/build/src/ipc/chromium/src/chrome/common/ipc_channel_win.cc, line 346
[Child 7208, Chrome_ChildThread] WARNING: pipe error: 109: file z:/build/build/src/ipc/chromium/src/chrome/common/ipc_channel_win.cc, line 346
1523419714078	Marionette	INFO	Listening on port 58046
1523419714570	Marionette	WARN	TLS certificate errors will be ignored for this session
Unable to read VR Path Registry from C:\Users\Administrator\AppData\Local\openvr\openvrpaths.vrpath
JavaScript warning: http://s3.music.126.net/web/s/core.js?6ada41836c02af3a3635a4a8917375c6, line 94: unreachable code after return statement
Unable to read VR Path Registry from C:\Users\Administrator\AppData\Local\openvr\openvrpaths.vrpath
[Child 9548, Chrome_ChildThread] WARNING: pipe error: 109: file z:/build/build/src/ipc/chromium/src/chrome/common/ipc_channel_win.cc, line 346
[Child 9548, Chrome_ChildThread] WARNING: pipe error: 109: file z:/build/build/src/ipc/chromium/src/chrome/common/ipc_channel_win.cc, line 346

###!!! [Child][MessageChannel] Error: (msgtype=0x47000E,name=PHttpChannel::Msg_DeletingChannel) Channel closing: too late to send/recv, messages will be lost


###!!! [Child][MessageChannel] Error: (msgtype=0x47000E,name=PHttpChannel::Msg_DeletingChannel) Channel closing: too late to send/recv, messages will be lost


###!!! [Child][MessageChannel] Error: (msgtype=0x47000E,name=PHttpChannel::Msg_DeletingChannel) Channel closing: too late to send/recv, messages will be lost

[Child 9504, Chrome_ChildThread] WARNING: pipe error: 109: file z:/build/build/src/ipc/chromium/src/chrome/common/ipc_channel_win.cc, line 346

###!!! [Child][MessageChannel] Error: (msgtype=0x47000E,name=PHttpChannel::Msg_DeletingChannel) Channel closing: too late to send/recv, messages will be lost


###!!! [Child][MessageChannel] Error: (msgtype=0x47000E,name=PHttpChannel::Msg_DeletingChannel) Channel closing: too late to send/recv, messages will be lost


###!!! [Child][MessageChannel] Error: (msgtype=0x47000E,name=PHttpChannel::Msg_DeletingChannel) Channel closing: too late to send/recv, messages will be lost


###!!! [Child][RunMessage] Error: Channel closing: too late to send/recv, messages will be lost


###!!! [Child][RunMessage] Error: Channel closing: too late to send/recv, messages will be lost


###!!! [Child][RunMessage] Error: Channel closing: too late to send/recv, messages will be lost


###!!! [Child][RunMessage] Error: Channel closing: too late to send/recv, messages will be lost


###!!! [Child][RunMessage] Error: Channel closing: too late to send/recv, messages will be lost


###!!! [Child][RunMessage] Error: Channel closing: too late to send/recv, messages will be lost


###!!! [Child][MessageChannel] Error: (msgtype=0x2C00AF,name=PContent::Msg_ScriptError) Channel closing: too late to send/recv, messages will be lost


###!!! [Child][RunMessage] Error: Channel closing: too late to send/recv, messages will be lost


###!!! [Child][RunMessage] Error: Channel closing: too late to send/recv, messages will be lost


###!!! [Child][RunMessage] Error: Channel closing: too late to send/recv, messages will be lost


###!!! [Child][RunMessage] Error: Channel closing: too late to send/recv, messages will be lost


###!!! [Child][RunMessage] Error: Channel closing: too late to send/recv, messages will be lost

Unable to read VR Path Registry from C:\Users\Administrator\AppData\Local\openvr\openvrpaths.vrpath
[Child 6496, Chrome_ChildThread] WARNING: pipe error: 109: file z:/build/build/src/ipc/chromium/src/chrome/common/ipc_channel_win.cc, line 346
[Child 6496, Chrome_ChildThread] WARNING: pipe error: 109: file z:/build/build/src/ipc/chromium/src/chrome/common/ipc_channel_win.cc, line 346
*** UTM:SVC TimerManager:registerTimer called after profile-before-change notification. Ignoring timer registration for id: telemetry_modules_ping
Unable to read VR Path Registry from C:\Users\Administrator\AppData\Local\openvr\openvrpaths.vrpath
1523420015449	geckodriver	INFO	geckodriver 0.20.0
1523420015460	geckodriver	INFO	Listening on 127.0.0.1:58288
1523420018296	mozrunner::runner	INFO	Running command: "E:\\360Downloads\\firefox.exe" "-marionette" "-profile" "C:\\Users\\ADMINI~1\\AppData\\Local\\Temp\\rust_mozprofile.orIfD9UowXzO"
1523420027654	Marionette	INFO	Enabled via --marionette
Unable to read VR Path Registry from C:\Users\Administrator\AppData\Local\openvr\openvrpaths.vrpath
[Child 9996, Chrome_ChildThread] WARNING: pipe error: 109: file z:/build/build/src/ipc/chromium/src/chrome/common/ipc_channel_win.cc, line 346
1523420050992	Marionette	INFO	Listening on port 58297
1523420051090	Marionette	WARN	TLS certificate errors will be ignored for this session
Unable to read VR Path Registry from C:\Users\Administrator\AppData\Local\openvr\openvrpaths.vrpath
JavaScript warning: http://s3.music.126.net/web/s/core.js?6ada41836c02af3a3635a4a8917375c6, line 94: unreachable code after return statement
JavaScript warning: http://s3.music.126.net/web/s/core.js?6ada41836c02af3a3635a4a8917375c6, line 94: unreachable code after return statement
Unable to read VR Path Registry from C:\Users\Administrator\AppData\Local\openvr\openvrpaths.vrpath
[Child 1184, Chrome_ChildThread] WARNING: pipe error: 109: file z:/build/build/src/ipc/chromium/src/chrome/common/ipc_channel_win.cc, line 346
[Child 1184, Chrome_ChildThread] WARNING: pipe error: 109: file z:/build/build/src/ipc/chromium/src/chrome/common/ipc_channel_win.cc, line 346
[Child 8040, Chrome_ChildThread] WARNING: pipe error: 109: file z:/build/build/src/ipc/chromium/src/chrome/common/ipc_channel_win.cc, line 346
[Child 8040, Chrome_ChildThread] WARNING: pipe error: 109: file z:/build/build/src/ipc/chromium/src/chrome/common/ipc_channel_win.cc, line 346
Unable to read VR Path Registry from C:\Users\Administrator\AppData\Local\openvr\openvrpaths.vrpath
[Parent 9780, Gecko_IOThread] WARNING: pipe error: 109: file z:/build/build/src/ipc/chromium/src/chrome/common/ipc_channel_win.cc, line 346
*** UTM:SVC TimerManager:registerTimer called after profile-before-change notification. Ignoring timer registration for id: telemetry_modules_ping
1523420200024	geckodriver	INFO	geckodriver 0.20.0
1523420200036	geckodriver	INFO	Listening on 127.0.0.1:58488
1523420203022	mozrunner::runner	INFO	Running command: "E:\\360Downloads\\firefox.exe" "-marionette" "-profile" "C:\\Users\\ADMINI~1\\AppData\\Local\\Temp\\rust_mozprofile.0nbfb434Dvyw"
1523420207774	Marionette	INFO	Enabled via --marionette
Unable to read VR Path Registry from C:\Users\Administrator\AppData\Local\openvr\openvrpaths.vrpath
[Parent 8276, Gecko_IOThread] WARNING: pipe error: 109: file z:/build/build/src/ipc/chromium/src/chrome/common/ipc_channel_win.cc, line 346
1523420230094	Marionette	INFO	Listening on port 58496
Unable to read VR Path Registry from C:\Users\Administrator\AppData\Local\openvr\openvrpaths.vrpath
[Child 7348, Chrome_ChildThread] WARNING: pipe error: 109: file z:/build/build/src/ipc/chromium/src/chrome/common/ipc_channel_win.cc, line 346
1523420230260	Marionette	WARN	TLS certificate errors will be ignored for this session
Unable to read VR Path Registry from C:\Users\Administrator\AppData\Local\openvr\openvrpaths.vrpath
[Child 6772, Chrome_ChildThread] WARNING: pipe error: 109: file z:/build/build/src/ipc/chromium/src/chrome/common/ipc_channel_win.cc, line 346
[Child 6772, Chrome_ChildThread] WARNING: pipe error: 109: file z:/build/build/src/ipc/chromium/src/chrome/common/ipc_channel_win.cc, line 346
[Parent 8276, Gecko_IOThread] WARNING: pipe error: 109: file z:/build/build/src/ipc/chromium/src/chrome/common/ipc_channel_win.cc, line 346
Unable to read VR Path Registry from C:\Users\Administrator\AppData\Local\openvr\openvrpaths.vrpath
[Child 9916, Chrome_ChildThread] WARNING: pipe error: 109: file z:/build/build/src/ipc/chromium/src/chrome/common/ipc_channel_win.cc, line 346
[Parent 8276, Gecko_IOThread] WARNING: pipe error: 109: file z:/build/build/src/ipc/chromium/src/chrome/common/ipc_channel_win.cc, line 346
Unable to read VR Path Registry from C:\Users\Administrator\AppData\Local\openvr\openvrpaths.vrpath
[Child 9300, Chrome_ChildThread] WARNING: pipe error: 109: file z:/build/build/src/ipc/chromium/src/chrome/common/ipc_channel_win.cc, line 346
*** UTM:SVC TimerManager:registerTimer called after profile-before-change notification. Ignoring timer registration for id: telemetry_modules_ping
1523420234469	geckodriver::marionette	ERROR	Failed to stop browser process
1523428545026	geckodriver	INFO	geckodriver 0.20.0
1523428545037	geckodriver	INFO	Listening on 127.0.0.1:51440
1523428548119	mozrunner::runner	INFO	Running command: "E:\\360Downloads\\firefox.exe" "-marionette" "-profile" "C:\\Users\\ADMINI~1\\AppData\\Local\\Temp\\rust_mozprofile.QFCEbo9Fmyto"
1523428562878	Marionette	INFO	Enabled via --marionette
IPDL protocol error: Handler returned error code!

###!!! [Parent][DispatchAsyncMessage] Error: PLayerTransaction::Msg_ReleaseLayer Processing error: message was deserialized, but the handler returned false (indicating failure)

IPDL protocol error: Handler returned error code!

###!!! [Parent][DispatchAsyncMessage] Error: PLayerTransaction::Msg_ReleaseLayer Processing error: message was deserialized, but the handler returned false (indicating failure)

IPDL protocol error: Handler returned error code!

###!!! [Parent][DispatchAsyncMessage] Error: PLayerTransaction::Msg_ReleaseLayer Processing error: message was deserialized, but the handler returned false (indicating failure)

IPDL protocol error: Handler returned error code!

###!!! [Parent][DispatchAsyncMessage] Error: PLayerTransaction::Msg_ReleaseLayer Processing error: message was deserialized, but the handler returned false (indicating failure)

IPDL protocol error: Handler returned error code!

###!!! [Parent][DispatchAsyncMessage] Error: PLayerTransaction::Msg_ReleaseLayer Processing error: message was deserialized, but the handler returned false (indicating failure)

IPDL protocol error: Handler returned error code!

###!!! [Parent][DispatchAsyncMessage] Error: PLayerTransaction::Msg_ReleaseLayer Processing error: message was deserialized, but the handler returned false (indicating failure)

Unable to read VR Path Registry from C:\Users\Administrator\AppData\Local\openvr\openvrpaths.vrpath
[Parent 8960, Gecko_IOThread] WARNING: pipe error: 109: file z:/build/build/src/ipc/chromium/src/chrome/common/ipc_channel_win.cc, line 346
Unable to read VR Path Registry from C:\Users\Administrator\AppData\Local\openvr\openvrpaths.vrpath
[Child 9288, Chrome_ChildThread] WARNING: pipe error: 109: file z:/build/build/src/ipc/chromium/src/chrome/common/ipc_channel_win.cc, line 346
[Child 9288, Chrome_ChildThread] WARNING: pipe error: 109: file z:/build/build/src/ipc/chromium/src/chrome/common/ipc_channel_win.cc, line 346
1523428586976	Marionette	INFO	Listening on port 53116
1523428588560	Marionette	WARN	TLS certificate errors will be ignored for this session
Unable to read VR Path Registry from C:\Users\Administrator\AppData\Local\openvr\openvrpaths.vrpath
[Child 6716, Chrome_ChildThread] WARNING: pipe error: 109: file z:/build/build/src/ipc/chromium/src/chrome/common/ipc_channel_win.cc, line 346
[Child 6716, Chrome_ChildThread] WARNING: pipe error: 109: file z:/build/build/src/ipc/chromium/src/chrome/common/ipc_channel_win.cc, line 346
[Parent 8960, Gecko_IOThread] WARNING: pipe error: 109: file z:/build/build/src/ipc/chromium/src/chrome/common/ipc_channel_win.cc, line 346
Unable to read VR Path Registry from C:\Users\Administrator\AppData\Local\openvr\openvrpaths.vrpath
[Child 9516, Chrome_ChildThread] WARNING: pipe error: 109: file z:/build/build/src/ipc/chromium/src/chrome/common/ipc_channel_win.cc, line 346
*** UTM:SVC TimerManager:registerTimer called after profile-before-change notification. Ignoring timer registration for id: telemetry_modules_ping
error: Found argument '--disk-cache' which wasn't expected, or isn't valid in this context

USAGE:
    geckodriver --port <PORT>

For more information try --help
error: Found argument '--disk-cache' which wasn't expected, or isn't valid in this context

USAGE:
    geckodriver --port <PORT>

For more information try --help
error: Found argument '--disk-cache' which wasn't expected, or isn't valid in this context

USAGE:
    geckodriver --port <PORT>

For more information try --help
1523429756947	geckodriver	INFO	geckodriver 0.20.0
1523429756959	geckodriver	INFO	Listening on 127.0.0.1:53420
1523429759458	mozrunner::runner	INFO	Running command: "E:\\360Downloads\\firefox.exe" "-marionette" "-profile" "C:\\Users\\ADMINI~1\\AppData\\Local\\Temp\\rust_mozprofile.cHqgP7pH0UuW"
1523429765444	Marionette	INFO	Enabled via --marionette
Unable to read VR Path Registry from C:\Users\Administrator\AppData\Local\openvr\openvrpaths.vrpath
[Child 9828, Chrome_ChildThread] WARNING: pipe error: 109: file z:/build/build/src/ipc/chromium/src/chrome/common/ipc_channel_win.cc, line 346
[Child 9828, Chrome_ChildThread] WARNING: pipe error: 109: file z:/build/build/src/ipc/chromium/src/chrome/common/ipc_channel_win.cc, line 346
console.error: 
  Could not write session state file 
  Message: Error: _initWorker called too early! Please read the session file from disk first.
  Stack:
    _initWorker/<@resource:///modules/sessionstore/SessionFile.jsm:344:15
_initWorker@resource:///modules/sessionstore/SessionFile.jsm:337:12
_postToWorker@resource:///modules/sessionstore/SessionFile.jsm:361:11
write@resource:///modules/sessionstore/SessionFile.jsm:401:19
write@resource:///modules/sessionstore/SessionFile.jsm:73:12
_writeState@resource:///modules/sessionstore/SessionSaver.jsm:363:12
_saveState@resource:///modules/sessionstore/SessionSaver.jsm:301:12
_saveStateAsync@resource:///modules/sessionstore/SessionSaver.jsm:347:5
saveStateAsyncWhenIdle@resource:///modules/sessionstore/SessionSaver.jsm:198:9

  _initWorker/<@resource:///modules/sessionstore/SessionFile.jsm:344:15
_initWorker@resource:///modules/sessionstore/SessionFile.jsm:337:12
_postToWorker@resource:///modules/sessionstore/SessionFile.jsm:361:11
write@resource:///modules/sessionstore/SessionFile.jsm:401:19
write@resource:///modules/sessionstore/SessionFile.jsm:73:12
_writeState@resource:///modules/sessionstore/SessionSaver.jsm:363:12
_saveState@resource:///modules/sessionstore/SessionSaver.jsm:301:12
_saveStateAsync@resource:///modules/sessionstore/SessionSaver.jsm:347:5
saveStateAsyncWhenIdle@resource:///modules/sessionstore/SessionSaver.jsm:198:9

1523429786784	Marionette	INFO	Listening on port 53428
1523429789720	Marionette	WARN	TLS certificate errors will be ignored for this session
Unable to read VR Path Registry from C:\Users\Administrator\AppData\Local\openvr\openvrpaths.vrpath
JavaScript warning: http://s3.music.126.net/web/s/core.js?6ada41836c02af3a3635a4a8917375c6, line 94: unreachable code after return statement
JavaScript warning: http://s3.music.126.net/web/s/core.js?6ada41836c02af3a3635a4a8917375c6, line 94: unreachable code after return statement
Unable to read VR Path Registry from C:\Users\Administrator\AppData\Local\openvr\openvrpaths.vrpath
[Child 10628, Chrome_ChildThread] WARNING: pipe error: 109: file z:/build/build/src/ipc/chromium/src/chrome/common/ipc_channel_win.cc, line 346
[Child 8948, Chrome_ChildThread] WARNING: pipe error: 109: file z:/build/build/src/ipc/chromium/src/chrome/common/ipc_channel_win.cc, line 346
[Child 8948, Chrome_ChildThread] WARNING: pipe error: 109: file z:/build/build/src/ipc/chromium/src/chrome/common/ipc_channel_win.cc, line 346
Unable to read VR Path Registry from C:\Users\Administrator\AppData\Local\openvr\openvrpaths.vrpath
[Parent 10248, Gecko_IOThread] WARNING: pipe error: 109: file z:/build/build/src/ipc/chromium/src/chrome/common/ipc_channel_win.cc, line 346
Unable to read VR Path Registry from C:\Users\Administrator\AppData\Local\openvr\openvrpaths.vrpath
[Child 9172, Chrome_ChildThread] WARNING: pipe error: 109: file z:/build/build/src/ipc/chromium/src/chrome/common/ipc_channel_win.cc, line 346
1523432024099	geckodriver	INFO	geckodriver 0.20.0
1523432024109	geckodriver	INFO	Listening on 127.0.0.1:64048
1523432027074	mozrunner::runner	INFO	Running command: "E:\\360Downloads\\firefox.exe" "-marionette" "-profile" "C:\\Users\\ADMINI~1\\AppData\\Local\\Temp\\rust_mozprofile.b3HupMb8Wjg1"
1523432028388	Marionette	INFO	Enabled via --marionette
1523432033082	Marionette	INFO	Listening on port 64057
1523432033302	Marionette	WARN	TLS certificate errors will be ignored for this session
Unable to read VR Path Registry from C:\Users\Administrator\AppData\Local\openvr\openvrpaths.vrpath
[Parent 7680, Gecko_IOThread] WARNING: pipe error: 109: file z:/build/build/src/ipc/chromium/src/chrome/common/ipc_channel_win.cc, line 346
[Parent 7680, Gecko_IOThread] WARNING: pipe error: 109: file z:/build/build/src/ipc/chromium/src/chrome/common/ipc_channel_win.cc, line 346
Unable to read VR Path Registry from C:\Users\Administrator\AppData\Local\openvr\openvrpaths.vrpath
[Child 9356, Chrome_ChildThread] WARNING: pipe error: 109: file z:/build/build/src/ipc/chromium/src/chrome/common/ipc_channel_win.cc, line 346
Unable to read VR Path Registry from C:\Users\Administrator\AppData\Local\openvr\openvrpaths.vrpath
[Child 7564, Chrome_ChildThread] WARNING: pipe error: 232: file z:/build/build/src/ipc/chromium/src/chrome/common/ipc_channel_win.cc, line 513
[Child 7564, Chrome_ChildThread] WARNING: pipe error: 109: file z:/build/build/src/ipc/chromium/src/chrome/common/ipc_channel_win.cc, line 346
[Child 7564, Chrome_ChildThread] WARNING: pipe error: 109: file z:/build/build/src/ipc/chromium/src/chrome/common/ipc_channel_win.cc, line 346
[Parent 7680, Gecko_IOThread] WARNING: pipe error: 109: file z:/build/build/src/ipc/chromium/src/chrome/common/ipc_channel_win.cc, line 346
Unable to read VR Path Registry from C:\Users\Administrator\AppData\Local\openvr\openvrpaths.vrpath
[Child 6628, Chrome_ChildThread] WARNING: pipe error: 109: file z:/build/build/src/ipc/chromium/src/chrome/common/ipc_channel_win.cc, line 346
1523433762618	geckodriver	INFO	geckodriver 0.20.0
1523433762628	geckodriver	INFO	Listening on 127.0.0.1:55289
1523433765660	mozrunner::runner	INFO	Running command: "E:\\360Downloads\\firefox.exe" "-marionette" "-profile" "C:\\Users\\ADMINI~1\\AppData\\Local\\Temp\\rust_mozprofile.7erQ2TL8qpV8"
1523433771308	Marionette	INFO	Enabled via --marionette
1523433778244	Marionette	INFO	Listening on port 55297
1523433781298	Marionette	WARN	TLS certificate errors will be ignored for this session
Unable to read VR Path Registry from C:\Users\Administrator\AppData\Local\openvr\openvrpaths.vrpath
JavaScript warning: http://s3.music.126.net/web/s/core.js?6ada41836c02af3a3635a4a8917375c6, line 94: unreachable code after return statement
JavaScript warning: http://s3.music.126.net/web/s/core.js?6ada41836c02af3a3635a4a8917375c6, line 94: unreachable code after return statement
JavaScript warning: http://s3.music.126.net/web/s/core.js?6ada41836c02af3a3635a4a8917375c6, line 94: unreachable code after return statement
JavaScript warning: http://s3.music.126.net/web/s/core.js?6ada41836c02af3a3635a4a8917375c6, line 94: unreachable code after return statement
Unable to read VR Path Registry from C:\Users\Administrator\AppData\Local\openvr\openvrpaths.vrpath
[Child 11444, Chrome_ChildThread] WARNING: pipe error: 109: file z:/build/build/src/ipc/chromium/src/chrome/common/ipc_channel_win.cc, line 346
*** UTM:SVC TimerManager:registerTimer called after profile-before-change notification. Ignoring timer registration for id: telemetry_modules_ping
Unable to read VR Path Registry from C:\Users\Administrator\AppData\Local\openvr\openvrpaths.vrpath
1523433819003	geckodriver::marionette	ERROR	Failed to stop browser process
1523433972037	geckodriver	INFO	geckodriver 0.20.0
1523433972048	geckodriver	INFO	Listening on 127.0.0.1:55595
1523433975082	mozrunner::runner	INFO	Running command: "E:\\360Downloads\\firefox.exe" "-marionette" "-profile" "C:\\Users\\ADMINI~1\\AppData\\Local\\Temp\\rust_mozprofile.G8AkH7uK4rfj"
1523433976430	Marionette	INFO	Enabled via --marionette
1523433978752	Marionette	INFO	Listening on port 55604
1523433979306	Marionette	WARN	TLS certificate errors will be ignored for this session
Unable to read VR Path Registry from C:\Users\Administrator\AppData\Local\openvr\openvrpaths.vrpath
JavaScript warning: http://s3.music.126.net/web/s/core.js?6ada41836c02af3a3635a4a8917375c6, line 94: unreachable code after return statement
JavaScript warning: http://s3.music.126.net/web/s/core.js?6ada41836c02af3a3635a4a8917375c6, line 94: unreachable code after return statement
JavaScript warning: http://s3.music.126.net/web/s/core.js?6ada41836c02af3a3635a4a8917375c6, line 94: unreachable code after return statement
JavaScript warning: http://s3.music.126.net/web/s/core.js?6ada41836c02af3a3635a4a8917375c6, line 94: unreachable code after return statement
Unable to read VR Path Registry from C:\Users\Administrator\AppData\Local\openvr\openvrpaths.vrpath
[Parent 12724, Gecko_IOThread] WARNING: pipe error: 109: file z:/build/build/src/ipc/chromium/src/chrome/common/ipc_channel_win.cc, line 346
[Child 11228, Chrome_ChildThread] WARNING: pipe error: 109: file z:/build/build/src/ipc/chromium/src/chrome/common/ipc_channel_win.cc, line 346
Unable to read VR Path Registry from C:\Users\Administrator\AppData\Local\openvr\openvrpaths.vrpath
[Child 12316, Chrome_ChildThread] WARNING: pipe error: 109: file z:/build/build/src/ipc/chromium/src/chrome/common/ipc_channel_win.cc, line 346
[Child 12316, Chrome_ChildThread] WARNING: pipe error: 109: file z:/build/build/src/ipc/chromium/src/chrome/common/ipc_channel_win.cc, line 346
[Parent 12724, Gecko_IOThread] WARNING: pipe error: 109: file z:/build/build/src/ipc/chromium/src/chrome/common/ipc_channel_win.cc, line 346
Unable to read VR Path Registry from C:\Users\Administrator\AppData\Local\openvr\openvrpaths.vrpath
[Child 12708, Chrome_ChildThread] WARNING: pipe error: 109: file z:/build/build/src/ipc/chromium/src/chrome/common/ipc_channel_win.cc, line 346
*** UTM:SVC TimerManager:registerTimer called after profile-before-change notification. Ignoring timer registration for id: telemetry_modules_ping
1523434080943	geckodriver	INFO	geckodriver 0.20.0
1523434080953	geckodriver	INFO	Listening on 127.0.0.1:55760
1523434083973	mozrunner::runner	INFO	Running command: "E:\\360Downloads\\firefox.exe" "-marionette" "-profile" "C:\\Users\\ADMINI~1\\AppData\\Local\\Temp\\rust_mozprofile.lb7uqcBgwuyG"
1523434084994	Marionette	INFO	Enabled via --marionette
1523434086838	Marionette	INFO	Listening on port 55769
1523434087212	Marionette	WARN	TLS certificate errors will be ignored for this session
Unable to read VR Path Registry from C:\Users\Administrator\AppData\Local\openvr\openvrpaths.vrpath
JavaScript warning: http://s3.music.126.net/web/s/core.js?6ada41836c02af3a3635a4a8917375c6, line 94: unreachable code after return statement
JavaScript warning: http://s3.music.126.net/web/s/core.js?6ada41836c02af3a3635a4a8917375c6, line 94: unreachable code after return statement
JavaScript warning: http://s3.music.126.net/web/s/core.js?6ada41836c02af3a3635a4a8917375c6, line 94: unreachable code after return statement
JavaScript error: chrome://marionette/content/error.js, line 172: Error: Document was unloaded
JavaScript warning: http://s3.music.126.net/web/s/core.js?6ada41836c02af3a3635a4a8917375c6, line 94: unreachable code after return statement
JavaScript warning: http://s3.music.126.net/web/s/core.js?6ada41836c02af3a3635a4a8917375c6, line 94: unreachable code after return statement
JavaScript warning: http://s3.music.126.net/web/s/core.js?6ada41836c02af3a3635a4a8917375c6, line 94: unreachable code after return statement
JavaScript warning: http://s3.music.126.net/web/s/core.js?6ada41836c02af3a3635a4a8917375c6, line 94: unreachable code after return statement
JavaScript warning: http://s3.music.126.net/web/s/core.js?6ada41836c02af3a3635a4a8917375c6, line 94: unreachable code after return statement
JavaScript warning: http://s3.music.126.net/web/s/core.js?6ada41836c02af3a3635a4a8917375c6, line 94: unreachable code after return statement
JavaScript error: resource:///modules/ContentMetaHandler.jsm, line 156: NS_ERROR_ILLEGAL_VALUE: Component returned failure code: 0x80070057 (NS_ERROR_ILLEGAL_VALUE) [nsIMessageSender.sendAsyncMessage]
JavaScript error: resource:///modules/ContentMetaHandler.jsm, line 156: NS_ERROR_ILLEGAL_VALUE: Component returned failure code: 0x80070057 (NS_ERROR_ILLEGAL_VALUE) [nsIMessageSender.sendAsyncMessage]
[Child 13128, Chrome_ChildThread] WARNING: pipe error: 109: file z:/build/build/src/ipc/chromium/src/chrome/common/ipc_channel_win.cc, line 346
Unable to read VR Path Registry from C:\Users\Administrator\AppData\Local\openvr\openvrpaths.vrpath
[Parent 3012, Gecko_IOThread] WARNING: pipe error: 109: file z:/build/build/src/ipc/chromium/src/chrome/common/ipc_channel_win.cc, line 346
*** UTM:SVC TimerManager:registerTimer called after profile-before-change notification. Ignoring timer registration for id: telemetry_modules_ping
1523434093325	geckodriver::marionette	ERROR	Failed to stop browser process
1523434575609	geckodriver	INFO	geckodriver 0.20.0
1523434575619	geckodriver	INFO	Listening on 127.0.0.1:55988
1523434578639	mozrunner::runner	INFO	Running command: "E:\\360Downloads\\firefox.exe" "-marionette" "-profile" "C:\\Users\\ADMINI~1\\AppData\\Local\\Temp\\rust_mozprofile.XQX8kV0mYeIs"
1523434579700	Marionette	INFO	Enabled via --marionette
1523434593207	geckodriver	INFO	geckodriver 0.20.0
1523434593218	geckodriver	INFO	Listening on 127.0.0.1:56002
1523434596248	mozrunner::runner	INFO	Running command: "E:\\360Downloads\\firefox.exe" "-marionette" "-profile" "C:\\Users\\ADMINI~1\\AppData\\Local\\Temp\\rust_mozprofile.yGtIUCmd8G7u"
1523434597254	Marionette	INFO	Enabled via --marionette
1523434599140	Marionette	INFO	Listening on port 56010
1523434600080	Marionette	WARN	TLS certificate errors will be ignored for this session
Unable to read VR Path Registry from C:\Users\Administrator\AppData\Local\openvr\openvrpaths.vrpath
JavaScript warning: http://s3.music.126.net/web/s/core.js?6ada41836c02af3a3635a4a8917375c6, line 94: unreachable code after return statement
JavaScript warning: http://s3.music.126.net/web/s/core.js?6ada41836c02af3a3635a4a8917375c6, line 94: unreachable code after return statement
JavaScript warning: http://s3.music.126.net/web/s/core.js?6ada41836c02af3a3635a4a8917375c6, line 94: unreachable code after return statement
JavaScript warning: http://s3.music.126.net/web/s/core.js?6ada41836c02af3a3635a4a8917375c6, line 94: unreachable code after return statement
JavaScript warning: http://s3.music.126.net/web/s/core.js?6ada41836c02af3a3635a4a8917375c6, line 94: unreachable code after return statement
JavaScript warning: http://s3.music.126.net/web/s/core.js?6ada41836c02af3a3635a4a8917375c6, line 94: unreachable code after return statement
Unable to read VR Path Registry from C:\Users\Administrator\AppData\Local\openvr\openvrpaths.vrpath
[Child 12648, Chrome_ChildThread] WARNING: pipe error: 109: file z:/build/build/src/ipc/chromium/src/chrome/common/ipc_channel_win.cc, line 346
[Child 12648, Chrome_ChildThread] WARNING: pipe error: 109: file z:/build/build/src/ipc/chromium/src/chrome/common/ipc_channel_win.cc, line 346
[Child 10932, Chrome_ChildThread] WARNING: pipe error: 109: file z:/build/build/src/ipc/chromium/src/chrome/common/ipc_channel_win.cc, line 346
*** UTM:SVC TimerManager:registerTimer called after profile-before-change notification. Ignoring timer registration for id: telemetry_modules_ping
Unable to read VR Path Registry from C:\Users\Administrator\AppData\Local\openvr\openvrpaths.vrpath
1523434607014	geckodriver::marionette	ERROR	Failed to stop browser process
1523435155149	geckodriver	INFO	geckodriver 0.20.0
1523435155159	geckodriver	INFO	Listening on 127.0.0.1:56550
1523436025806	geckodriver	INFO	geckodriver 0.20.0
1523436025817	geckodriver	INFO	Listening on 127.0.0.1:56924
1523436028768	mozrunner::runner	INFO	Running command: "E:\\360Downloads\\firefox.exe" "-marionette" "-profile" "C:\\Users\\ADMINI~1\\AppData\\Local\\Temp\\rust_mozprofile.tt5hAhMkqrEu"
1523436030342	Marionette	INFO	Enabled via --marionette
1523436032276	Marionette	INFO	Listening on port 56934
1523436033112	Marionette	WARN	TLS certificate errors will be ignored for this session
Unable to read VR Path Registry from C:\Users\Administrator\AppData\Local\openvr\openvrpaths.vrpath
JavaScript warning: http://s3.music.126.net/web/s/core.js?6ada41836c02af3a3635a4a8917375c6, line 94: unreachable code after return statement
JavaScript warning: http://s3.music.126.net/web/s/core.js?6ada41836c02af3a3635a4a8917375c6, line 94: unreachable code after return statement
Unable to read VR Path Registry from C:\Users\Administrator\AppData\Local\openvr\openvrpaths.vrpath
[Parent 11523436063907	mozrunner::runner	INFO	Running command: "E:\\360Downloads\\firefox.exe" "-marionette" "-profile" "C:\\Users\\ADMINI~1\\AppData\\Local\\Temp\\rust_mozprofile.XOj4eN9SrGl0"
1523436064946	Marionette	INFO	Enabled via --marionette
1523436067118	Marionette	INFO	Listening on port 57017
1523436067532	Marionette	WARN	TLS certificate errors will be ignored for this session
Unable to read VR Path Registry from C:\Users\Administrator\AppData\Local\openvr\openvrpaths.vrpath
JavaScript warning: http://s3.music.126.net/web/s/core.js?6ada41836c02af3a3635a4a8917375c6, line 94: unreachable code after return statement
JavaScript warning: http://s3.music.126.net/web/s/core.js?6ada41836c02af3a3635a4a8917375c6, line 94: unreachable code after return statement
JavaScript warning: http://s3.music.126.net/web/s/core.js?6ada41836c02af3a3635a4a8917375c6, line 94: unreachable code after return statement
JavaScript warning: http://s3.music.126.net/web/s/core.js?6ada41836c02af3a3635a4a8917375c6, line 94: unreachable code after return statement
Unable to read VR Path Registry from C:\Users\Administrator\AppData\Local\openvr\openvrpaths.vrpath
[Child 13424, Chrome_ChildThread] WARNING: pipe error: 109: file z:/build/build/src/ipc/chromium/src/chrome/common/ipc_channel_win.cc, line 346
[Child 13424, Chrome_ChildThread] WARNING: pipe error: 109: file z:/build/build/src/ipc/chromium/src/chrome/common/ipc_channel_win.cc, line 346
IPDL protocol error: Handler returned error code!

###!!! [Parent][DispatchAsyncMessage] Error: PLayerTransaction::Msg_ReleaseLayer Processing error: messa1523436145896	mozrunner::runner	INFO	Running command: "E:\\360Downloads\\firefox.exe" "-marionette" "-profile" "C:\\Users\\ADMINI~1\\AppData\\Local\\Temp\\rust_mozprofile.fzRDOQiGfdko"
1523436146842	Marionette	INFO	Enabled via --marionette
1523436148832	Marionette	INFO	Listening on port 57095
1523436149104	Marionette	WARN	TLS certificate errors will be ignored for this session
Unable to read VR Path Registry from C:\Users\Administrator\AppData\Local\openvr\openvrpaths.vrpath
JavaScript warning: http://s3.music.126.net/web/s/core.js?6ada41836c02af3a3635a4a8917375c6, line 94: unreachable code after return statement
JavaScript warning: http://s3.music.126.net/web/s/core.js?6ada41836c02af3a3635a4a8917375c6, line 94: unreachable code after return statement
JavaScript warning: http://s3.music.126.net/web/s/core.js?6ada41836c02af3a3635a4a8917375c6, line 94: unreachable code after return statement
JavaScript warning: http://s3.music.126.net/web/s/core.js?6ada41836c02af3a3635a4a8917375c6, line 94: unreachable code after return statement
JavaScript warning: http://s3.music.126.net/web/s/core.js?6ada41836c02af3a3635a4a8917375c6, line 94: unreachable code after return statement
JavaScript warning: http://s3.music.126.net/web/s/core.js?6ada41836c02af3a3635a4a8917375c6, line 94: unreachable code after return statement
Unable to read VR Path Registry from C:\Users\Administrator\AppData\Local\openvr\openvrpaths.vrpath
[Child 13176, Chrome_ChildThread] WARNING: pipe error: 109: file z:/build/build/src/ipc/chromium/src/chrome/common/ipc_channel_win.cc, line 346
[Child 13176, Chrome_ChildThread] WARNING: pipe error: 109: file z:/build/build/src/ipc/chromium/src/chrome/common/ipc_channel_win.cc, line 346
Unable to read VR Path Registry from C:\Users\Administrator\AppData\Local\openvr\openvrpaths.vrpath
[Parent 12168, Gecko_IOThread] WARNING: pipe error: 109: file z:/build/build/src/ipc/chromium/src/chrome/common/ipc_channel_win.cc, line 346
[Child 14128, Chrome_ChildThread] WARNING: pipe error: 109: file z:/build/build/src/ipc/chromium/src/chrome/common/ipc_channel_win.cc, line 346
Unable to read VR Path Registry from C:\Users\Administrator\AppData\Local\openvr\openvrpaths.vrpath
[Child 14112, Chrome_ChildThread] WARNING: pipe error: 109: file z:/build/build/src/ipc/chromium/src/chrome/common/ipc_channel_win.cc, line 346
[Child 14112, Chrome_ChildThread] WARNING: pipe error: 109: file z:/build/build/src/ipc/chromium/src/chrome/common/ipc_channel_win.cc, line 346
*** UTM:SVC TimerManager:registerTimer called after profile-before-change notification. Ignoring timer registration for id: telemetry_modules_ping
1523436157780	geckodriver::marionette	ERROR	Failed to stop browser process
/build/build/src/ipc/chromium/src/chrome/common/ipc_channel_win.cc, line 346
1523436184688	geckodriver	INFO	geckodriver 0.20.0
1523436184698	geckodriver	INFO	Listening on 127.0.0.1:57191
1523436187657	mozrunner::runner	INFO	Running command: "E:\\360Downloads\\firefox.exe" "-marionette" "-profile" "C:\\Users\\ADMINI~1\\AppData\\Local\\Temp\\rust_mozprofile.sKTzMjHKZZrY"
1523436189098	Marionette	INFO	Enabled via --marionette
1523436191136	Marionette	INFO	Listening on port 57199
1523436191872	Marionette	WARN	TLS certificate errors will be ignored for this session
Unable to read VR Path Registry from C:\Users\Administrator\AppData\Local\openvr\openvrpaths.vrpath
JavaScript warning: http://s3.music.126.net/web/s/core.js?6ada41836c02af3a3635a4a8917375c6, line 94: unreachable code after return statement
JavaScript warning: http://s3.music.126.net/web/s/core.js?6ada41836c02af3a3635a4a8917375c6, line 94: unreachable code after return statement
JavaScript warning: http://s3.music.126.net/web/s/core.js?6ada41836c02af3a3635a4a8917375c6, line 94: unreachable code after return statement
JavaScript warning: http://s3.music.126.net/web/s/core.js?6ada41836c02af3a3635a4a8917375c6, line 94: unreachable code after return statement
Unable to read VR Path Registry from C:\Users\Administrator\AppData\Local\openvr\openvrpaths.vrpath
[Parent 11523436271922	mozrunner::runner	INFO	Running command: "E:\\360Downloads\\firefox.exe" "-marionette" "-profile" "C:\\Users\\ADMINI~1\\AppData\\Local\\Temp\\rust_mozprofile.unczEQZlIxN5"
1523436272972	Marionette	INFO	Enabled via --marionette
1523436275058	Marionette	INFO	Listening on port 57282
1523436275556	Marionette	WARN	TLS certificate errors will be ignored for this session
Unable to read VR Path Registry from C:\Users\Administrator\AppData\Local\openvr\openvrpaths.vrpath
JavaScript warning: http://s3.music.126.net/web/s/core.js?6ada41836c02af3a3635a4a8917375c6, line 94: unreachable code after return statement
JavaScript warning: http://s3.music.126.net/web/s/core.js?6ada41836c02af3a3635a4a8917375c6, line 94: unreachable code after return statement
JavaScript warning: http://s3.music.126.net/web/s/core.js?6ada41836c02af3a3635a4a8917375c6, line 94: unreachable code after return statement
JavaScript warning: http://s3.music.126.net/web/s/core.js?6ada41836c02af3a3635a4a8917375c6, line 94: unreachable code after return statement
JavaScript warning: http://s3.music.126.net/web/s/core.js?6ada41836c02af3a3635a4a8917375c6, line 94: unreachable code after return statement
JavaScript warning: http://s3.music.126.net/web/s/core.js?6ada41836c02af3a3635a4a8917375c6, line 94: unreachable code after return statement
Unable to read VR Path Registry from C:\Users\Administrator\AppData\Local\openvr\openvrpaths.vrpath
[Parent 9396, Gecko_IOThread] WARNING: pipe error: 109: file z:/build/build/src/ipc/chromium/src/chrome/common/ipc_channel_win.cc, line 346
Unable to read VR Path Registry from C:\Users\Administrator\AppData\Local\openvr\openvrpaths.vrpath
[Child 13672, Chrome_ChildThread] WARNING: pipe error: 109: file z:/build/build/src/ipc/chromium/src/chrome/common/ipc_channel_win.cc, line 346
[Child 13672, Chrome_ChildThread] WARNING: pipe error: 109: file z:/build/build/src/ipc/chromium/src/chrome/common/ipc_channel_win.cc, line 346
[Child 13884, Chrome_ChildThread] WARNING: pipe error: 109: file z:/build/build/src/ipc/chromium/src/chrome/common/ipc_channel_win.cc, line 346
[Parent 9396, Gecko_IOThread] WARNING: pipe error: 109: file z:/build/build/src/ipc/chromium/src/chrome/common/ipc_channel_win.cc, line 346
Unable to read VR Path Registry from C:\Users\Administrator\AppData\Local\openvr\openvrpaths.vrpath
[Child 14004, Chrome_ChildThread] WARNING: pipe error: 109: file z:/build/build/src/ipc/chromium/src/chrome/common/ipc_channel_win.cc, line 346
*** UTM:SVC TimerManager:registerTimer called after profile-before-change notification. Ignoring timer registration for id: telemetry_modules_ping
1523436284825	geckodriver::marionette	ERROR	Failed to stop browser process
rTransaction::Msg_ReleaseLayer Processing error: message was deserialized, but the handler returned false (indicating failure)

[Child 12388, Chrome_ChildThread] WARNING: pipe error: 109: file z:/build/build/src/ipc/chromium/src/chrome/common/ipc_channel_win.cc, line 346
[Child 12388, Chrome_ChildThread] WARNING: pipe error: 109: file z:/build/build/src/ipc/chromium/src/chrome/common/ipc_channel_win.cc, line 346
1523443218566	geckodriver	INFO	geckodriver 0.20.0
1523443218578	geckodriver	INFO	Listening on 127.0.0.1:55691
1523443221586	mozrunner::runner	INFO	Running command: "E:\\360Downloads\\firefox.exe" "-marionette" "-profile" "C:\\Users\\ADMINI~1\\AppData\\Local\\Temp\\rust_mozprofile.wuDO8isJbTW6"
1525834371721	geckodriver	INFO	geckodriver 0.20.0
1525834371829	geckodriver	INFO	Listening on 127.0.0.1:50298
1525834374695	mozrunner::runner	INFO	Running command: "E:\\360Downloads\\firefox.exe" "-marionette" "--disable-gpu" "-profile" "C:\\Users\\ADMINI~1\\AppData\\Local\\Temp\\rust_mozprofile.WEiFSv9p5HRz"
1525834378584	Marionette	INFO	Enabled via --marionette
1525834384796	Marionette	INFO	Listening on port 50308
1525834386008	Marionette	WARN	TLS certificate errors will be ignored for this session
Unable to read VR Path Registry from C:\Users\Administrator\AppData\Local\openvr\openvrpaths.vrpath
[Parent 41525834548536	mozrunner::runner	INFO	Running command: "E:\\360Downloads\\firefox.exe" "-marionette" "--disable-gpu" "-profile" "C:\\Users\\ADMINI~1\\AppData\\Local\\Temp\\rust_mozprofile.jZw1kTWEvOEP"
1525834549606	Marionette	INFO	Enabled via --marionette
1525834552040	Marionette	INFO	Listening on port 50543
1525834552192	Marionette	WARN	TLS certificate errors will be ignored for this session
Unable to read VR Path Registry from C:\Users\Administrator\AppData\Local\openvr\openvrpaths.vrpath
[Parent 6708, Gecko_IOThread] WARNING: pipe error: 109: file z:/build/build/src/ipc/chromium/src/chrome/common/ipc_channel_win.cc, line 346
Unable to read VR Path Registry from C:\Users\Administrator\AppData\Local\openvr\openvrpaths.vrpath
[Child 6844, Chrome_ChildThread] WARNING: pipe error: 109: file z:/build/build/src/ipc/chromium/src/chrome/common/ipc_channel_win.cc, line 346
[Child 6844, Chrome_ChildThread] WARNING: pipe error: 109: file z:/build/build/src/ipc/chromium/src/chrome/common/ipc_channel_win.c1525834606798	mozrunner::runner	INFO	Running command: "E:\\360Downloads\\firefox.exe" "-marionette" "--disable-gpu" "-profile" "C:\\Users\\ADMINI~1\\AppData\\Local\\Temp\\rust_mozprofile.Z6PUcoH5WFZy"
1525834607864	Marionette	INFO	Enabled via --marionette
1525834609952	Marionette	INFO	Listening on port 50584
1525834610058	Marionette	WARN	TLS certificate errors will be ignored for this session
Unable to read VR Path Registry from C:\Users\Administrator\AppData\Local\openvr\openvrpaths.vrpath
JavaScript error: https://ss1.bdstatic.com/5eN1bjq8AAUYm2zgoY3K/r/www/cache/static/protocol/https/plugins/every_cookie_4644b13.js, line 4: ReferenceError: c is not defined
[Child 7984, Chrome_ChildThread] WARNING: pipe error: 109: file z:/build/build/src/ipc/chromium/src/chrome/common/ipc_channel_win.cc, line 346
Unable to read VR Path Registry from C:\Users\Administrator\AppData\Local\openvr\openvrpaths.vrpath
[Parent 7552, Gecko_IOThread] WARNING: pipe error: 109: file z:/build/build/src/ipc/chromium/src/chrome/common/ipc_channel_win.cc, line 346
Unable to read VR Path Registry from C:\Users\Administrator\AppData\Local\openvr\openvrpaths.vrpath
[Child 7172, Chrome_ChildThread] WARNING: pipe error: 109: file z:/build/build/src/ipc/chromium/src/chrome/common/ipc_channel_win.cc, line 346
[Child 7172, Chrome_ChildThread] WARNING: pipe error: 109: file z:/build/build/src/ipc/chromium/src/chrome/common/ipc_channel_win.cc, line 346
[Parent 7552, Gecko_IOThread] WARNING: pipe error: 109: file z:/build/build/src/ipc/chromium/src/chrome/common/ipc_channel_win.cc, line 346
1525835099754	geckodriver	INFO	geckodriver 0.20.0
1525835099767	geckodriver	INFO	Listening on 127.0.0.1:50777
1525835102812	mozrunner::runner	INFO	Running command: "E:\\360Downloads\\firefox.exe" "-marionette" "--disable-gpu" "-profile" "C:\\Users\\ADMINI~1\\AppData\\Local\\Temp\\rust_mozprofile.N0qDuuzYaOM5"
1525835103810	Marionette	INFO	Enabled via --marionette
1525835105622	Marionette	INFO	Listening on port 50785
1525835106024	Marionette	WARN	TLS certificate errors will be ignored for this session
Unable to read VR Path Registry from C:\Users\Administrator\AppData\Local\openvr\openvrpaths.vrpath
JavaScript warning: http://s3.music.126.net/web/s/core.js?08e66699f107989d25f8d5d5df242407, line 94: unreachable code after return statement
JavaScript warning: http://s3.music.126.net/web/s/core.js?08e66699f107989d25f8d5d5df242407, line 94: unreachable code after return statement
JavaScript warning: http://s3.music.126.net/web/s/core.js?08e66699f107989d25f8d5d5df242407, line 94: unreachable code after return statement
JavaScript warning: http://s3.music.126.net/web/s/core.js?08e66699f107989d25f8d5d5df242407, line 94: unreachable code after return statement
Unable to read VR Path Registry from C:\Users\Administrator\AppData\Local\openvr\openvrpaths.vrpath
[Parent 5724, Gecko_IOThread] WARNING: pipe error: 109: file z:/build/build/src/ipc/chromium/src/chrome/common/ipc_channel_win.cc, line 346
[Child 6264, Chrome_ChildThread] WARNING: pipe error: 109: file z:/build/build/src/ipc/chromium/src/chrome/common/ipc_channel_win.cc, line 346
[Child 6264, Chrome_ChildThread] WARNING: pipe error: 109: file z:/build/build/src/ipc/chromium/src/chrome/common/ipc_channel_win.cc, line 346
[Parent 5724, Gecko_IOThread] WARNING: pipe error: 109: file z:/build/build/src/ipc/chromium/src/chrome/common/ipc_channel_win.cc, line 346
*** UTM:SVC TimerManager:registerTimer called after profile-before-change notification. Ignoring timer registration for id: telemetry_modules_ping
1525835154926	geckodriver	INFO	geckodriver 0.20.0
1525835154938	geckodriver	INFO	Listening on 127.0.0.1:50889
1525835157971	mozrunner::runner	INFO	Running command: "E:\\360Downloads\\firefox.exe" "-marionette" "--disable-gpu" "-profile" "C:\\Users\\ADMINI~1\\AppData\\Local\\Temp\\rust_mozprofile.JclLgKZWreol"
1525835158924	Marionette	INFO	Enabled via --marionette
1525835161340	Marionette	INFO	Listening on port 50897
1525835161616	Marionette	WARN	TLS certificate errors will be ignored for this session
Unable to read VR Path Registry from C:\Users\Administrator\AppData\Local\openvr\openvrpaths.vrpath
JavaScript warning: http://s3.music.126.net/web/s/core.js?08e66699f107989d25f8d5d5df242407, line 94: unreachable code after return statement
JavaScript warning: http://s3.music.126.net/web/s/core.js?08e66699f107989d25f8d5d5df242407, line 94: unreachable code after return statement
JavaScript warning: http://s3.music.126.net/web/s/core.js?08e66699f107989d25f8d5d5df242407, line 94: unreachable code after return statement
JavaScript warning: http://s3.music.126.net/web/s/core.js?08e66699f107989d25f8d5d5df242407, line 94: unreachable code after return statement
Unable to read VR Path Registry from C:\Users\Administrator\AppData\Local\openvr\openvrpaths.vrpath
[Child 624, Chrome_ChildThread] WARNING: pipe error: 109: file z:/build/build/src/ipc/chromium/src/chrome/common/ipc_channel_win.cc, line 346
[Child 624, Chrome_ChildThread] WARNING: pipe error: 109: file z:/build/build/src/ipc/chromium/src/chrome/common/ipc_channel_win.cc, line 346
Unable to read VR Path Registry from C:\Users\Administrator\AppData\Local\openvr\openvrpaths.vrpath
1525835302941	geckodriver	INFO	geckodriver 0.20.0
1525835302952	geckodriver	INFO	Listening on 127.0.0.1:51005
1525835305998	mozrunner::runner	INFO	Running command: "E:\\360Downloads\\firefox.exe" "-marionette" "--disable-gpu" "-profile" "C:\\Users\\ADMINI~1\\AppData\\Local\\Temp\\rust_mozprofile.qRBDQmjS6aZj"
1525835306958	Marionette	INFO	Enabled via --marionette
1525835308754	Marionette	INFO	Listening on port 51013
1525835309258	Marionette	WARN	TLS certificate errors will be ignored for this session
Unable to read VR Path Registry from C:\Users\Administrator\AppData\Local\openvr\openvrpaths.vrpath
JavaScript warning: http://s3.music.126.net/web/s/core.js?08e66699f107989d25f8d5d5df242407, line 94: unreachable code after return statement
JavaScript warning: http://s3.music.126.net/web/s/core.js?08e66699f107989d25f8d5d5df242407, line 94: unreachable code after return statement
1525835462436	geckodriver	INFO	geckodriver 0.20.0
1525835462448	geckodriver	INFO	Listening on 127.0.0.1:51093
1525835465471	mozrunner::runner	INFO	Running command: "E:\\360Downloads\\firefox.exe" "-marionette" "--disable-gpu" "-profile" "C:\\Users\\ADMINI~1\\AppData\\Local\\Temp\\rust_mozprofile.bLMUgW1RemrO"
1525835466480	Marionette	INFO	Enabled via --marionette
1525835468358	Marionette	INFO	Listening on port 51101
1525835468710	Marionette	WARN	TLS certificate errors will be ignored for this session
Unable to read VR Path Registry from C:\Users\Administrator\AppData\Local\openvr\openvrpaths.vrpath
JavaScript warning: http://s3.music.126.net/web/s/core.js?08e66699f107989d25f8d5d5df242407, line 94: unreachable code after return statement
JavaScript warning: http://s3.music.126.net/web/s/core.js?08e66699f107989d25f8d5d5df242407, line 94: unreachable code after return statement
Unable to read VR Path Registry from C:\Users\Administrator\AppData\Local\openvr\openvrpaths.vrpath
[Child 7080, Chrome_ChildThread] WARNING: pipe error: 109: file z:/build/build/src/ipc/chromium/src/chrome/common/ipc_channel_win.cc, line 346
[Child 7080, Chrome_ChildThread] WARNING: pipe error: 109: file z:/build/build/src/ipc/chromium/src/chrome/common/ipc_channel_win.cc, line 346
[Child 7740, Chrome_ChildThread] WARNING: pipe error: 109: file z:/build/build/src/ipc/chromium/src/chrome/common/ipc_channel_win.cc, line 346
[Child 7740, Chrome_ChildThread] WARNING: pipe error: 109: file z:/build/build/src/ipc/chromium/src/chrome/common/ipc_channel_win.cc, line 346
Unable to read VR Path Registry from C:\Users\Administrator\AppData\Local\openvr\openvrpaths.vrpath
[Child 7868, Chrome_ChildThread] WARNING: pipe error: 109: file z:/build/build/src/ipc/chromium/src/chrome/common/ipc_channel_win.cc, line 346
[Child 7868, Chrome_ChildThread] WARNING: pipe error: 109: file z:/build/build/src/ipc/chromium/src/chrome/common/ipc_channel_win.cc, line 346
Unable to read VR Path Registry from C:\Users\Administrator\AppData\Local\openvr\openvrpaths.vrpath
\\Temp\\rust_mozprofile.taAjrTNUaBQY"
1525835619418	Marionette	INFO	Enabled via --marionette
1525835621404	Marionette	INFO	Listening on port 51315
1525835621558	Marionette	WARN	TLS certificate errors will be ignored for this session
Unable to read VR Path Registry from C:\Users\Administrator\AppData\Local\openvr\openvrpaths.vrpath
JavaScript warning: http://s3.music.126.net/web/s/core.js?08e66699f107989d25f8d5d5df242407, line 94: unreachable code after return statement
JavaScript warning: http://s3.music.126.net/web/s/core.js?08e66699f107989d25f8d5d5df242407, line 94: unreachable code after return statement
Unable to read VR Path Registry from C:\Users\Administrator\AppData\Local\openvr\openvrpaths.vrpath
[Parent 9196, Gecko_IOThread] WARNING: pipe error: 109: file z:/build/build/src/ipc/chromium/src/chrome/common/ipc_channel_win.cc, line 346
[Parent 9196, Gecko_IOThread] WARNING: pipe error: 109: file z:/build/build/src/ipc/chromium/src/chrome/common/ipc_channel_win.cc, line 346
Unable to read VR Path Registry from C:\U1525835703231	mozrunner::runner	INFO	Running command: "E:\\360Downloads\\firefox.exe" "-marionette" "--disable-gpu" "-profile" "C:\\Users\\ADMINI~1\\AppData\\Local\\Temp\\rust_mozprofile.QJwV7Vfzomca"
1525835704172	Marionette	INFO	Enabled via --marionette
1525835706190	Marionette	INFO	Listening on port 51421
1525835706376	Marionette	WARN	TLS certificate errors will be ignored for this session
Unable to read VR Path Registry from C:\Users\Administrator\AppData\Local\openvr\openvrpaths.vrpath
JavaScript warning: http://s3.music.126.net/web/s/core.js?08e66699f107989d25f8d5d5df242407, line 94: unreachable code after return statement
JavaScript warning: http://s3.music.126.net/web/s/core.js?08e66699f107989d25f8d5d5df242407, line 94: unreachable code after return statement
[Child 2116, Chrome_ChildThread] WARNING: pipe error: 109: file z:/build/build/src/ipc/chromium/src/chrome/common/ipc_channel_win.cc, line 346
[Child 2116, Chrome_ChildThread] WARNING: pipe error: 109: file z:/build/build/src/ipc/chromium/src/chrome/common/ipc_channel_win.cc, line 346
Unable to read VR Path Registry from C:\Users\Administrator\AppData\Local\openvr\openvrpaths.vrpath
[Child 8652, Chrome_ChildThread] WARNING: pipe error: 109: file z:/build/build/src/ipc/chromium/src/chrome/common/ipc_channel_win.cc, line 346
Unable to read VR Path Registry from C:\Users\Administrator\AppData\Local\openvr\openvrpaths.vrpath
1525835879081	geckodriver	INFO	geckodriver 0.20.0
1525835879093	geckodriver	INFO	Listening on 127.0.0.1:51511
1525835882116	mozrunner::runner	INFO	Running command: "E:\\360Downloads\\firefox.exe" "-marionette" "--disable-gpu" "-profile" "C:\\Users\\ADMINI~1\\AppData\\Local\\Temp\\rust_mozprofile.yBawSwAjODnG"
1525835883126	Marionette	INFO	Enabled via --marionette
1525835885138	Marionette	INFO	Listening on port 51519
1525835885320	Marionette	WARN	TLS certificate errors will be ignored for this session
Unable to read VR Path Registry from C:\Users\Administrator\AppData\Local\openvr\openvrpaths.vrpath
JavaScript warning: http://s3.music.126.net/web/s/core.js?08e66699f107989d25f8d5d5df242407, line 94: unreachable code after return statement
JavaScript warning: http://s3.music.126.net/web/s/core.js?08e66699f107989d25f8d5d5df242407, line 94: unreachable code after return statement
JavaScript warning: http://s3.music.126.net/web/s/core.js?08e66699f107989d25f8d5d5df242407, line 94: unreachable code after return statement
JavaScript warning: http://s3.music.126.net/web/s/core.js?08e66699f107989d25f8d5d5df242407, line 94: unreachable code after return statement
Unable to read VR Path Registry from C:\Users\Administrator\AppData\Local\openvr\openvrpaths.vrpath
[Parent 8644, Gecko_IOThread] WARNING: pipe error: 109: file z:/build/build/src/ipc/chromium/src/chrome/common/ipc_channel_win.cc, line 346
Unable to read VR Path Registry from C:\Users\Administrator\AppData\Local\openvr\openvrpaths.vrpath
[Child 9000, Chrome_ChildThread] WARNING: pipe error: 109: file z:/build/build/src/ipc/chromium/src/chrome/common/ipc_channel_win.cc, line 346
[Child 9000, Chrome_ChildThread] WARNING: pipe error: 109: file z:/build/build/src/ipc/chromium/src/chrome/common/ipc_channel_win.cc, line 346
[Parent 8644, Gecko_IOThread] WARNING: pipe error: 109: file z:/build/build/src/ipc/chromium/src/chrome/common/ipc_channel_win.cc, line 346
[Child 8356, Chrome_ChildThread] WARNING: pipe error: 109: file z:/build/build/src/ipc/chromium/src/chrome/common/ipc_channel_win.cc, line 346
[Child 8356, Chrome_ChildThread] WARNING: pipe error: 109: file z:/build/build/src/ipc/chromium/src/chrome/common/ipc_channel_win.cc, line 346
Unable to read VR Path Registry from C:\Users\Administrator\AppData\Local\openvr\openvrpaths.vrpath
[Child 6868, Chrome_ChildThread] WARNING: pipe error: 109: file z:/build/build/src/ipc/chromium/src/chrome/common/ipc_channel_win.cc, line 346
*** UTM:SVC TimerManager:registerTimer called after profile-before-change notification. Ignoring timer registration for id: telemetry_modules_ping
1543401686029	geckodriver	INFO	geckodriver 0.20.0
1543401686083	geckodriver	INFO	Listening on 127.0.0.1:50880
1543401820097	geckodriver	INFO	geckodriver 0.20.0
1543401820109	geckodriver	INFO	Listening on 127.0.0.1:50951
1543401836885	geckodriver	INFO	geckodriver 0.20.0
1543401836897	geckodriver	INFO	Listening on 127.0.0.1:50959
1543401884726	geckodriver	INFO	geckodriver 0.20.0
1543401884737	geckodriver	INFO	Listening on 127.0.0.1:50973
