1523173420959	geckodriver	INFO	geckodriver 0.20.0
1523173420973	geckodriver	INFO	Listening on 127.0.0.1:52747
1523173424001	mozrunner::runner	INFO	Running command: "E:\\360Downloads\\firefox.exe" "-marionette" "--headless" "--disable-gpu" "-profile" "C:\\Users\\ADMINI~1\\AppData\\Local\\Temp\\rust_mozprofile.SPKfu1VaoFUh"
*** You are running in headless mode.
1523173424882	Marionette	INFO	Enabled via --marionette
[GFX1-]: ClientLayerManager::BeginTransaction with IPC channel down. GPU process may have died.
1523173426564	Marionette	INFO	Listening on port 52755
1523173427328	Marionette	WARN	TLS certificate errors will be ignored for this session
1523173511900	geckodriver	INFO	geckodriver 0.20.0
1523173511911	geckodriver	INFO	Listening on 127.0.0.1:52849
1523173514941	mozrunner::runner	INFO	Running command: "E:\\360Downloads\\firefox.exe" "-marionette" "--headless" "--disable-gpu" "-profile" "C:\\Users\\ADMINI~1\\AppData\\Local\\Temp\\rust_mozprofile.kg6CuHaQBPLf"
*** You are running in headless mode.
1523173515852	Marionette	INFO	Enabled via --marionette
[GFX1-]: ClientLayerManager::BeginTransaction with IPC channel down. GPU process may have died.
1523173517810	Marionette	INFO	Listening on port 52857
1523173518072	Marionette	WARN	TLS certificate errors will be ignored for this session
Unable to read VR Path Registry from C:\Users\Administrator\AppData\Local\openvr\openvrpaths.vrpath
JavaScript warning: https://s3.music.126.net/web/s/core.js?6ada41836c02af3a3635a4a8917375c6, line 94: unreachable code after return statement
JavaScript warning: https://s3.music.126.net/web/s/core.js?6ada41836c02af3a3635a4a8917375c6, line 94: unreachable code after return statement
1523173603681	geckodriver	INFO	geckodriver 0.20.0
1523173603694	geckodriver	INFO	Listening on 127.0.0.1:52939
1523173606704	mozrunner::runner	INFO	Running command: "E:\\360Downloads\\firefox.exe" "-marionette" "--headless" "--disable-gpu" "-profile" "C:\\Users\\ADMINI~1\\AppData\\Local\\Temp\\rust_mozprofile.gbIQdJ3Fl86I"
*** You are running in headless mode.
1523173608204	Marionette	INFO	Enabled via --marionette
1523173612042	Marionette	INFO	Listening on port 52948
1523173612434	Marionette	WARN	TLS certificate errors will be ignored for this session
Unable to read VR Path Registry from C:\Users\Administrator\AppData\Local\openvr\openvrpaths.vrpath
JavaScript warning: https://s3.music.126.net/web/s/core.js?6ada41836c02af3a3635a4a8917375c6, line 94: unreachable code after return statement
JavaScript warning: https://s3.music.126.net/web/s/core.js?6ada41836c02af3a3635a4a8917375c6, line 94: unreachable code after return statement
1523174057380	geckodriver	INFO	geckodriver 0.20.0
1523174057392	geckodriver	INFO	Listening on 127.0.0.1:53179
1523174060302	mozrunner::runner	INFO	Running command: "E:\\360Downloads\\firefox.exe" "-marionette" "--headless" "--disable-gpu" "-profile" "C:\\Users\\ADMINI~1\\AppData\\Local\\Temp\\rust_mozprofile.qSWRJbdF8YOD"
*** You are running in headless mode.
1523174062270	Marionette	INFO	Enabled via --marionette
1523174065756	Marionette	INFO	Listening on port 53188
1523174066032	Marionette	WARN	TLS certificate errors will be ignored for this session
Unable to read VR Path Registry from C:\Users\Administrator\AppData\Local\openvr\openvrpaths.vrpath
JavaScript warning: https://s3.music.126.net/web/s/core.js?6ada41836c02af3a3635a4a8917375c6, line 94: unreachable code after return statement
JavaScript warning: https://s3.music.126.net/web/s/core.js?6ada41836c02af3a3635a4a8917375c6, line 94: unreachable code after return statement
1523174217203	geckodriver	INFO	geckodriver 0.20.0
1523174217215	geckodriver	INFO	Listening on 127.0.0.1:53319
1523174220064	mozrunner::runner	INFO	Running command: "E:\\360Downloads\\firefox.exe" "-marionette" "--headless" "--disable-gpu" "-profile" "C:\\Users\\ADMINI~1\\AppData\\Local\\Temp\\rust_mozprofile.qIAWQ0TUpDGV"
*** You are running in headless mode.
1523174222392	Marionette	INFO	Enabled via --marionette
1523174226182	Marionette	INFO	Listening on port 53327
1523174226290	Marionette	WARN	TLS certificate errors will be ignored for this session
Unable to read VR Path Registry from C:\Users\Administrator\AppData\Local\openvr\openvrpaths.vrpath
JavaScript warning: https://s3.music.126.net/web/s/core.js?6ada41836c02af3a3635a4a8917375c6, line 94: unreachable code after return statement
JavaScript warning: https://s3.music.126.net/web/s/core.js?6ada41836c02af3a3635a4a8917375c6, line 94: unreachable code after return statement
1523177323164	geckodriver	INFO	geckodriver 0.20.0
1523177323176	geckodriver	INFO	Listening on 127.0.0.1:64047
1523177326136	mozrunner::runner	INFO	Running command: "E:\\360Downloads\\firefox.exe" "-marionette" "--headless" "--disable-gpu" "-profile" "C:\\Users\\ADMINI~1\\AppData\\Local\\Temp\\rust_mozprofile.Lu7GeNj0gx8j"
*** You are running in headless mode.
1523177328758	Marionette	INFO	Enabled via --marionette
1523177331726	Marionette	INFO	Listening on port 64056
1523177331960	Marionette	WARN	TLS certificate errors will be ignored for this session
1523177962315	geckodriver	INFO	geckodriver 0.20.0
1523177962329	geckodriver	INFO	Listening on 127.0.0.1:54060
1523177965277	mozrunner::runner	INFO	Running command: "E:\\360Downloads\\firefox.exe" "-marionette" "--headless" "--disable-gpu" "-profile" "C:\\Users\\ADMINI~1\\AppData\\Local\\Temp\\rust_mozprofile.Pih6Re6ikEQT"
*** You are running in headless mode.
1523177967864	Marionette	INFO	Enabled via --marionette
1523177974812	Marionette	INFO	Listening on port 54069
Unable to read VR Path Registry from C:\Users\Administrator\AppData\Local\openvr\openvrpaths.vrpath
[Parent 13600, Gecko_IOThread] WARNING: pipe error: 109: file z:/build/build/src/ipc/chromium/src/chrome/common/ipc_channel_win.cc, line 346
Unable to read VR Path Registry from C:\Users\Administrator\AppData\Local\openvr\openvrpaths.vrpath
[Child 14680, Chrome_ChildThread] WARNING: pipe error: 109: file z:/build/build/src/ipc/chromium/src/chrome/common/ipc_channel_win.cc, line 346
1523177975328	Marionette	WARN	TLS certificate errors will be ignored for this session
1523178003808	geckodriver	INFO	geckodriver 0.20.0
1523178003820	geckodriver	INFO	Listening on 127.0.0.1:54109
1523178006707	mozrunner::runner	INFO	Running command: "E:\\360Downloads\\firefox.exe" "-marionette" "--headless" "--disable-gpu" "-profile" "C:\\Users\\ADMINI~1\\AppData\\Local\\Temp\\rust_mozprofile.IagcHyrFsXmN"
*** You are running in headless mode.
1523178008258	Marionette	INFO	Enabled via --marionette
1523178011850	Marionette	INFO	Listening on port 54117
1523178011938	Marionette	WARN	TLS certificate errors will be ignored for this session
1523178266793	geckodriver	INFO	geckodriver 0.20.0
1523178266805	geckodriver	INFO	Listening on 127.0.0.1:50813
1523178269478	mozrunner::runner	INFO	Running command: "E:\\360Downloads\\firefox.exe" "-marionette" "--headless" "--disable-gpu" "-profile" "C:\\Users\\ADMINI~1\\AppData\\Local\\Temp\\rust_mozprofile.P17XgaXuCL2f"
*** You are running in headless mode.
1523178277546	Marionette	INFO	Enabled via --marionette
1523178287836	Marionette	INFO	Listening on port 50821
Unable to read VR Path Registry from C:\Users\Administrator\AppData\Local\openvr\openvrpaths.vrpath
[Parent 14132, Gecko_IOThread] WARNING: pipe error: 109: file z:/build/build/src/ipc/chromium/src/chrome/common/ipc_channel_win.cc, line 346
1523178288336	Marionette	WARN	TLS certificate errors will be ignored for this session
1523178327809	geckodriver	INFO	geckodriver 0.20.0
1523178327823	geckodriver	INFO	Listening on 127.0.0.1:50902
1523178330846	mozrunner::runner	INFO	Running command: "E:\\360Downloads\\firefox.exe" "-marionette" "--headless" "--disable-gpu" "-profile" "C:\\Users\\ADMINI~1\\AppData\\Local\\Temp\\rust_mozprofile.lkoQiPKr5jce"
*** You are running in headless mode.
1523178331900	Marionette	INFO	Enabled via --marionette
1523178338724	Marionette	INFO	Listening on port 50911
Unable to read VR Path Registry from C:\Users\Administrator\AppData\Local\openvr\openvrpaths.vrpath
[Child 16104, Chrome_ChildThread] WARNING: pipe error: 109: file z:/build/build/src/ipc/chromium/src/chrome/common/ipc_channel_win.cc, line 346
[Child 16104, Chrome_ChildThread] WARNING: pipe error: 109: file z:/build/build/src/ipc/chromium/src/chrome/common/ipc_channel_win.cc, line 346
1523178339190	Marionette	WARN	TLS certificate errors will be ignored for this session
1523179821778	geckodriver	INFO	geckodriver 0.20.0
1523179821791	geckodriver	INFO	Listening on 127.0.0.1:51828
1523179824547	mozrunner::runner	INFO	Running command: "E:\\360Downloads\\firefox.exe" "-marionette" "--headless" "--disable-gpu" "-profile" "C:\\Users\\ADMINI~1\\AppData\\Local\\Temp\\rust_mozprofile.Hjcx39dYgsA4"
*** You are running in headless mode.
1523179829756	Marionette	INFO	Enabled via --marionette
1523179838152	Marionette	INFO	Listening on port 51837
1523179838194	Marionette	WARN	TLS certificate errors will be ignored for this session
1523180263246	geckodriver	INFO	geckodriver 0.20.0
1523180263258	geckodriver	INFO	Listening on 127.0.0.1:62923
1523180265964	mozrunner::runner	INFO	Running command: "E:\\360Downloads\\firefox.exe" "-marionette" "--headless" "--disable-gpu" "-profile" "C:\\Users\\ADMINI~1\\AppData\\Local\\Temp\\rust_mozprofile.7OuIxwk5On4r"
*** You are running in headless mode.
1523180273944	Marionette	INFO	Enabled via --marionette
1523180297690	Marionette	INFO	Listening on port 62931
Unable to read VR Path Registry from C:\Users\Administrator\AppData\Local\openvr\openvrpaths.vrpath
[Parent 18348, Gecko_IOThread] WARNING: pipe error: 109: file z:/build/build/src/ipc/chromium/src/chrome/common/ipc_channel_win.cc, line 346
1523180306858	Marionette	WARN	TLS certificate errors will be ignored for this session
1523180342660	addons.productaddons	WARN	Failed downloading via XHR, status: 0, reason: error
1523239569299	geckodriver	INFO	geckodriver 0.20.0
1523239569390	geckodriver	INFO	Listening on 127.0.0.1:60426
1523239572700	mozrunner::runner	INFO	Running command: "E:\\360Downloads\\firefox.exe" "-marionette" "--headless" "--disable-gpu" "-profile" "C:\\Users\\ADMINI~1\\AppData\\Local\\Temp\\rust_mozprofile.6DJ7LaUGHVuD"
*** You are running in headless mode.
1523239578102	Marionette	INFO	Enabled via --marionette
1523239583594	Marionette	INFO	Listening on port 60466
1523239584534	Marionette	WARN	TLS certificate errors will be ignored for this session
1523240303047	geckodriver	INFO	geckodriver 0.20.0
1523240303058	geckodriver	INFO	Listening on 127.0.0.1:60541
1523240306090	mozrunner::runner	INFO	Running command: "E:\\360Downloads\\firefox.exe" "-marionette" "--headless" "--disable-gpu" "-profile" "C:\\Users\\ADMINI~1\\AppData\\Local\\Temp\\rust_mozprofile.frGPYAwtSD6B"
*** You are running in headless mode.
1523240307090	Marionette	INFO	Enabled via --marionette
1523240309010	Marionette	INFO	Listening on port 60549
1523240309280	Marionette	WARN	TLS certificate errors will be ignored for this session

###!!! [Parent][MessageChannel] Error: (msgtype=0x15008D,name=PBrowser::Msg_UpdateNativeWindowHandle) Channel error: cannot send/recv


###!!! [Parent][MessageChannel] Error: (msgtype=0x150080,name=PBrowser::Msg_Destroy) Channel error: cannot send/recv


###!!! [Parent][MessageChannel] Error: (msgtype=0x1000B,name=PAPZ::Msg_Destroy) Channel error: cannot send/recv

A content process crashed and MOZ_CRASHREPORTER_SHUTDOWN is set, shutting down

###!!! [Parent][MessageChannel] Error: (msgtype=0x2C0104,name=PContent::Msg_AsyncMessage) Channel error: cannot send/recv


###!!! [Parent][MessageChannel] Error: (msgtype=0x150001,name=PBrowser::Msg_AsyncMessage) Channel error: cannot send/recv


###!!! [Parent][MessageChannel] Error: (msgtype=0x2C0104,name=PContent::Msg_AsyncMessage) Channel error: cannot send/recv


###!!! [Parent][MessageChannel] Error: (msgtype=0x150001,name=PBrowser::Msg_AsyncMessage) Channel error: cannot send/recv

WARNING: A blocker encountered an error while we were waiting.
          Blocker:  SessionStore: flushing all windows
          Phase: quit-application-granted
          State: {"total":-1,"current":-1}
WARNING: [Exception... "Component returned failure code: 0x8000ffff (NS_ERROR_UNEXPECTED) [nsIMessageSender.sendAsyncMessage]"  nsresult: "0x8000ffff (NS_ERROR_UNEXPECTED)"  location: "JS frame :: resource:///modules/sessionstore/TabStateFlusher.jsm :: flush :: line 88"  data: no]
WARNING: flush@resource:///modules/sessionstore/TabStateFlusher.jsm:88:5
flushWindow@resource:///modules/sessionstore/TabStateFlusher.jsm:111:23
flushWindow@resource:///modules/sessionstore/TabStateFlusher.jsm:34:12
flushAllWindowsAsync/<@resource:///modules/sessionstore/SessionStore.jsm:1668:31
ssi_forEachBrowserWindow@resource:///modules/sessionstore/SessionStore.jsm:4215:9
flushAllWindowsAsync@resource:///modules/sessionstore/SessionStore.jsm:1667:5
ssi_onQuitApplicationGranted/<@resource:///modules/sessionstore/SessionStore.jsm:1616:25
trigger@resource://gre/modules/AsyncShutdown.jsm:704:23
_wait@resource://gre/modules/AsyncShutdown.jsm:851:7
wait@resource://gre/modules/AsyncShutdown.jsm:835:28
observe@resource://gre/modules/AsyncShutdown.jsm:518:17
observe@resource:///modules/ContentCrashHandlers.jsm:162:11


###!!! [Parent][MessageChannel] Error: (msgtype=0x15008D,name=PBrowser::Msg_UpdateNativeWindowHandle) Channel error: cannot send/recv


###!!! [Parent][MessageChannel] Error: (msgtype=0x150080,name=PBrowser::Msg_Destroy) Channel error: cannot send/recv

A content process crashed and MOZ_CRASHREPORTER_SHUTDOWN is set, shutting down
A content process crashed and MOZ_CRASHREPORTER_SHUTDOWN is set, shutting down
Unable to read VR Path Registry from C:\Users\Administrator\AppData\Local\openvr\openvrpaths.vrpath
917375c6, line 94: unreachable code after return statement
JavaScript warning: https://s3.music.126.net/web/s/core.js?6ada41836c02af3a3635a4a8917375c6, line 94: unreachable code after return statement
1523241301466	addons.productaddons	WARN	Failed downloading via XHR, status: 0, reason: error

###!!! [Parent][MessageChannel] Error: (msgtype=0x1000B,name=PAPZ::Msg_Destroy) Channel error: cannot send/recv


###!!! [Parent][MessageChannel] Error: (msgtype=0x15008D,name=PBrowser::Msg_UpdateNativeWindowHandle) Channel error: cannot send/recv


###!!! [Parent][MessageChannel] Error: (msgtype=0x150080,name=PBrowser::Msg_Destroy) Channel error: cannot send/recv

A content process crashed and MOZ_CRASHREPORTER_SHUTDOWN is set, shutting down
action with IPC channel down. GPU process may have died.
1523242772304	Marionette	INFO	Listening on port 57928
1523242772900	Marionette	WARN	TLS certificate errors will be ignored for this session
Unable to read VR Path Registry from C:\Users\Administrator\AppData\Local\openvr\openvrpaths.vrpath
JavaScript warning: https://s3.music.126.net/web/s/core.js?6ada41836c02af3a3635a4a8917375c6, line 94: unreachable code after return statement
JavaScript warning: https://s3.music.126.net/web/s/core.js?6ada41836c02af3a3635a4a8917375c6, line 94: unreachable code after return statement

###!!! [Parent][MessageChannel] Error: (msgtype=0x15008D,name=PBrowser::Msg_UpdateNativeWindowHandle) Channel error: cannot send/recv


###!!! [Parent][MessageChannel] Error: (msgtype=0x150080,name=PBrowser::Msg_Destroy) Channel error: cannot send/recv

A content process crashed and MOZ_CRASHREPORTER_SHUTDOWN is set, shutting down
ng in headless mode.
1523244635656	Marionette	INFO	Enabled via --marionette
1523244642002	Marionette	INFO	Listening on port 58308
1523244642094	Marionette	WARN	TLS certificate errors will be ignored for this session
Unable to read VR Path Registry from C:\Users\Administrator\AppData\Local\openvr\openvrpaths.vrpath
[Child 10576, Chrome_ChildThread] WARNING: pipe error: 109: file z:/build/build/src/ipc/chromium/src/chrome/common/ipc_channel_win.cc, line 346
Unable to read VR Path Registry from C:\Users\Administrator\AppData\Local\openvr\openvrpaths.vrpath
JavaScript warning: https://s3.music.126.net/web/s/core.js?6ada41836c02af3a3635a4a8917375c6, line 94: unreachable code after return statement
JavaScript warning: https://s3.music.126.net/web/s/core.js?6ada41836c02af3a3635a4a8917375c6, line 94: unreachable code after return statement

###!!! [Parent][MessageChannel] Error: (msgtype=0x15008D,name=PBrowser::Msg_UpdateNativeWindowHandle) Channel error: cannot send/recv


###!!! [Parent][MessageChannel] Error: (msgtype=0x150080,name=PBrowser::Msg_Destroy) Channel error: cannot send/recv

\ADMINI~1\\AppData\\Local\\Temp\\rust_mozprofile.MMZ8n7nanRuI"
*** You are running in headless mode.
1523244706730	Marionette	INFO	Enabled via --marionette
Unable to read VR Path Registry from C:\Users\Administrator\AppData\Local\openvr\openvrpaths.vrpath
[Child 12684, Chrome_ChildThread] WARNING: pipe error: 109: file z:/build/build/src/ipc/chromium/src/chrome/common/ipc_channel_win.cc, line 346
[Child 12684, Chrome_ChildThread] WARNING: pipe error: 109: file z:/build/build/src/ipc/chromium/src/chrome/common/ipc_channel_win.cc, line 346
1523244713874	Marionette	INFO	Listening on port 58418
1523244713916	Marionette	WARN	TLS certificate errors will be ignored for this session
Unable to read VR Path Registry from C:\Users\Administrator\AppData\Local\openvr\openvrpaths.vrpath
JavaScript warning: https://s3.music.126.net/web/s/core.js?6ada41836c02af3a3635a4a8917375c6, line 94: unreachable code after return statement
JavaScript warning: https://s3.music.126.net/web/s/core.js?6ada41836c02af3a3635a4a8917375c6, line 94: unreachable code after return statement

###!!! [Parent][MessageChannel] Error: (msgtype=0x15008D,name=PBrowser::Msg_UpdateNativeWindowHandle) Channel error: cannot send/recv


###!!! [Parent][MessageChannel] Error: (msgtype=0x150080,name=PBrowser::Msg_Destroy) Channel error: cannot send/recv

A content process crashed and MOZ_CRASHREPORTER_SHUTDOWN is set, shutting down
ng in headless mode.
1523244988082	Marionette	INFO	Enabled via --marionette
1523244991848	Marionette	INFO	Listening on port 58560
1523244992250	Marionette	WARN	TLS certificate errors will be ignored for this session
Unable to read VR Path Registry from C:\Users\Administrator\AppData\Local\openvr\openvrpaths.vrpath
JavaScript warning: https://s3.music.126.net/web/s/core.js?6ada41836c02af3a3635a4a8917375c6, line 94: unreachable code after return statement
JavaScript warning: https://s3.music.126.net/web/s/core.js?6ada41836c02af3a3635a4a8917375c6, line 94: unreachable code after return statement
1523246380751	geckodriver	INFO	geckodriver 0.20.0
1523246380764	geckodriver	INFO	Listening on 127.0.0.1:58941
1523246383739	mozrunner::runner	INFO	Running command: "E:\\360Downloads\\firefox.exe" "-marionette" "--headless" "--disable-gpu" "-profile" "C:\\Users\\ADMINI~1\\AppData\\Local\\Temp\\rust_mozprofile.HF405QGIvGjK"
*** You are running in headless mode.
1523246385938	Marionette	INFO	Enabled via --marionette
1523246389416	Marionette	INFO	Listening on port 58949
1523246389678	Marionette	WARN	TLS certificate errors will be ignored for this session
Unable to read VR Path Registry from C:\Users\Administrator\AppData\Local\openvr\openvrpaths.vrpath
JavaScript warning: https://s3.music.126.net/web/s/core.js?6ada41836c02af3a3635a4a8917375c6, line 94: unreachable code after return statement
JavaScript warning: https://s3.music.126.net/web/s/core.js?6ada41836c02af3a3635a4a8917375c6, line 94: unreachable code after return statement

###!!! [Parent][MessageChannel] Error: (msgtype=0x15008D,name=PBrowser::Msg_UpdateNativeWindowHandle) Channel error: cannot send/recv


###!!! [Parent][MessageChannel] Error: (msgtype=0x150080,name=PBrowser::Msg_Destroy) Channel error: cannot send/recv

A content process crashed and MOZ_CRASHREPORTER_SHUTDOWN is set, shutting down

###!!! [Parent][MessageChannel] Error: (msgtype=0x2C0104,name=PContent::Msg_AsyncMessage) Channel error: cannot send/recv


###!!! [Parent][MessageChannel] Error: (msgtype=0x2C002B,name=PContent::Msg_AddPermission) Channel error: cannot send/recv


###!!! [Parent][MessageChannel] Error: (msgtype=0x2C002B,name=PContent::Msg_AddPermission) Channel error: cannot send/recv


###!!! [Parent][MessageChannel] Error: (msgtype=0x2C002B,name=PContent::Msg_AddPermission) Channel error: cannot send/recv


###!!! [Parent][MessageChannel] Error: (msgtype=0x2C0104,name=PContent::Msg_AsyncMessage) Channel error: cannot send/recv


###!!! [Parent][MessageChannel] Error: (msgtype=0x2C0104,name=PContent::Msg_AsyncMessage) Channel error: cannot send/recv

A content process crashed and MOZ_CRASHREPORTER_SHUTDOWN is set, shutting down
Unable to read VR Path Registry from C:\Users\Administrator\AppData\Local\openvr\openvrpaths.vrpath
[Parent 10080, Gecko_IOThread] WARNING: pipe error: 109: file z:/build/build/src/ipc/chromium/src/chrome/common/ipc_channel_win.cc, line 346
ror: 109: file z:/build/build/src/ipc/chromium/src/chrome/common/ipc_channel_win.cc, line 346
[Child 14384, Chrome_ChildThread] WARNING: pipe error: 109: file z:/build/build/src/ipc/chromium/src/chrome/common/ipc_channel_win.cc, line 346
1523247820606	Marionette	WARN	TLS certificate errors will be ignored for this session
1523253976856	geckodriver	INFO	geckodriver 0.20.0
1523253977925	geckodriver	INFO	Listening on 127.0.0.1:50715
1523253981941	mozrunner::runner	INFO	Running command: "E:\\360Downloads\\firefox.exe" "-marionette" "--headless" "--disable-gpu" "-profile" "C:\\Users\\ADMINI~1\\AppData\\Local\\Temp\\rust_mozprofile.0ppqC2EggUze"
*** You are running in headless mode.
1523253994234	Marionette	INFO	Enabled via --marionette
1523254002448	Marionette	INFO	Listening on port 50731
1523254002546	Marionette	WARN	TLS certificate errors will be ignored for this session
Unable to read VR Path Registry from C:\Users\Administrator\AppData\Local\openvr\openvrpaths.vrpath
[Child 16292, Chrome_ChildThread] WARNING: pipe error: 109: file z:/build/build/src/ipc/chromium/src/chrome/common/ipc_channel_win.cc, line 346
1523254186991	geckodriver	INFO	geckodriver 0.20.0
1523254187004	geckodriver	INFO	Listening on 127.0.0.1:50812
1523254189540	mozrunner::runner	INFO	Running command: "E:\\360Downloads\\firefox.exe" "-marionette" "--headless" "--disable-gpu" "-profile" "C:\\Users\\ADMINI~1\\AppData\\Local\\Temp\\rust_mozprofile.uvI4tfBgoT1c"
*** You are running in headless mode.
1523254192888	Marionette	INFO	Enabled via --marionette
1523254204002	Marionette	INFO	Listening on port 50821
Unable to read VR Path Registry from C:\Users\Administrator\AppData\Local\openvr\openvrpaths.vrpath
[Child 17712, Chrome_ChildThread] WARNING: pipe error: 109: file z:/build/build/src/ipc/chromium/src/chrome/common/ipc_channel_win.cc, line 346
[Child 17712, Chrome_ChildThread] WARNING: pipe error: 109: file z:/build/build/src/ipc/chromium/src/chrome/common/ipc_channel_win.cc, line 346
1523254205222	Marionette	WARN	TLS certificate errors will be ignored for this session
[GFX1-]: Receive IPC close with reason=AbnormalShutdown
977058	geckodriver	INFO	Listening on 127.0.0.1:51453
1523254980048	mozrunner::runner	INFO	Running command: "E:\\360Downloads\\firefox.exe" "-marionette" "--headless" "--disable-gpu" "-profile" "C:\\Users\\ADMINI~1\\AppData\\Local\\Temp\\rust_mozprofile.1rv9pCluhY3F"
*** You are running in headless mode.
1523254991468	Marionette	INFO	Enabled via --marionette
1523255015366	Marionette	INFO	Listening on port 51462
1523255016770	Marionette	WARN	TLS certificate errors will be ignored for this session
Unable to read VR Path Registry from C:\Users\Administrator\AppData\Local\openvr\openvrpaths.vrpath
[Parent 16460, Gecko_IOThread] WARNING: pipe error: 109: file z:/build/build/src/ipc/chromium/src/chrome/common/ipc_channel_win.cc, line 346
Unable to read VR Path Registry from C:\Users\Administrator\AppData\Local\openvr\openvrpaths.vrpath
[Child 17524, Chrome_ChildThread] WARNING: pipe error: 109: file z:/build/build/src/ipc/chromium/src/chrome/common/ipc_channel_win.cc, line 346

###!!! [Parent][MessageChannel] Error: (msgtype=0x15008D,name=PBrowser::Msg_UpdateNativeWindowHandle) Channel error: cannot send/recv


###!!! [Parent][MessageChannel] Error: (msgtype=0x150080,name=PBrowser::Msg_Destroy) Channel error: cannot send/recv

A content process crashed and MOZ_CRASHREPORTER_SHUTDOWN is set, shutting down
[Parent 16460, Gecko_IOThread] WARNING: pipe error: 109: file z:/build/build/src/ipc/chromium/src/chrome/common/ipc_channel_win.cc, line 346
Unable to read VR Path Registry from C:\Users\Administrator\AppData\Local\openvr\openvrpaths.vrpath
[Child 19268, Chrome_ChildThread] WARNING: pipe error: 109: file z:/build/build/src/ipc/chromium/src/chrome/common/ipc_channel_win.cc, line 346
Unable to read VR Path Registry from C:\Users\Administrator\AppData\Local\openvr\openvrpaths.vrpath
[Child 19876, Chrome_ChildThread] WARNING: pipe error: 109: file z:/build/build/src/ipc/chromium/src/chrome/common/ipc_channel_win.cc, line 346
[Child 19876, Chrome_ChildThread] WARNING: pipe error: 109: file z:/build/build/src/ipc/chromium/src/chrome/common/ipc_channel_win.cc, line 346

###!!! [Parent][RunMessage] Error: Channel closing: too late to send/recv, messages will be lost

1523255618355	geckodriver	INFO	geckodriver 0.20.0
1523255618367	geckodriver	INFO	Listening on 127.0.0.1:61119
1523255621120	mozrunner::runner	INFO	Running command: "E:\\360Downloads\\firefox.exe" "-marionette" "--headless" "--disable-gpu" "-profile" "C:\\Users\\ADMINI~1\\AppData\\Local\\Temp\\rust_mozprofile.UvsSItczYrgh"
*** You are running in headless mode.
1523255623262	Marionette	INFO	Enabled via --marionette
1523255625592	Marionette	INFO	Listening on port 61127
1523255626486	Marionette	WARN	TLS certificate errors will be ignored for this session

###!!! [Parent][MessageChannel] Error: (msgtype=0x15008D,name=PBrowser::Msg_UpdateNativeWindowHandle) Channel error: cannot send/recv


###!!! [Parent][MessageChannel] Error: (msgtype=0x150080,name=PBrowser::Msg_Destroy) Channel error: cannot send/recv

A content process crashed and MOZ_CRASHREPORTER_SHUTDOWN is set, shutting down
Unable to read VR Path Registry from C:\Users\Administrator\AppData\Local\openvr\openvrpaths.vrpath
[Child 13500, Chrome_ChildThread] WARNING: pipe error: 109: file z:/build/build/src/ipc/chromium/src/chrome/common/ipc_
###!!! [Parent][MessageChannel] Error: (msgtype=0x15008D,name=PBrowser::Msg_UpdateNativeWindowHandle) Channel error: cannot send/recv


###!!! [Parent][MessageChannel] Error: (msgtype=0x150080,name=PBrowser::Msg_Destroy) Channel error: cannot send/recv


###!!! [Parent][MessageChannel] Error: (msgtype=0x1000B,name=PAPZ::Msg_Destroy) Channel error: cannot send/recv

A content process crashed and MOZ_CRASHREPORTER_SHUTDOWN is set, shutting down
Unable to read VR Path Registry from C:\Users\Administrator\AppData\Local\openvr\openvrpaths.vrpath
[Child 9444, Chrome_ChildThread] WARNING: pipe error: 109: file z:/build/build/src/ipc/chromium/src
###!!! [Parent][MessageChannel] Error: (msgtype=0x15008D,name=PBrowser::Msg_UpdateNativeWindowHandle) Channel error: cannot send/recv


###!!! [Parent][MessageChannel] Error: (msgtype=0x150080,name=PBrowser::Msg_Destroy) Channel error: cannot send/recv

A content process crashed and MOZ_CRASHREPORTER_SHUTDOWN is set, shutting down
Unable to read VR Path Registry from C:\Users\Administrator\AppData\Local\openvr\openvrpaths.vrpath
[Parent 9520, Gecko_IOThread] WARNING: pipe error: 109: file z:/build/build/src/ipc/chromium/src/chrome/common/ipc_channel_win.cc, line 346
*** UTM:SVC TimerManager:registerTimer called after profile-before-change notification. Ignoring timer registration for id: telemetry_modules_ping

###!!! [Parent][RunMessage] Error: Channel closing: too late to send/recv, messages will be lost

1523258891518	geckodriver	INFO	geckodriver 0.20.0
1523258891530	geckodriver	INFO	Listening on 127.0.0.1:53775
1523258894538	mozrunner::runner	INFO	Running command: "E:\\360Downloads\\firefox.exe" "-marionette" "--disable-gpu" "-profile" "C:\\Users\\ADMINI~1\\AppData\\Local\\Temp\\rust_mozprofile.cX4cOI87V97y"
1523258896102	Marionette	INFO	Enabled via --marionette
1523258898678	Marionette	INFO	Listening on port 53783
1523258898824	Marionette	WARN	TLS certificate errors will be ignored for this session
Unable to read VR Path Registry from C:\Users\Administrator\AppData\Local\openvr\openvrpaths.vrpath
[Child 13608, Chrome_ChildThread] WARNING: pipe error: 109: file z:/build/build/src/ipc/chromium/src/chrome/common/ipc_channel_win.cc, line 346
[Child 13608, Chrome_ChildThread] WARNING: pipe error: 109: file z:/build/build/src/ipc/chromium/src/chrome/common/ipc_channel_win.cc, line 346
Unable to read VR Path Registry from C:\Users\Administrator\AppData\Local\openvr\openvrpaths.vrpath
[Child 18300, Chrome_ChildThread] WARNING: pipe error: 109: file z:/build/build/src/ipc/chromium/src/chrome/common/ipc_channel_win.cc, line 346
[Child 18300, Chrome_ChildThread] WARNING: pipe error: 109: file z:/build/build/src/ipc/chromium/src/chrome/common/ipc_channel_win.cc, line 346
Unable to read VR Path Registry from C:\Users\Administrator\AppData\Local\openvr\openvrpaths.vrpath
[Parent 14908, Gecko_IOThread] WARNING: pipe error: 109: file z:/build/build/src/ipc/chromium/src/chrome/common/ipc_channel_win.cc, line 346
Unable to read VR Path Registry from C:\Users\Administrator\AppData\Local\openvr\openvrpaths.vrpath
[Child 19380, Chrome_ChildThread] WARNING: pipe error: 109: file z:/build/build/src/ipc/chromium/src/chrome/common/ipc_channel_win.cc, line 346
[Child 19380, Chrome_ChildThread] WARNING: pipe error: 109: file z:/build/build/src/ipc/chromium/src/chrome/common/ipc_channel_win.cc, line 346
1523258976690	geckodriver	INFO	geckodriver 0.20.0
1523258976707	geckodriver	INFO	Listening on 127.0.0.1:53835
1523258979690	mozrunner::runner	INFO	Running command: "E:\\360Downloads\\firefox.exe" "-marionette" "--disable-gpu" "-profile" "C:\\Users\\ADMINI~1\\AppData\\Local\\Temp\\rust_mozprofile.s5uMypQi3EJZ"
1523258980848	Marionette	INFO	Enabled via --marionette
1523258983404	Marionette	INFO	Listening on port 53843
1523258983602	Marionette	WARN	TLS certificate errors will be ignored for this session
Unable to read VR Path Registry from C:\Users\Administrator\AppData\Local\openvr\openvrpaths.vrpath
[Parent 6056, Gecko_IOThread] WARNING: pipe error: 109: file z:/build/build/src/ipc/chromium/src/chrome/common/ipc_channel_win.cc, line 346
[Parent 6056, Gecko_IOThread] WARNING: pipe error: 109: file z:/build/build/src/ipc/chromium/src/chrome/common/ipc_channel_win.cc, line 346
Unable to read VR Path Registry from C:\Users\Administrator\AppData\Local\openvr\openvrpaths.vrpath
[Child 9180, Chrome_ChildThread] WARNING: pipe error: 109: file z:/build/build/src/ipc/chromium/src/chrome/common/ipc_channel_win.cc, line 346
Unable to read VR Path Registry from C:\Users\Administrator\AppData\Local\openvr\openvrpaths.vrpath
[Child 6856, Chrome_ChildThread] WARNING: pipe error: 109: file z:/build/build/src/ipc/chromium/src/chrome/common/ipc_channel_win.cc, line 346
Unable to read VR Path Registry from C:\Users\Administrator\AppData\Local\openvr\openvrpaths.vrpath
[Child 14668, Chrome_ChildThread] WARNING: pipe error: 109: file z:/build/build/src/ipc/chromium/src/chrome/common/ipc_channel_win.cc, line 346
[Child 14668, Chrome_ChildThread] WARNING: pipe error: 109: file z:/build/build/src/ipc/chromium/src/chrome/common/ipc_channel_win.cc, line 346
*** UTM:SVC TimerManager:registerTimer called after profile-before-change notification. Ignoring timer registration for id: telemetry_modules_ping
1523259169408	geckodriver	INFO	geckodriver 0.20.0
1523259169421	geckodriver	INFO	Listening on 127.0.0.1:53945
1523259172427	mozrunner::runner	INFO	Running command: "E:\\360Downloads\\firefox.exe" "-marionette" "--disable-gpu" "-profile" "C:\\Users\\ADMINI~1\\AppData\\Local\\Temp\\rust_mozprofile.5fYJ26tCax4V"
1523259173566	Marionette	INFO	Enabled via --marionette
1523259176014	Marionette	INFO	Listening on port 53953
1523259176192	Marionette	WARN	TLS certificate errors will be ignored for this session
Unable to read VR Path Registry from C:\Users\Administrator\AppData\Local\openvr\openvrpaths.vrpath
[Parent 13792, Gecko_IOThread] WARNING: pipe error: 109: file z:/build/build/src/ipc/chromium/src/chrome/common/ipc_channel_win.cc, line 346
Unable to read VR Path Registry from C:\Users\Administrator\AppData\Local\openvr\openvrpaths.vrpath
[Child 7248, Chrome_ChildThread] WARNING: pipe error: 109: file z:/build/build/src/ipc/chromium/src/chrome/common/ipc_channel_win.cc, line 346
[Child 7248, Chrome_ChildThread] WARNING: pipe error: 109: file z:/build/build/src/ipc/chromium/src/chrome/common/ipc_channel_win.cc, line 346
Unable to read VR Path Registry from C:\Users\Administrator\AppData\Local\openvr\openvrpaths.vrpath
[Child 11636, Chrome_ChildThread] WARNING: pipe error: 109: file z:/build/build/src/ipc/chromium/src/chrome/common/ipc_channel_win.cc, line 346
*** UTM:SVC TimerManager:registerTimer called after profile-before-change notification. Ignoring timer registration for id: telemetry_modules_ping
1523259238988	geckodriver	INFO	geckodriver 0.20.0
1523259239001	geckodriver	INFO	Listening on 127.0.0.1:53994
1523259242008	mozrunner::runner	INFO	Running command: "E:\\360Downloads\\firefox.exe" "-marionette" "--disable-gpu" "-profile" "C:\\Users\\ADMINI~1\\AppData\\Local\\Temp\\rust_mozprofile.xsxi7vS0NlxV"
1523259243156	Marionette	INFO	Enabled via --marionette
1523259245176	Marionette	INFO	Listening on port 54002
1523259245198	Marionette	WARN	TLS certificate errors will be ignored for this session
Unable to read VR Path Registry from C:\Users\Administrator\AppData\Local\openvr\openvrpaths.vrpath
[Parent 8656, Gecko_IOThread] WARNING: pipe error: 109: file z:/build/build/src/ipc/chromium/src/chrome/common/ipc_channel_win.cc, line 346
Unable to read VR Path Registry from C:\Users\Administrator\AppData\Local\openvr\openvrpaths.vrpath
[Child 13892, Chrome_ChildThread] WARNING: pipe error: 109: file z:/build/build/src/ipc/chromium/src/chrome/common/ipc_channel_win.cc, line 346
Unable to read VR Path Registry from C:\Users\Administrator\AppData\Local\openvr\openvrpaths.vrpath
[Child 10900, Chrome_ChildThread] WARNING: pipe error: 109: file z:/build/build/src/ipc/chromium/src/chrome/common/ipc_channel_win.cc, line 346
[Child 10900, Chrome_ChildThread] WARNING: pipe error: 109: file z:/build/build/src/ipc/chromium/src/chrome/common/ipc_channel_win.cc, line 346
Unable to read VR Path Registry from C:\Users\Administrator\AppData\Local\openvr\openvrpaths.vrpath
[Child 6356, Chrome_ChildThread] WARNING: pipe error: 109: file z:/build/build/src/ipc/chromium/src/chrome/common/ipc_channel_win.cc, line 346
*** UTM:SVC TimerManager:registerTimer called after profile-before-change notification. Ignoring timer registration for id: telemetry_modules_ping
1523260527404	geckodriver	INFO	geckodriver 0.20.0
1523260527416	geckodriver	INFO	Listening on 127.0.0.1:56881
1523260530427	mozrunner::runner	INFO	Running command: "E:\\360Downloads\\firefox.exe" "-marionette" "--disable-gpu" "-profile" "C:\\Users\\ADMINI~1\\AppData\\Local\\Temp\\rust_mozprofile.ZO78lu40y4tV"
1523260531580	Marionette	INFO	Enabled via --marionette
1523260534030	Marionette	INFO	Listening on port 56889
1523260534288	Marionette	WARN	TLS certificate errors will be ignored for this session
Unable to read VR Path Registry from C:\Users\Administrator\AppData\Local\openvr\openvrpaths.vrpath
[Parent 17616, Gecko_IOThread] WARNING: pipe error: 109: file z:/build/build/src/ipc/chromium/src/chrome/common/ipc_channel_win.cc, line 346
Unable to read VR Path Registry from C:\Users\Administrator\AppData\Local\openvr\openvrpaths.vrpath
[Child 15056, Chrome_ChildThread] WARNING: pipe error: 109: file z:/build/build/src/ipc/chromium/src/chrome/common/ipc_channel_win.cc, line 346
[Child 15056, ChromeUnable to read VR Path Registry from C:\Users\Administrator\AppData\Local\openvr\openvrpaths.vrpath
[Child 18276, Chrome_ChildThread] WARNING: pipe error: 109: file z:/build/build/src/ipc/chromium/src/chrome/common/ipc_channel_win.cc, line 346
Unable to read VR Path Registry from C:\Users\Administrator\AppData\Local\openvr\openvrpaths.vrpath
[Child 13892, Chrome_ChildThread] WARNING: pipe error: 109: file z:/build/build/src/ipc/chromium/src/chrome/common/ipc_channel_win.cc, line 346
[Child 13892, Chrome_ChildThread] WARNING: pipe error: 109: file z:/build/build/src/ipc/chromium/src/chrome/common/ipc_channel_win.cc, line 346
Unable to read VR Path Registry from C:\Users\Administrator\AppData\Local\openvr\openvrpaths.vrpath
[Child 19608, Chrome_ChildThread] WARNING: pipe error: 109: file z:/build/build/src/ipc/chromium/src/chrome/common/ipc_channel_win.cc, line 346
[Child 19608, Chrome_ChildThread] WARNING: pipe error: 109: file z:/build/build/src/ipc/chromium/src/chrome/common/ipc_channel_win.cc, line 346
*** UTM:SVC TimerManager:registerTimer called after profile-before-change notification. Ignoring timer registration for id: telemetry_modules_ping
Unable to read VR Path Registry from C:\Users\Administrator\AppData\Local\openvr\openvrpaths.vrpath
 WARNING: pipe error: 109: file z:/build/build/src/ipc/chromium/src/chrome/common/ipc_channel_win.cc, line 346
*** UTM:SVC TimerManager:registerTimer called after profile-before-change notification. Ignoring timer registration for id: telemetry_modules_ping
1523260642710	geckodriver	INFO	geckodriver 0.20.0
1523260642722	geckodriver	INFO	Listening on 127.0.0.1:57011
1523260645741	mozrunner::runner	INFO	Running command: "E:\\360Downloads\\firefox.exe" "-marionette" "--disable-gpu" "-profile" "C:\\Users\\ADMINI~1\\AppData\\Local\\Temp\\rust_mozprofile.0vrCiqoLYdzv"
1523260647184	Marionette	INFO	Enabled via --marionette
1523260649608	Marionette	INFO	Listening on port 57020
1523260649932	Marionette	WARN	TLS certificate errors will be ignored for this session
Unable to read VR Path Registry from C:\Users\Administrator\AppData\Local\openvr\openvrpaths.vrpath
[Parent 7756, Gecko_IOThread] WARNING: pipe error: 109: file z:/build/build/src/ipc/chromium/src/chrome/common/ipc_channel_win.cc, line 346
Unable to read VR Path Registry from C:\Users\Administrator\AppData\Local\openvr\openvrpaths.vrpath
[Child 8096, Chrome_ChildThread] WARNING: pipe error: 109: file z:/build/build/src/ipc/chromium/src/chrome/common/ipc_channel_win.cc, line 346
[Child 8096, Chrome_ChildThread] WARNING: pipe error: 109: file z:/build/build/src/ipc/chromium/src/chrome/common/ipc_channel_win.cc, line 346
1523260806508	geckodriver	INFO	geckodriver 0.20.0
1523260806523	geckodriver	INFO	Listening on 127.0.0.1:57062
1523260809530	mozrunner::runner	INFO	Running command: "E:\\360Downloads\\firefox.exe" "-marionette" "--disable-gpu" "-profile" "C:\\Users\\ADMINI~1\\AppData\\Local\\Temp\\rust_mozprofile.FqhnsYFw0lZh"
1523260811050	Marionette	INFO	Enabled via --marionette
1523260813228	Marionette	INFO	Listening on port 57074
1523260813402	Marionette	WARN	TLS certificate errors will be ignored for this session
Unable to read VR Path Registry from C:\Users\Administrator\AppData\Local\openvr\openvrpaths.vrpath
[Parent 11308, Gecko_IOThread] WARNING: pipe error: 109: file z:/build/build/src/ipc/chromium/src/chrome/common/ipc_channel_win.cc, line 346
Unable to read VR Path Registry from C:\Users\Administrator\AppData\Local\openvr\openvrpaths.vrpath
[Child 20028, Chrome_ChildThread] WARNING: pipe error: 109: file z:/build/build/src/ipc/chromium/src/chrome/common/ipc_channel_win.cc, line 346
[Child 20028, Chrome_ChildThread] WARNING: pipe error: 109: file z:/build/build/src/ipc/chromium/src/chrome/common/ipc_channel_win.cc, line 346
Unable to read VR Path Registry from C:\Users\Administrator\AppData\Local\openvr\openvrpaths.vrpath
[Child 17068, Chrome_ChildThread] WARNING: pipe error: 109: file z:/build/build/src/ipc/chromium/src/chrome/common/ipc_channel_win.cc, line 346
[Parent 11308, Gecko_IOThread] WARNING: pipe error: 109: file z:/build/build/src/ipc/chromium/src/chrome/common/ipc_channel_win.cc, line 346
Unable to read VR Path Registry from C:\Users\Administrator\AppData\Local\openvr\openvrpaths.vrpath
[Child 16664, Chrome_ChildThread] WARNING: pipe error: 109: file z:/build/build/src/ipc/chromium/src/chrome/common/ipc_channel_win.cc, line 346
[Child 16664, Chrome_ChildThread] WARNING: pipe error: 109: file z:/build/build/src/ipc/chromium/src/chrome/common/ipc_channel_win.cc, line 346
1523261010860	geckodriver	INFO	geckodriver 0.20.0
1523261010876	geckodriver	INFO	Listening on 127.0.0.1:57138
1523261013871	mozrunner::runner	INFO	Running command: "E:\\360Downloads\\firefox.exe" "-marionette" "--disable-gpu" "-profile" "C:\\Users\\ADMINI~1\\AppData\\Local\\Temp\\rust_mozprofile.FwM0axSH7ROo"
1523261014980	Marionette	INFO	Enabled via --marionette
1523261017172	Marionette	INFO	Listening on port 57146
1523261017672	Marionette	WARN	TLS certificate errors will be ignored for this session
Unable to read VR Path Registry from C:\Users\Administrator\AppData\Local\openvr\openvrpaths.vrpath
[Child 8804, Chrome_ChildThread] WARNING: pipe error: 109: file z:/build/build/src/ipc/chromium/src/chrome/common/ipc_channel_win.cc, line 346
Unable to read VR Path Registry from C:\Users\Administrator\AppData\Local\openvr\openvrpaths.vrpath
[Child 15796, Chrome_ChildThread] WARNING: pipe error: 109: file z:/build/build/src/ipc/chromium/src/chrome/common/ipc_channel_win.cc, line 346
[Child 15796, Chrome_ChildThread] WARNING: pipe error: 109: file z:/build/build/src/ipc/chromium/src/chrome/common/ipc_channel_win.cc, line 346
Unable to read VR Path Registry from C:\Users\Administrator\AppData\Local\openvr\openvrpaths.vrpath
[Parent 12064, Gecko_IOThread] WARNING: pipe error: 109: file z:/build/build/src/ipc/chromium/src/chrome/common/ipc_channel_win.cc, line 346
Unable to read VR Path Registry from C:\Users\Administrator\AppData\Local\openvr\openvrpaths.vrpath
[Child 8436, Chrome_ChildThread] WARNING: pipe error: 109: file z:/build/build/src/ipc/chromium/src/chrome/common/ipc_channel_win.cc, line 346
nel_win.cc, line 346
Unable to read VR Path Registry from C:\Users\Administrator\AppData\Local\openvr\openvrpaths.vrpath
[Parent 16344, Gecko_IOThread] WARNING: pipe error: 109: file z:/build/build/src/ipc/chromium/src/chrome/common/ipc_channel_win.cc, line 346
*** UTM:SVC TimerManager:registerTimer called after profile-before-change notification. Ignoring timer registration for id: telemetry_modules_ping
1523261129624	geckodriver	INFO	geckodriver 0.20.0
1523261129637	geckodriver	INFO	Listening on 127.0.0.1:57240
1523261132646	mozrunner::runner	INFO	Running command: "E:\\360Downloads\\firefox.exe" "-marionette" "--disable-gpu" "-profile" "C:\\Users\\ADMINI~1\\AppData\\Local\\Temp\\rust_mozprofile.YI8z52vFYUaw"
1523261133770	Marionette	INFO	Enabled via --marionette
1523261135956	Marionette	INFO	Listening on port 57248
1523261136004	Marionette	WARN	TLS certificate errors will be ignored for this session
Unable to read VR Path Registry from C:\Users\Administrator\AppData\Local\openvr\openvrpaths.vrpath
JavaScript warning: https://s3.music.126.net/web/s/core.js?6ada41836c02af3a3635a4a8917375c6, line 94: unreachable code after return statement
JavaScript warning: https://s3.music.126.net/web/s/core.js?6ada41836c02af3a3635a4a8917375c6, line 94: unreachable code after return statement
Unable to read VR Path Registry from C:\Users\Administrator\AppData\Local\openvr\openvrpaths.vrpath
[Child 7224, Chrome_ChildThread] WARNING: pipe error: 109: file z:/build/build/src/ipc/chromium/src/chrome/common/ipc_channel_win.cc, line 346
[Child 7224, Chrome_ChildThread] WARNING: pipe error: 109: file z:/build/build/src/ipc/chromium/src/chrome/common/ipc_channel_win.cc, line 346
[Child 5464, Chrome_ChildThread] WARNING: pipe error: 109: file z:/build/build/src/ipc/chromium/src/chrome/common/ipc_channel_win.cc, line 346
[Child 5464, Chrome_ChildThread] WARNING: pipe error: 109: file z:/build/build/src/ipc/chromium/src/chrome/common/ipc_channel_win.cc, line 346
Unable to read VR Path Registry from C:\Users\Administrator\AppData\Local\openvr\openvrpaths.vrpath
